<?xml version="1.0" encoding="UTF-8"?>
<coverage generated="1618478774397" clover="3.2.0">
  <project timestamp="1618478774397" name="All files">
    <metrics statements="652" coveredstatements="603" conditionals="647" coveredconditionals="540" methods="181" coveredmethods="165" elements="1480" coveredelements="1308" complexity="0" loc="652" ncloc="652" packages="54" files="83" classes="83">
      <package name="accordion.esnext">
        <metrics statements="31" coveredstatements="27" conditionals="31" coveredconditionals="15" methods="12" coveredmethods="9"/>
        <file name="accordion.jsx" path="/Users/awais/Argos/common-react-components/src/components/accordion/esnext/accordion.jsx">
          <metrics statements="11" coveredstatements="7" conditionals="10" coveredconditionals="4" methods="5" coveredmethods="2"/>
          <line num="9" count="1" type="stmt"/>
          <line num="11" count="1" type="stmt"/>
          <line num="25" count="0" type="cond" truecount="0" falsecount="2"/>
          <line num="26" count="0" type="cond" truecount="0" falsecount="2"/>
          <line num="27" count="0" type="cond" truecount="0" falsecount="2"/>
          <line num="31" count="0" type="stmt"/>
          <line num="35" count="1" type="stmt"/>
          <line num="36" count="1" type="stmt"/>
          <line num="37" count="1" type="stmt"/>
          <line num="41" count="1" type="stmt"/>
          <line num="64" count="1" type="stmt"/>
        </file>
        <file name="accordionCard.jsx" path="/Users/awais/Argos/common-react-components/src/components/accordion/esnext/accordionCard.jsx">
          <metrics statements="20" coveredstatements="20" conditionals="21" coveredconditionals="11" methods="7" coveredmethods="7"/>
          <line num="5" count="2" type="stmt"/>
          <line num="13" count="2" type="stmt"/>
          <line num="19" count="2" type="stmt"/>
          <line num="20" count="2" type="stmt"/>
          <line num="21" count="2" type="stmt"/>
          <line num="29" count="1" type="stmt"/>
          <line num="30" count="1" type="stmt"/>
          <line num="31" count="1" type="cond" truecount="2" falsecount="0"/>
          <line num="33" count="1" type="stmt"/>
          <line num="39" count="2" type="stmt"/>
          <line num="40" count="2" type="stmt"/>
          <line num="41" count="2" type="cond" truecount="2" falsecount="6"/>
          <line num="45" count="3" type="stmt"/>
          <line num="46" count="3" type="cond" truecount="2" falsecount="0"/>
          <line num="50" count="4" type="stmt"/>
          <line num="51" count="4" type="stmt"/>
          <line num="52" count="4" type="cond" truecount="2" falsecount="0"/>
          <line num="53" count="4" type="stmt"/>
          <line num="71" count="2" type="stmt"/>
          <line num="72" count="2" type="stmt"/>
        </file>
      </package>
      <package name="address.esnext">
        <metrics statements="9" coveredstatements="9" conditionals="3" coveredconditionals="3" methods="2" coveredmethods="2"/>
        <file name="Address.jsx" path="/Users/awais/Argos/common-react-components/src/components/address/esnext/Address.jsx">
          <metrics statements="9" coveredstatements="9" conditionals="3" coveredconditionals="3" methods="2" coveredmethods="2"/>
          <line num="9" count="2" type="stmt"/>
          <line num="11" count="2" type="stmt"/>
          <line num="12" count="4" type="stmt"/>
          <line num="13" count="4" type="cond" truecount="3" falsecount="0"/>
          <line num="15" count="1" type="stmt"/>
          <line num="17" count="1" type="stmt"/>
          <line num="19" count="2" type="stmt"/>
          <line num="22" count="4" type="stmt"/>
          <line num="25" count="2" type="stmt"/>
        </file>
        <file name="index.jsx" path="/Users/awais/Argos/common-react-components/src/components/address/esnext/index.jsx">
          <metrics statements="0" coveredstatements="0" conditionals="0" coveredconditionals="0" methods="0" coveredmethods="0"/>
        </file>
      </package>
      <package name="address.esnext.components.AddressCompact">
        <metrics statements="4" coveredstatements="4" conditionals="10" coveredconditionals="6" methods="1" coveredmethods="1"/>
        <file name="AddressCompact.jsx" path="/Users/awais/Argos/common-react-components/src/components/address/esnext/components/AddressCompact/AddressCompact.jsx">
          <metrics statements="4" coveredstatements="4" conditionals="10" coveredconditionals="6" methods="1" coveredmethods="1"/>
          <line num="7" count="3" type="stmt"/>
          <line num="9" count="3" type="stmt"/>
          <line num="10" count="3" type="stmt"/>
          <line num="29" count="3" type="stmt"/>
        </file>
        <file name="index.jsx" path="/Users/awais/Argos/common-react-components/src/components/address/esnext/components/AddressCompact/index.jsx">
          <metrics statements="0" coveredstatements="0" conditionals="0" coveredconditionals="0" methods="0" coveredmethods="0"/>
        </file>
      </package>
      <package name="address.esnext.components.AddressDetailed">
        <metrics statements="4" coveredstatements="4" conditionals="8" coveredconditionals="8" methods="1" coveredmethods="1"/>
        <file name="AddressDetailed.jsx" path="/Users/awais/Argos/common-react-components/src/components/address/esnext/components/AddressDetailed/AddressDetailed.jsx">
          <metrics statements="4" coveredstatements="4" conditionals="8" coveredconditionals="8" methods="1" coveredmethods="1"/>
          <line num="6" count="3" type="stmt"/>
          <line num="8" count="3" type="stmt"/>
          <line num="9" count="3" type="stmt"/>
          <line num="42" count="3" type="stmt"/>
        </file>
        <file name="index.jsx" path="/Users/awais/Argos/common-react-components/src/components/address/esnext/components/AddressDetailed/index.jsx">
          <metrics statements="0" coveredstatements="0" conditionals="0" coveredconditionals="0" methods="0" coveredmethods="0"/>
        </file>
      </package>
      <package name="address.esnext.components.AddressInline">
        <metrics statements="4" coveredstatements="4" conditionals="0" coveredconditionals="0" methods="1" coveredmethods="1"/>
        <file name="AddressInline.jsx" path="/Users/awais/Argos/common-react-components/src/components/address/esnext/components/AddressInline/AddressInline.jsx">
          <metrics statements="4" coveredstatements="4" conditionals="0" coveredconditionals="0" methods="1" coveredmethods="1"/>
          <line num="7" count="3" type="stmt"/>
          <line num="9" count="3" type="stmt"/>
          <line num="10" count="1" type="stmt"/>
          <line num="19" count="3" type="stmt"/>
        </file>
        <file name="index.jsx" path="/Users/awais/Argos/common-react-components/src/components/address/esnext/components/AddressInline/index.jsx">
          <metrics statements="0" coveredstatements="0" conditionals="0" coveredconditionals="0" methods="0" coveredmethods="0"/>
        </file>
      </package>
      <package name="button.esnext">
        <metrics statements="13" coveredstatements="13" conditionals="14" coveredconditionals="12" methods="1" coveredmethods="1"/>
        <file name="Button.jsx" path="/Users/awais/Argos/common-react-components/src/components/button/esnext/Button.jsx">
          <metrics statements="13" coveredstatements="13" conditionals="14" coveredconditionals="12" methods="1" coveredmethods="1"/>
          <line num="7" count="5" type="stmt"/>
          <line num="9" count="5" type="stmt"/>
          <line num="10" count="5" type="stmt"/>
          <line num="12" count="5" type="stmt"/>
          <line num="28" count="5" type="stmt"/>
          <line num="42" count="5" type="stmt"/>
          <line num="58" count="15" type="cond" truecount="2" falsecount="0"/>
          <line num="67" count="15" type="stmt"/>
          <line num="69" count="15" type="stmt"/>
          <line num="79" count="15" type="stmt"/>
          <line num="95" count="15" type="cond" truecount="1" falsecount="1"/>
          <line num="98" count="5" type="stmt"/>
          <line num="99" count="5" type="stmt"/>
        </file>
      </package>
      <package name="card.esnext">
        <metrics statements="30" coveredstatements="28" conditionals="51" coveredconditionals="47" methods="6" coveredmethods="5"/>
        <file name="card.jsx" path="/Users/awais/Argos/common-react-components/src/components/card/esnext/card.jsx">
          <metrics statements="30" coveredstatements="28" conditionals="51" coveredconditionals="47" methods="6" coveredmethods="5"/>
          <line num="12" count="3" type="stmt"/>
          <line num="14" count="3" type="stmt"/>
          <line num="16" count="3" type="stmt"/>
          <line num="33" count="3" type="stmt"/>
          <line num="35" count="3" type="stmt"/>
          <line num="63" count="3" type="stmt"/>
          <line num="73" count="0" type="stmt"/>
          <line num="77" count="1" type="stmt"/>
          <line num="78" count="1" type="stmt"/>
          <line num="80" count="1" type="cond" truecount="1" falsecount="1"/>
          <line num="81" count="0" type="stmt"/>
          <line num="83" count="1" type="stmt"/>
          <line num="86" count="1" type="stmt"/>
          <line num="108" count="14" type="stmt"/>
          <line num="110" count="14" type="cond" truecount="6" falsecount="0"/>
          <line num="111" count="14" type="cond" truecount="1" falsecount="1"/>
          <line num="112" count="14" type="cond" truecount="3" falsecount="0"/>
          <line num="114" count="14" type="cond" truecount="4" falsecount="0"/>
          <line num="115" count="14" type="cond" truecount="2" falsecount="0"/>
          <line num="117" count="14" type="cond" truecount="2" falsecount="0"/>
          <line num="126" count="14" type="stmt"/>
          <line num="127" count="14" type="cond" truecount="2" falsecount="0"/>
          <line num="128" count="1" type="stmt"/>
          <line num="134" count="13" type="cond" truecount="2" falsecount="0"/>
          <line num="135" count="2" type="cond" truecount="2" falsecount="0"/>
          <line num="137" count="11" type="cond" truecount="2" falsecount="0"/>
          <line num="140" count="14" type="stmt"/>
          <line num="172" count="2" type="stmt"/>
          <line num="194" count="3" type="stmt"/>
          <line num="195" count="3" type="stmt"/>
        </file>
      </package>
      <package name="chip.esnext">
        <metrics statements="4" coveredstatements="4" conditionals="4" coveredconditionals="4" methods="1" coveredmethods="1"/>
        <file name="Chip.jsx" path="/Users/awais/Argos/common-react-components/src/components/chip/esnext/Chip.jsx">
          <metrics statements="4" coveredstatements="4" conditionals="4" coveredconditionals="4" methods="1" coveredmethods="1"/>
          <line num="8" count="1" type="stmt"/>
          <line num="10" count="1" type="stmt"/>
          <line num="11" count="3" type="stmt"/>
          <line num="17" count="1" type="stmt"/>
        </file>
      </package>
      <package name="contact-details.esnext">
        <metrics statements="8" coveredstatements="8" conditionals="20" coveredconditionals="18" methods="3" coveredmethods="3"/>
        <file name="ContactDetails.jsx" path="/Users/awais/Argos/common-react-components/src/components/contact-details/esnext/ContactDetails.jsx">
          <metrics statements="8" coveredstatements="8" conditionals="20" coveredconditionals="18" methods="3" coveredmethods="3"/>
          <line num="7" count="2" type="stmt"/>
          <line num="9" count="2" type="cond" truecount="2" falsecount="1"/>
          <line num="10" count="7" type="stmt"/>
          <line num="11" count="6" type="stmt"/>
          <line num="19" count="7" type="stmt"/>
          <line num="20" count="6" type="stmt"/>
          <line num="29" count="7" type="stmt"/>
          <line num="45" count="2" type="stmt"/>
        </file>
        <file name="index.jsx" path="/Users/awais/Argos/common-react-components/src/components/contact-details/esnext/index.jsx">
          <metrics statements="0" coveredstatements="0" conditionals="0" coveredconditionals="0" methods="0" coveredmethods="0"/>
        </file>
      </package>
      <package name="credit-card-details.esnext">
        <metrics statements="15" coveredstatements="15" conditionals="16" coveredconditionals="16" methods="2" coveredmethods="2"/>
        <file name="CreditCardDetails.jsx" path="/Users/awais/Argos/common-react-components/src/components/credit-card-details/esnext/CreditCardDetails.jsx">
          <metrics statements="14" coveredstatements="14" conditionals="16" coveredconditionals="16" methods="2" coveredmethods="2"/>
          <line num="8" count="1" type="stmt"/>
          <line num="11" count="5" type="cond" truecount="2" falsecount="0"/>
          <line num="12" count="2" type="cond" truecount="2" falsecount="0"/>
          <line num="13" count="1" type="stmt"/>
          <line num="15" count="1" type="stmt"/>
          <line num="17" count="3" type="cond" truecount="2" falsecount="0"/>
          <line num="18" count="1" type="stmt"/>
          <line num="20" count="2" type="stmt"/>
          <line num="23" count="1" type="stmt"/>
          <line num="24" count="5" type="cond" truecount="2" falsecount="0"/>
          <line num="25" count="5" type="cond" truecount="2" falsecount="0"/>
          <line num="26" count="5" type="stmt"/>
          <line num="28" count="5" type="stmt"/>
          <line num="41" count="1" type="stmt"/>
        </file>
        <file name="CreditCardDetails.propTypes.js" path="/Users/awais/Argos/common-react-components/src/components/credit-card-details/esnext/CreditCardDetails.propTypes.js">
          <metrics statements="1" coveredstatements="1" conditionals="0" coveredconditionals="0" methods="0" coveredmethods="0"/>
          <line num="3" count="1" type="stmt"/>
        </file>
      </package>
      <package name="customer-marketing-preferences">
        <metrics statements="0" coveredstatements="0" conditionals="0" coveredconditionals="0" methods="0" coveredmethods="0"/>
        <file name="dummyMarketingPreferences.js" path="/Users/awais/Argos/common-react-components/src/components/customer-marketing-preferences/dummyMarketingPreferences.js">
          <metrics statements="0" coveredstatements="0" conditionals="0" coveredconditionals="0" methods="0" coveredmethods="0"/>
        </file>
      </package>
      <package name="customer-marketing-preferences.esnext">
        <metrics statements="19" coveredstatements="16" conditionals="4" coveredconditionals="3" methods="5" coveredmethods="4"/>
        <file name="CustomerMarketingPreferences.jsx" path="/Users/awais/Argos/common-react-components/src/components/customer-marketing-preferences/esnext/CustomerMarketingPreferences.jsx">
          <metrics statements="19" coveredstatements="16" conditionals="4" coveredconditionals="3" methods="5" coveredmethods="4"/>
          <line num="8" count="1" type="stmt"/>
          <line num="10" count="1" type="stmt"/>
          <line num="47" count="1" type="stmt"/>
          <line num="52" count="1" type="stmt"/>
          <line num="53" count="5" type="stmt"/>
          <line num="62" count="5" type="stmt"/>
          <line num="63" count="5" type="stmt"/>
          <line num="65" count="5" type="stmt"/>
          <line num="66" count="5" type="stmt"/>
          <line num="67" count="5" type="stmt"/>
          <line num="70" count="5" type="cond" truecount="1" falsecount="1"/>
          <line num="71" count="0" type="stmt"/>
          <line num="73" count="0" type="stmt"/>
          <line num="80" count="0" type="stmt"/>
          <line num="91" count="5" type="stmt"/>
          <line num="92" count="2" type="stmt"/>
          <line num="99" count="5" type="stmt"/>
          <line num="111" count="1" type="stmt"/>
          <line num="112" count="1" type="stmt"/>
        </file>
      </package>
      <package name="delivery-details.esnext">
        <metrics statements="7" coveredstatements="7" conditionals="11" coveredconditionals="11" methods="1" coveredmethods="1"/>
        <file name="DeliveryDetails.jsx" path="/Users/awais/Argos/common-react-components/src/components/delivery-details/esnext/DeliveryDetails.jsx">
          <metrics statements="6" coveredstatements="6" conditionals="11" coveredconditionals="11" methods="1" coveredmethods="1"/>
          <line num="11" count="1" type="stmt"/>
          <line num="13" count="1" type="cond" truecount="3" falsecount="0"/>
          <line num="14" count="6" type="stmt"/>
          <line num="15" count="6" type="stmt"/>
          <line num="17" count="6" type="stmt"/>
          <line num="49" count="1" type="stmt"/>
        </file>
        <file name="DeliveryDetails.propTypes.js" path="/Users/awais/Argos/common-react-components/src/components/delivery-details/esnext/DeliveryDetails.propTypes.js">
          <metrics statements="1" coveredstatements="1" conditionals="0" coveredconditionals="0" methods="0" coveredmethods="0"/>
          <line num="3" count="1" type="stmt"/>
        </file>
      </package>
      <package name="delivery-details.esnext.components.delivery-tracking">
        <metrics statements="24" coveredstatements="24" conditionals="37" coveredconditionals="29" methods="3" coveredmethods="3"/>
        <file name="DeliveryGraph.jsx" path="/Users/awais/Argos/common-react-components/src/components/delivery-details/esnext/components/delivery-tracking/DeliveryGraph.jsx">
          <metrics statements="20" coveredstatements="20" conditionals="16" coveredconditionals="8" methods="2" coveredmethods="2"/>
          <line num="7" count="3" type="stmt"/>
          <line num="8" count="1" type="cond" truecount="1" falsecount="1"/>
          <line num="11" count="1" type="stmt"/>
          <line num="27" count="1" type="stmt"/>
          <line num="28" count="1" type="stmt"/>
          <line num="34" count="1" type="stmt"/>
          <line num="35" count="1" type="stmt"/>
          <line num="37" count="1" type="stmt"/>
          <line num="38" count="1" type="stmt"/>
          <line num="40" count="1" type="stmt"/>
          <line num="41" count="1" type="cond" truecount="1" falsecount="3"/>
          <line num="43" count="1" type="stmt"/>
          <line num="45" count="1" type="cond" truecount="1" falsecount="1"/>
          <line num="46" count="1" type="cond" truecount="1" falsecount="1"/>
          <line num="47" count="1" type="stmt"/>
          <line num="49" count="1" type="stmt"/>
          <line num="51" count="1" type="stmt"/>
          <line num="53" count="1" type="stmt"/>
          <line num="55" count="1" type="stmt"/>
          <line num="78" count="3" type="stmt"/>
        </file>
        <file name="DeliveryTracking.jsx" path="/Users/awais/Argos/common-react-components/src/components/delivery-details/esnext/components/delivery-tracking/DeliveryTracking.jsx">
          <metrics statements="4" coveredstatements="4" conditionals="21" coveredconditionals="21" methods="1" coveredmethods="1"/>
          <line num="9" count="2" type="stmt"/>
          <line num="11" count="2" type="stmt"/>
          <line num="21" count="5" type="stmt"/>
          <line num="77" count="2" type="stmt"/>
        </file>
        <file name="index.jsx" path="/Users/awais/Argos/common-react-components/src/components/delivery-details/esnext/components/delivery-tracking/index.jsx">
          <metrics statements="0" coveredstatements="0" conditionals="0" coveredconditionals="0" methods="0" coveredmethods="0"/>
        </file>
      </package>
      <package name="dot.esnext">
        <metrics statements="5" coveredstatements="5" conditionals="0" coveredconditionals="0" methods="1" coveredmethods="1"/>
        <file name="Dot.jsx" path="/Users/awais/Argos/common-react-components/src/components/dot/esnext/Dot.jsx">
          <metrics statements="5" coveredstatements="5" conditionals="0" coveredconditionals="0" methods="1" coveredmethods="1"/>
          <line num="6" count="1" type="stmt"/>
          <line num="8" count="1" type="stmt"/>
          <line num="9" count="3" type="stmt"/>
          <line num="14" count="1" type="stmt"/>
          <line num="19" count="1" type="stmt"/>
        </file>
      </package>
      <package name="example-package">
        <metrics statements="7" coveredstatements="7" conditionals="2" coveredconditionals="2" methods="1" coveredmethods="1"/>
        <file name="Example.jsx" path="/Users/awais/Argos/common-react-components/src/components/example-package/Example.jsx">
          <metrics statements="7" coveredstatements="7" conditionals="2" coveredconditionals="2" methods="1" coveredmethods="1"/>
          <line num="6" count="1" type="stmt"/>
          <line num="8" count="1" type="stmt"/>
          <line num="14" count="1" type="stmt"/>
          <line num="19" count="1" type="stmt"/>
          <line num="20" count="3" type="stmt"/>
          <line num="34" count="1" type="stmt"/>
          <line num="35" count="1" type="stmt"/>
        </file>
      </package>
      <package name="icon-label-value.esnext">
        <metrics statements="14" coveredstatements="12" conditionals="24" coveredconditionals="19" methods="5" coveredmethods="4"/>
        <file name="IconLabelValue.jsx" path="/Users/awais/Argos/common-react-components/src/components/icon-label-value/esnext/IconLabelValue.jsx">
          <metrics statements="14" coveredstatements="12" conditionals="24" coveredconditionals="19" methods="5" coveredmethods="4"/>
          <line num="10" count="18" type="stmt"/>
          <line num="12" count="18" type="stmt"/>
          <line num="13" count="14" type="stmt"/>
          <line num="16" count="1" type="cond" truecount="2" falsecount="4"/>
          <line num="17" count="0" type="stmt"/>
          <line num="18" count="1" type="cond" truecount="1" falsecount="1"/>
          <line num="19" count="1" type="stmt"/>
          <line num="23" count="14" type="cond" truecount="2" falsecount="0"/>
          <line num="28" count="4" type="stmt"/>
          <line num="31" count="0" type="stmt"/>
          <line num="38" count="14" type="cond" truecount="2" falsecount="0"/>
          <line num="45" count="14" type="stmt"/>
          <line num="49" count="1" type="stmt"/>
          <line num="58" count="18" type="stmt"/>
        </file>
        <file name="index.jsx" path="/Users/awais/Argos/common-react-components/src/components/icon-label-value/esnext/index.jsx">
          <metrics statements="0" coveredstatements="0" conditionals="0" coveredconditionals="0" methods="0" coveredmethods="0"/>
        </file>
      </package>
      <package name="icon.esnext">
        <metrics statements="6" coveredstatements="6" conditionals="6" coveredconditionals="6" methods="1" coveredmethods="1"/>
        <file name="Icon.jsx" path="/Users/awais/Argos/common-react-components/src/components/icon/esnext/Icon.jsx">
          <metrics statements="6" coveredstatements="6" conditionals="6" coveredconditionals="6" methods="1" coveredmethods="1"/>
          <line num="6" count="30" type="stmt"/>
          <line num="7" count="8" type="stmt"/>
          <line num="8" count="8" type="cond" truecount="2" falsecount="0"/>
          <line num="9" count="8" type="stmt"/>
          <line num="20" count="30" type="stmt"/>
          <line num="29" count="30" type="stmt"/>
        </file>
      </package>
      <package name="input-selection.esnext">
        <metrics statements="8" coveredstatements="8" conditionals="2" coveredconditionals="2" methods="1" coveredmethods="1"/>
        <file name="InputSelection.jsx" path="/Users/awais/Argos/common-react-components/src/components/input-selection/esnext/InputSelection.jsx">
          <metrics statements="8" coveredstatements="8" conditionals="2" coveredconditionals="2" methods="1" coveredmethods="1"/>
          <line num="6" count="2" type="stmt"/>
          <line num="17" count="2" type="stmt"/>
          <line num="21" count="2" type="stmt"/>
          <line num="22" count="5" type="stmt"/>
          <line num="23" count="5" type="stmt"/>
          <line num="24" count="5" type="stmt"/>
          <line num="42" count="2" type="stmt"/>
          <line num="43" count="2" type="stmt"/>
        </file>
      </package>
      <package name="loading.esnext">
        <metrics statements="7" coveredstatements="7" conditionals="6" coveredconditionals="4" methods="1" coveredmethods="1"/>
        <file name="Loading.js" path="/Users/awais/Argos/common-react-components/src/components/loading/esnext/Loading.js">
          <metrics statements="7" coveredstatements="7" conditionals="6" coveredconditionals="4" methods="1" coveredmethods="1"/>
          <line num="18" count="4" type="stmt"/>
          <line num="19" count="5" type="stmt"/>
          <line num="20" count="5" type="cond" truecount="2" falsecount="0"/>
          <line num="21" count="5" type="cond" truecount="1" falsecount="1"/>
          <line num="23" count="5" type="stmt"/>
          <line num="35" count="4" type="stmt"/>
          <line num="43" count="4" type="stmt"/>
        </file>
        <file name="index.jsx" path="/Users/awais/Argos/common-react-components/src/components/loading/esnext/index.jsx">
          <metrics statements="0" coveredstatements="0" conditionals="0" coveredconditionals="0" methods="0" coveredmethods="0"/>
        </file>
      </package>
      <package name="modal.esnext">
        <metrics statements="7" coveredstatements="7" conditionals="20" coveredconditionals="20" methods="1" coveredmethods="1"/>
        <file name="Modal.jsx" path="/Users/awais/Argos/common-react-components/src/components/modal/esnext/Modal.jsx">
          <metrics statements="7" coveredstatements="7" conditionals="20" coveredconditionals="20" methods="1" coveredmethods="1"/>
          <line num="10" count="1" type="stmt"/>
          <line num="33" count="1" type="stmt"/>
          <line num="35" count="1" type="stmt"/>
          <line num="49" count="8" type="cond" truecount="3" falsecount="0"/>
          <line num="51" count="8" type="cond" truecount="3" falsecount="0"/>
          <line num="53" count="8" type="stmt"/>
          <line num="102" count="1" type="stmt"/>
        </file>
      </package>
      <package name="notification.esnext">
        <metrics statements="10" coveredstatements="10" conditionals="0" coveredconditionals="0" methods="1" coveredmethods="1"/>
        <file name="Notification.jsx" path="/Users/awais/Argos/common-react-components/src/components/notification/esnext/Notification.jsx">
          <metrics statements="10" coveredstatements="10" conditionals="0" coveredconditionals="0" methods="1" coveredmethods="1"/>
          <line num="7" count="3" type="stmt"/>
          <line num="9" count="3" type="stmt"/>
          <line num="10" count="3" type="stmt"/>
          <line num="12" count="3" type="stmt"/>
          <line num="17" count="3" type="stmt"/>
          <line num="22" count="3" type="stmt"/>
          <line num="23" count="7" type="stmt"/>
          <line num="25" count="7" type="stmt"/>
          <line num="33" count="3" type="stmt"/>
          <line num="34" count="3" type="stmt"/>
        </file>
      </package>
      <package name="pagination-matrix.esnext">
        <metrics statements="56" coveredstatements="51" conditionals="68" coveredconditionals="56" methods="13" coveredmethods="13"/>
        <file name="PaginationMatrix.jsx" path="/Users/awais/Argos/common-react-components/src/components/pagination-matrix/esnext/PaginationMatrix.jsx">
          <metrics statements="56" coveredstatements="51" conditionals="68" coveredconditionals="56" methods="13" coveredmethods="13"/>
          <line num="14" count="10" type="cond" truecount="2" falsecount="0"/>
          <line num="15" count="10" type="cond" truecount="2" falsecount="0"/>
          <line num="16" count="10" type="cond" truecount="2" falsecount="0"/>
          <line num="18" count="10" type="stmt"/>
          <line num="19" count="10" type="stmt"/>
          <line num="20" count="10" type="stmt"/>
          <line num="22" count="10" type="stmt"/>
          <line num="24" count="10" type="cond" truecount="2" falsecount="3"/>
          <line num="25" count="0" type="stmt"/>
          <line num="32" count="10" type="cond" truecount="2" falsecount="2"/>
          <line num="33" count="0" type="stmt"/>
          <line num="40" count="10" type="cond" truecount="4" falsecount="0"/>
          <line num="41" count="5" type="cond" truecount="1" falsecount="1"/>
          <line num="42" count="0" type="stmt"/>
          <line num="49" count="10" type="cond" truecount="3" falsecount="1"/>
          <line num="50" count="10" type="stmt"/>
          <line num="51" count="14" type="cond" truecount="1" falsecount="1"/>
          <line num="52" count="0" type="stmt"/>
          <line num="60" count="6" type="cond" truecount="2" falsecount="0"/>
          <line num="63" count="1" type="stmt"/>
          <line num="107" count="1" type="stmt"/>
          <line num="121" count="1" type="stmt"/>
          <line num="125" count="10" type="stmt"/>
          <line num="126" count="10" type="stmt"/>
          <line num="136" count="10" type="stmt"/>
          <line num="137" count="10" type="stmt"/>
          <line num="138" count="10" type="stmt"/>
          <line num="139" count="10" type="stmt"/>
          <line num="143" count="3" type="cond" truecount="3" falsecount="1"/>
          <line num="144" count="0" type="stmt"/>
          <line num="149" count="1" type="stmt"/>
          <line num="153" count="2" type="stmt"/>
          <line num="160" count="3" type="stmt"/>
          <line num="161" count="3" type="stmt"/>
          <line num="167" count="3" type="cond" truecount="2" falsecount="0"/>
          <line num="168" count="3" type="stmt"/>
          <line num="169" count="3" type="stmt"/>
          <line num="177" count="3" type="cond" truecount="4" falsecount="1"/>
          <line num="178" count="2" type="stmt"/>
          <line num="183" count="1" type="stmt"/>
          <line num="188" count="1" type="stmt"/>
          <line num="190" count="1" type="stmt"/>
          <line num="208" count="13" type="stmt"/>
          <line num="209" count="13" type="stmt"/>
          <line num="211" count="13" type="stmt"/>
          <line num="213" count="13" type="cond" truecount="2" falsecount="0"/>
          <line num="225" count="13" type="cond" truecount="2" falsecount="0"/>
          <line num="227" count="23" type="stmt"/>
          <line num="242" count="13" type="cond" truecount="3" falsecount="1"/>
          <line num="243" count="13" type="stmt"/>
          <line num="244" count="13" type="cond" truecount="2" falsecount="0"/>
          <line num="247" count="13" type="stmt"/>
          <line num="252" count="13" type="stmt"/>
          <line num="286" count="13" type="cond" truecount="3" falsecount="1"/>
          <line num="290" count="1" type="stmt"/>
          <line num="291" count="1" type="stmt"/>
        </file>
      </package>
      <package name="pagination-matrix.esnext.components.matrix-cell">
        <metrics statements="8" coveredstatements="8" conditionals="13" coveredconditionals="9" methods="2" coveredmethods="2"/>
        <file name="MatrixCell.jsx" path="/Users/awais/Argos/common-react-components/src/components/pagination-matrix/esnext/components/matrix-cell/MatrixCell.jsx">
          <metrics statements="8" coveredstatements="8" conditionals="13" coveredconditionals="9" methods="2" coveredmethods="2"/>
          <line num="18" count="3" type="stmt"/>
          <line num="20" count="3" type="stmt"/>
          <line num="22" count="3" type="stmt"/>
          <line num="23" count="6" type="cond" truecount="1" falsecount="4"/>
          <line num="24" count="6" type="cond" truecount="2" falsecount="0"/>
          <line num="26" count="6" type="stmt"/>
          <line num="30" count="1" type="cond" truecount="4" falsecount="0"/>
          <line num="37" count="3" type="stmt"/>
        </file>
      </package>
      <package name="pagination-matrix.esnext.components.matrix-headings">
        <metrics statements="6" coveredstatements="6" conditionals="7" coveredconditionals="6" methods="2" coveredmethods="2"/>
        <file name="MatrixHeadings.jsx" path="/Users/awais/Argos/common-react-components/src/components/pagination-matrix/esnext/components/matrix-headings/MatrixHeadings.jsx">
          <metrics statements="6" coveredstatements="6" conditionals="7" coveredconditionals="6" methods="2" coveredmethods="2"/>
          <line num="17" count="2" type="stmt"/>
          <line num="19" count="2" type="stmt"/>
          <line num="20" count="2" type="stmt"/>
          <line num="23" count="8" type="cond" truecount="3" falsecount="0"/>
          <line num="35" count="2" type="stmt"/>
          <line num="43" count="2" type="stmt"/>
        </file>
      </package>
      <package name="pagination-matrix.esnext.components.matrix-row">
        <metrics statements="8" coveredstatements="8" conditionals="9" coveredconditionals="9" methods="2" coveredmethods="2"/>
        <file name="MatrixRow.jsx" path="/Users/awais/Argos/common-react-components/src/components/pagination-matrix/esnext/components/matrix-row/MatrixRow.jsx">
          <metrics statements="8" coveredstatements="8" conditionals="9" coveredconditionals="9" methods="2" coveredmethods="2"/>
          <line num="20" count="2" type="stmt"/>
          <line num="22" count="2" type="stmt"/>
          <line num="32" count="2" type="stmt"/>
          <line num="34" count="2" type="cond" truecount="2" falsecount="0"/>
          <line num="44" count="2" type="stmt"/>
          <line num="47" count="8" type="cond" truecount="3" falsecount="0"/>
          <line num="61" count="2" type="stmt"/>
          <line num="69" count="2" type="stmt"/>
        </file>
      </package>
      <package name="pane.esnext">
        <metrics statements="12" coveredstatements="12" conditionals="22" coveredconditionals="22" methods="4" coveredmethods="4"/>
        <file name="pane.jsx" path="/Users/awais/Argos/common-react-components/src/components/pane/esnext/pane.jsx">
          <metrics statements="12" coveredstatements="12" conditionals="22" coveredconditionals="22" methods="4" coveredmethods="4"/>
          <line num="8" count="2" type="stmt"/>
          <line num="10" count="2" type="stmt"/>
          <line num="31" count="4" type="stmt"/>
          <line num="32" count="4" type="cond" truecount="2" falsecount="0"/>
          <line num="33" count="1" type="stmt"/>
          <line num="38" count="12" type="stmt"/>
          <line num="39" count="12" type="stmt"/>
          <line num="41" count="12" type="cond" truecount="2" falsecount="0"/>
          <line num="43" count="12" type="stmt"/>
          <line num="44" count="2" type="stmt"/>
          <line num="49" count="12" type="stmt"/>
          <line num="74" count="2" type="stmt"/>
        </file>
      </package>
      <package name="popover.esnext">
        <metrics statements="47" coveredstatements="32" conditionals="18" coveredconditionals="5" methods="8" coveredmethods="8"/>
        <file name="Popover.js" path="/Users/awais/Argos/common-react-components/src/components/popover/esnext/Popover.js">
          <metrics statements="47" coveredstatements="32" conditionals="18" coveredconditionals="5" methods="8" coveredmethods="8"/>
          <line num="6" count="1" type="stmt"/>
          <line num="7" count="1" type="stmt"/>
          <line num="11" count="4" type="stmt"/>
          <line num="13" count="4" type="stmt"/>
          <line num="14" count="4" type="stmt"/>
          <line num="16" count="4" type="stmt"/>
          <line num="25" count="4" type="stmt"/>
          <line num="26" count="4" type="stmt"/>
          <line num="27" count="4" type="stmt"/>
          <line num="31" count="8" type="stmt"/>
          <line num="32" count="8" type="cond" truecount="1" falsecount="1"/>
          <line num="33" count="0" type="stmt"/>
          <line num="37" count="4" type="stmt"/>
          <line num="40" count="1" type="stmt"/>
          <line num="41" count="1" type="stmt"/>
          <line num="44" count="1" type="stmt"/>
          <line num="47" count="1" type="stmt"/>
          <line num="48" count="1" type="stmt"/>
          <line num="49" count="1" type="stmt"/>
          <line num="50" count="1" type="stmt"/>
          <line num="51" count="1" type="stmt"/>
          <line num="52" count="1" type="stmt"/>
          <line num="53" count="1" type="stmt"/>
          <line num="54" count="1" type="stmt"/>
          <line num="56" count="1" type="cond" truecount="1" falsecount="1"/>
          <line num="57" count="0" type="cond" truecount="0" falsecount="2"/>
          <line num="58" count="0" type="stmt"/>
          <line num="59" count="0" type="cond" truecount="0" falsecount="2"/>
          <line num="60" count="0" type="stmt"/>
          <line num="61" count="0" type="cond" truecount="0" falsecount="2"/>
          <line num="62" count="0" type="stmt"/>
          <line num="63" count="0" type="cond" truecount="0" falsecount="2"/>
          <line num="64" count="0" type="stmt"/>
          <line num="68" count="1" type="cond" truecount="1" falsecount="3"/>
          <line num="70" count="1" type="stmt"/>
          <line num="74" count="1" type="stmt"/>
          <line num="77" count="0" type="stmt"/>
          <line num="81" count="0" type="stmt"/>
          <line num="84" count="0" type="stmt"/>
          <line num="88" count="0" type="stmt"/>
          <line num="91" count="0" type="stmt"/>
          <line num="95" count="0" type="stmt"/>
          <line num="100" count="12" type="stmt"/>
          <line num="101" count="12" type="stmt"/>
          <line num="103" count="12" type="stmt"/>
          <line num="117" count="1" type="stmt"/>
          <line num="121" count="1" type="stmt"/>
        </file>
      </package>
      <package name="portal.esnext">
        <metrics statements="7" coveredstatements="5" conditionals="0" coveredconditionals="0" methods="1" coveredmethods="1"/>
        <file name="Portal.jsx" path="/Users/awais/Argos/common-react-components/src/components/portal/esnext/Portal.jsx">
          <metrics statements="7" coveredstatements="5" conditionals="0" coveredconditionals="0" methods="1" coveredmethods="1"/>
          <line num="4" count="2" type="stmt"/>
          <line num="5" count="2" type="stmt"/>
          <line num="6" count="2" type="stmt"/>
          <line num="8" count="0" type="stmt"/>
          <line num="9" count="0" type="stmt"/>
          <line num="13" count="2" type="stmt"/>
          <line num="18" count="2" type="stmt"/>
        </file>
      </package>
      <package name="reason-picker.esnext">
        <metrics statements="20" coveredstatements="19" conditionals="10" coveredconditionals="8" methods="12" coveredmethods="8"/>
        <file name="ReasonPicker.data.js" path="/Users/awais/Argos/common-react-components/src/components/reason-picker/esnext/ReasonPicker.data.js">
          <metrics statements="2" coveredstatements="2" conditionals="0" coveredconditionals="0" methods="0" coveredmethods="0"/>
          <line num="1" count="1" type="stmt"/>
          <line num="45" count="1" type="stmt"/>
        </file>
        <file name="ReasonPicker.jsx" path="/Users/awais/Argos/common-react-components/src/components/reason-picker/esnext/ReasonPicker.jsx">
          <metrics statements="18" coveredstatements="17" conditionals="10" coveredconditionals="8" methods="12" coveredmethods="8"/>
          <line num="8" count="1" type="stmt"/>
          <line num="10" count="1" type="stmt"/>
          <line num="20" count="4" type="stmt"/>
          <line num="21" count="2" type="stmt"/>
          <line num="22" count="4" type="cond" truecount="1" falsecount="1"/>
          <line num="24" count="2" type="stmt"/>
          <line num="28" count="1" type="stmt"/>
          <line num="30" count="8" type="stmt"/>
          <line num="31" count="8" type="stmt"/>
          <line num="41" count="4" type="stmt"/>
          <line num="43" count="4" type="stmt"/>
          <line num="47" count="12" type="stmt"/>
          <line num="48" count="12" type="stmt"/>
          <line num="56" count="0" type="stmt"/>
          <line num="59" count="24" type="stmt"/>
          <line num="76" count="1" type="stmt"/>
          <line num="90" count="1" type="stmt"/>
          <line num="119" count="1" type="stmt"/>
        </file>
      </package>
      <package name="select.esnext">
        <metrics statements="11" coveredstatements="11" conditionals="14" coveredconditionals="13" methods="3" coveredmethods="3"/>
        <file name="Select.jsx" path="/Users/awais/Argos/common-react-components/src/components/select/esnext/Select.jsx">
          <metrics statements="11" coveredstatements="11" conditionals="14" coveredconditionals="13" methods="3" coveredmethods="3"/>
          <line num="7" count="1" type="stmt"/>
          <line num="9" count="1" type="stmt"/>
          <line num="31" count="1" type="stmt"/>
          <line num="57" count="19" type="stmt"/>
          <line num="58" count="19" type="stmt"/>
          <line num="59" count="19" type="stmt"/>
          <line num="61" count="19" type="stmt"/>
          <line num="85" count="4" type="stmt"/>
          <line num="89" count="54" type="stmt"/>
          <line num="102" count="1" type="stmt"/>
          <line num="103" count="1" type="stmt"/>
        </file>
      </package>
      <package name="stepper.esnext">
        <metrics statements="28" coveredstatements="27" conditionals="8" coveredconditionals="7" methods="10" coveredmethods="10"/>
        <file name="Stepper.jsx" path="/Users/awais/Argos/common-react-components/src/components/stepper/esnext/Stepper.jsx">
          <metrics statements="28" coveredstatements="27" conditionals="8" coveredconditionals="7" methods="10" coveredmethods="10"/>
          <line num="12" count="1" type="stmt"/>
          <line num="15" count="8" type="stmt"/>
          <line num="21" count="8" type="stmt"/>
          <line num="30" count="8" type="stmt"/>
          <line num="31" count="8" type="stmt"/>
          <line num="32" count="8" type="stmt"/>
          <line num="33" count="8" type="stmt"/>
          <line num="37" count="18" type="stmt"/>
          <line num="38" count="18" type="cond" truecount="2" falsecount="0"/>
          <line num="40" count="2" type="stmt"/>
          <line num="41" count="2" type="cond" truecount="2" falsecount="0"/>
          <line num="46" count="1" type="stmt"/>
          <line num="49" count="18" type="stmt"/>
          <line num="58" count="1" type="stmt"/>
          <line num="62" count="1" type="stmt"/>
          <line num="70" count="1" type="stmt"/>
          <line num="76" count="1" type="stmt"/>
          <line num="82" count="1" type="stmt"/>
          <line num="88" count="9" type="stmt"/>
          <line num="89" count="9" type="cond" truecount="1" falsecount="1"/>
          <line num="90" count="0" type="stmt"/>
          <line num="102" count="15" type="stmt"/>
          <line num="109" count="15" type="stmt"/>
          <line num="113" count="15" type="cond" truecount="2" falsecount="0"/>
          <line num="115" count="15" type="stmt"/>
          <line num="149" count="45" type="stmt"/>
          <line num="163" count="1" type="stmt"/>
          <line num="207" count="1" type="stmt"/>
        </file>
      </package>
      <package name="stepper.esnext.components.stepper-content">
        <metrics statements="12" coveredstatements="12" conditionals="8" coveredconditionals="8" methods="3" coveredmethods="3"/>
        <file name="StepperContent.jsx" path="/Users/awais/Argos/common-react-components/src/components/stepper/esnext/components/stepper-content/StepperContent.jsx">
          <metrics statements="12" coveredstatements="12" conditionals="8" coveredconditionals="8" methods="3" coveredmethods="3"/>
          <line num="4" count="2" type="stmt"/>
          <line num="5" count="5" type="cond" truecount="2" falsecount="0"/>
          <line num="6" count="2" type="stmt"/>
          <line num="8" count="3" type="cond" truecount="2" falsecount="0"/>
          <line num="9" count="2" type="stmt"/>
          <line num="11" count="1" type="stmt"/>
          <line num="14" count="2" type="stmt"/>
          <line num="23" count="2" type="stmt"/>
          <line num="24" count="6" type="cond" truecount="4" falsecount="0"/>
          <line num="25" count="5" type="stmt"/>
          <line num="35" count="1" type="stmt"/>
          <line num="38" count="2" type="stmt"/>
        </file>
        <file name="index.jsx" path="/Users/awais/Argos/common-react-components/src/components/stepper/esnext/components/stepper-content/index.jsx">
          <metrics statements="0" coveredstatements="0" conditionals="0" coveredconditionals="0" methods="0" coveredmethods="0"/>
        </file>
      </package>
      <package name="stepper.esnext.components.stepper-sidebar">
        <metrics statements="12" coveredstatements="12" conditionals="24" coveredconditionals="20" methods="5" coveredmethods="5"/>
        <file name="StepperSidebar.jsx" path="/Users/awais/Argos/common-react-components/src/components/stepper/esnext/components/stepper-sidebar/StepperSidebar.jsx">
          <metrics statements="12" coveredstatements="12" conditionals="24" coveredconditionals="20" methods="5" coveredmethods="5"/>
          <line num="11" count="2" type="stmt"/>
          <line num="13" count="2" type="stmt"/>
          <line num="26" count="7" type="stmt"/>
          <line num="27" count="1" type="stmt"/>
          <line num="38" count="1" type="cond" truecount="1" falsecount="1"/>
          <line num="49" count="21" type="stmt"/>
          <line num="50" count="21" type="stmt"/>
          <line num="66" count="2" type="cond" truecount="1" falsecount="1"/>
          <line num="67" count="2" type="cond" truecount="5" falsecount="0"/>
          <line num="68" count="1" type="stmt"/>
          <line num="78" count="2" type="stmt"/>
          <line num="123" count="2" type="stmt"/>
        </file>
        <file name="index.jsx" path="/Users/awais/Argos/common-react-components/src/components/stepper/esnext/components/stepper-sidebar/index.jsx">
          <metrics statements="0" coveredstatements="0" conditionals="0" coveredconditionals="0" methods="0" coveredmethods="0"/>
        </file>
      </package>
      <package name="stepper.esnext.components.stepper-sidebar.components.nav-bar">
        <metrics statements="4" coveredstatements="4" conditionals="0" coveredconditionals="0" methods="2" coveredmethods="2"/>
        <file name="NavBar.jsx" path="/Users/awais/Argos/common-react-components/src/components/stepper/esnext/components/stepper-sidebar/components/nav-bar/NavBar.jsx">
          <metrics statements="4" coveredstatements="4" conditionals="0" coveredconditionals="0" methods="2" coveredmethods="2"/>
          <line num="4" count="3" type="stmt"/>
          <line num="5" count="2" type="stmt"/>
          <line num="7" count="6" type="stmt"/>
          <line num="14" count="3" type="stmt"/>
        </file>
        <file name="index.jsx" path="/Users/awais/Argos/common-react-components/src/components/stepper/esnext/components/stepper-sidebar/components/nav-bar/index.jsx">
          <metrics statements="0" coveredstatements="0" conditionals="0" coveredconditionals="0" methods="0" coveredmethods="0"/>
        </file>
      </package>
      <package name="stepper.esnext.components.stepper-sidebar.components.nav-bar.components.nav-item">
        <metrics statements="7" coveredstatements="7" conditionals="19" coveredconditionals="19" methods="2" coveredmethods="2"/>
        <file name="NavItem.jsx" path="/Users/awais/Argos/common-react-components/src/components/stepper/esnext/components/stepper-sidebar/components/nav-bar/components/nav-item/NavItem.jsx">
          <metrics statements="7" coveredstatements="7" conditionals="19" coveredconditionals="19" methods="2" coveredmethods="2"/>
          <line num="10" count="4" type="stmt"/>
          <line num="12" count="4" type="stmt"/>
          <line num="27" count="14" type="stmt"/>
          <line num="32" count="14" type="stmt"/>
          <line num="33" count="1" type="stmt"/>
          <line num="57" count="4" type="stmt"/>
          <line num="111" count="4" type="stmt"/>
        </file>
        <file name="constants.js" path="/Users/awais/Argos/common-react-components/src/components/stepper/esnext/components/stepper-sidebar/components/nav-bar/components/nav-item/constants.js">
          <metrics statements="0" coveredstatements="0" conditionals="0" coveredconditionals="0" methods="0" coveredmethods="0"/>
        </file>
        <file name="index.jsx" path="/Users/awais/Argos/common-react-components/src/components/stepper/esnext/components/stepper-sidebar/components/nav-bar/components/nav-item/index.jsx">
          <metrics statements="0" coveredstatements="0" conditionals="0" coveredconditionals="0" methods="0" coveredmethods="0"/>
        </file>
      </package>
      <package name="stepper.esnext.components.stepper-stage">
        <metrics statements="14" coveredstatements="14" conditionals="16" coveredconditionals="16" methods="10" coveredmethods="9"/>
        <file name="StepperStage.jsx" path="/Users/awais/Argos/common-react-components/src/components/stepper/esnext/components/stepper-stage/StepperStage.jsx">
          <metrics statements="14" coveredstatements="14" conditionals="16" coveredconditionals="16" methods="10" coveredmethods="9"/>
          <line num="15" count="5" type="stmt"/>
          <line num="21" count="11" type="stmt"/>
          <line num="22" count="11" type="stmt"/>
          <line num="26" count="12" type="stmt"/>
          <line num="34" count="12" type="stmt"/>
          <line num="38" count="5" type="cond" truecount="2" falsecount="0"/>
          <line num="42" count="1" type="stmt"/>
          <line num="60" count="14" type="stmt"/>
          <line num="62" count="14" type="stmt"/>
          <line num="67" count="14" type="stmt"/>
          <line num="72" count="1" type="cond" truecount="4" falsecount="0"/>
          <line num="91" count="1" type="stmt"/>
          <line num="100" count="5" type="stmt"/>
          <line num="152" count="5" type="stmt"/>
        </file>
        <file name="index.jsx" path="/Users/awais/Argos/common-react-components/src/components/stepper/esnext/components/stepper-stage/index.jsx">
          <metrics statements="0" coveredstatements="0" conditionals="0" coveredconditionals="0" methods="0" coveredmethods="0"/>
        </file>
      </package>
      <package name="stepper.esnext.helpers">
        <metrics statements="1" coveredstatements="1" conditionals="0" coveredconditionals="0" methods="1" coveredmethods="1"/>
        <file name="StepperFunctions.js" path="/Users/awais/Argos/common-react-components/src/components/stepper/esnext/helpers/StepperFunctions.js">
          <metrics statements="1" coveredstatements="1" conditionals="0" coveredconditionals="0" methods="1" coveredmethods="1"/>
          <line num="11" count="1" type="stmt"/>
        </file>
      </package>
      <package name="store-lookup.esnext">
        <metrics statements="17" coveredstatements="14" conditionals="6" coveredconditionals="5" methods="9" coveredmethods="7"/>
        <file name="StoreLookup.js" path="/Users/awais/Argos/common-react-components/src/components/store-lookup/esnext/StoreLookup.js">
          <metrics statements="17" coveredstatements="14" conditionals="6" coveredconditionals="5" methods="9" coveredmethods="7"/>
          <line num="10" count="1" type="stmt"/>
          <line num="12" count="1" type="stmt"/>
          <line num="19" count="1" type="stmt"/>
          <line num="23" count="5" type="cond" truecount="1" falsecount="1"/>
          <line num="24" count="0" type="stmt"/>
          <line num="29" count="1" type="stmt"/>
          <line num="30" count="1" type="stmt"/>
          <line num="31" count="1" type="stmt"/>
          <line num="33" count="1" type="stmt"/>
          <line num="38" count="1" type="stmt"/>
          <line num="40" count="0" type="stmt"/>
          <line num="49" count="0" type="stmt"/>
          <line num="55" count="1" type="stmt"/>
          <line num="60" count="6" type="stmt"/>
          <line num="61" count="6" type="stmt"/>
          <line num="63" count="6" type="cond" truecount="2" falsecount="0"/>
          <line num="79" count="1" type="stmt"/>
        </file>
        <file name="StoreLookup.propTypes.js" path="/Users/awais/Argos/common-react-components/src/components/store-lookup/esnext/StoreLookup.propTypes.js">
          <metrics statements="0" coveredstatements="0" conditionals="0" coveredconditionals="0" methods="0" coveredmethods="0"/>
        </file>
      </package>
      <package name="store-lookup.esnext.components.store-details">
        <metrics statements="16" coveredstatements="13" conditionals="6" coveredconditionals="4" methods="5" coveredmethods="2"/>
        <file name="StoreDetails.js" path="/Users/awais/Argos/common-react-components/src/components/store-lookup/esnext/components/store-details/StoreDetails.js">
          <metrics statements="16" coveredstatements="13" conditionals="6" coveredconditionals="4" methods="5" coveredmethods="2"/>
          <line num="8" count="3" type="stmt"/>
          <line num="10" count="3" type="stmt"/>
          <line num="11" count="6" type="stmt"/>
          <line num="12" count="6" type="stmt"/>
          <line num="14" count="6" type="stmt"/>
          <line num="15" count="6" type="stmt"/>
          <line num="16" count="42" type="stmt"/>
          <line num="19" count="6" type="stmt"/>
          <line num="20" count="6" type="cond" truecount="1" falsecount="1"/>
          <line num="21" count="6" type="stmt"/>
          <line num="23" count="6" type="stmt"/>
          <line num="24" count="0" type="stmt"/>
          <line num="32" count="6" type="stmt"/>
          <line num="64" count="0" type="stmt"/>
          <line num="75" count="0" type="stmt"/>
          <line num="84" count="3" type="stmt"/>
        </file>
        <file name="StoreDetails.propTypes.js" path="/Users/awais/Argos/common-react-components/src/components/store-lookup/esnext/components/store-details/StoreDetails.propTypes.js">
          <metrics statements="0" coveredstatements="0" conditionals="0" coveredconditionals="0" methods="0" coveredmethods="0"/>
        </file>
      </package>
      <package name="store-lookup.esnext.components.stores-table">
        <metrics statements="5" coveredstatements="5" conditionals="0" coveredconditionals="0" methods="2" coveredmethods="2"/>
        <file name="StoresTable.js" path="/Users/awais/Argos/common-react-components/src/components/store-lookup/esnext/components/stores-table/StoresTable.js">
          <metrics statements="5" coveredstatements="5" conditionals="0" coveredconditionals="0" methods="2" coveredmethods="2"/>
          <line num="6" count="2" type="stmt"/>
          <line num="8" count="2" type="stmt"/>
          <line num="9" count="1" type="stmt"/>
          <line num="10" count="2" type="stmt"/>
          <line num="14" count="1" type="stmt"/>
        </file>
      </package>
      <package name="table.esnext">
        <metrics statements="37" coveredstatements="33" conditionals="39" coveredconditionals="27" methods="12" coveredmethods="12"/>
        <file name="MockProps.js" path="/Users/awais/Argos/common-react-components/src/components/table/esnext/MockProps.js">
          <metrics statements="14" coveredstatements="10" conditionals="11" coveredconditionals="5" methods="6" coveredmethods="6"/>
          <line num="10" count="4" type="cond" truecount="1" falsecount="1"/>
          <line num="11" count="0" type="stmt"/>
          <line num="13" count="2" type="cond" truecount="1" falsecount="1"/>
          <line num="14" count="0" type="stmt"/>
          <line num="17" count="2" type="stmt"/>
          <line num="18" count="8" type="stmt"/>
          <line num="19" count="8" type="cond" truecount="1" falsecount="2"/>
          <line num="21" count="8" type="stmt"/>
          <line num="23" count="0" type="stmt"/>
          <line num="25" count="0" type="stmt"/>
          <line num="28" count="24" type="stmt"/>
          <line num="32" count="8" type="stmt"/>
          <line num="39" count="2" type="stmt"/>
          <line num="42" count="1" type="stmt"/>
        </file>
        <file name="Table.jsx" path="/Users/awais/Argos/common-react-components/src/components/table/esnext/Table.jsx">
          <metrics statements="23" coveredstatements="23" conditionals="28" coveredconditionals="22" methods="6" coveredmethods="6"/>
          <line num="8" count="1" type="stmt"/>
          <line num="11" count="8" type="cond" truecount="2" falsecount="0"/>
          <line num="12" count="7" type="stmt"/>
          <line num="13" count="7" type="stmt"/>
          <line num="14" count="16" type="cond" truecount="2" falsecount="0"/>
          <line num="15" count="15" type="cond" truecount="2" falsecount="0"/>
          <line num="16" count="2" type="stmt"/>
          <line num="20" count="1" type="stmt"/>
          <line num="24" count="16" type="cond" truecount="2" falsecount="0"/>
          <line num="25" count="1" type="stmt"/>
          <line num="29" count="7" type="cond" truecount="2" falsecount="0"/>
          <line num="32" count="1" type="stmt"/>
          <line num="36" count="1" type="stmt"/>
          <line num="37" count="3" type="stmt"/>
          <line num="41" count="3" type="stmt"/>
          <line num="49" count="9" type="stmt"/>
          <line num="62" count="12" type="stmt"/>
          <line num="68" count="12" type="cond" truecount="1" falsecount="1"/>
          <line num="70" count="12" type="stmt"/>
          <line num="73" count="36" type="stmt"/>
          <line num="78" count="36" type="cond" truecount="2" falsecount="2"/>
          <line num="80" count="36" type="stmt"/>
          <line num="96" count="1" type="stmt"/>
        </file>
      </package>
      <package name="textarea.esnext">
        <metrics statements="7" coveredstatements="7" conditionals="10" coveredconditionals="9" methods="1" coveredmethods="1"/>
        <file name="Textarea.jsx" path="/Users/awais/Argos/common-react-components/src/components/textarea/esnext/Textarea.jsx">
          <metrics statements="7" coveredstatements="7" conditionals="10" coveredconditionals="9" methods="1" coveredmethods="1"/>
          <line num="6" count="1" type="stmt"/>
          <line num="8" count="1" type="stmt"/>
          <line num="23" count="1" type="stmt"/>
          <line num="46" count="11" type="stmt"/>
          <line num="48" count="11" type="stmt"/>
          <line num="80" count="1" type="stmt"/>
          <line num="81" count="1" type="stmt"/>
        </file>
      </package>
      <package name="textfield.esnext">
        <metrics statements="7" coveredstatements="7" conditionals="12" coveredconditionals="11" methods="1" coveredmethods="1"/>
        <file name="Textfield.jsx" path="/Users/awais/Argos/common-react-components/src/components/textfield/esnext/Textfield.jsx">
          <metrics statements="7" coveredstatements="7" conditionals="12" coveredconditionals="11" methods="1" coveredmethods="1"/>
          <line num="7" count="1" type="stmt"/>
          <line num="9" count="1" type="stmt"/>
          <line num="31" count="1" type="stmt"/>
          <line num="54" count="13" type="stmt"/>
          <line num="56" count="13" type="stmt"/>
          <line num="102" count="1" type="stmt"/>
          <line num="103" count="1" type="stmt"/>
        </file>
      </package>
      <package name="toggle.esnext">
        <metrics statements="19" coveredstatements="18" conditionals="13" coveredconditionals="9" methods="7" coveredmethods="7"/>
        <file name="Toggle.jsx" path="/Users/awais/Argos/common-react-components/src/components/toggle/esnext/Toggle.jsx">
          <metrics statements="19" coveredstatements="18" conditionals="13" coveredconditionals="9" methods="7" coveredmethods="7"/>
          <line num="7" count="2" type="stmt"/>
          <line num="9" count="2" type="stmt"/>
          <line num="21" count="15" type="stmt"/>
          <line num="22" count="15" type="stmt"/>
          <line num="29" count="5" type="stmt"/>
          <line num="31" count="5" type="cond" truecount="3" falsecount="2"/>
          <line num="32" count="0" type="stmt"/>
          <line num="37" count="5" type="stmt"/>
          <line num="41" count="5" type="stmt"/>
          <line num="43" count="5" type="cond" truecount="1" falsecount="1"/>
          <line num="44" count="5" type="stmt"/>
          <line num="45" count="5" type="stmt"/>
          <line num="50" count="20" type="stmt"/>
          <line num="51" count="20" type="stmt"/>
          <line num="53" count="20" type="stmt"/>
          <line num="57" count="2" type="stmt"/>
          <line num="60" count="3" type="stmt"/>
          <line num="69" count="2" type="stmt"/>
          <line num="75" count="2" type="stmt"/>
        </file>
      </package>
      <package name="utils.esnext">
        <metrics statements="0" coveredstatements="0" conditionals="0" coveredconditionals="0" methods="0" coveredmethods="0"/>
        <file name="index.js" path="/Users/awais/Argos/common-react-components/src/components/utils/esnext/index.js">
          <metrics statements="0" coveredstatements="0" conditionals="0" coveredconditionals="0" methods="0" coveredmethods="0"/>
        </file>
      </package>
      <package name="utils.esnext.formatAddress">
        <metrics statements="12" coveredstatements="12" conditionals="8" coveredconditionals="8" methods="3" coveredmethods="3"/>
        <file name="formatAddress.js" path="/Users/awais/Argos/common-react-components/src/components/utils/esnext/formatAddress/formatAddress.js">
          <metrics statements="12" coveredstatements="12" conditionals="8" coveredconditionals="8" methods="3" coveredmethods="3"/>
          <line num="2" count="48" type="cond" truecount="2" falsecount="0"/>
          <line num="3" count="32" type="cond" truecount="2" falsecount="0"/>
          <line num="4" count="16" type="stmt"/>
          <line num="5" count="16" type="stmt"/>
          <line num="6" count="16" type="stmt"/>
          <line num="7" count="16" type="stmt"/>
          <line num="8" count="16" type="stmt"/>
          <line num="9" count="16" type="cond" truecount="2" falsecount="0"/>
          <line num="10" count="16" type="cond" truecount="2" falsecount="0"/>
          <line num="11" count="16" type="stmt"/>
          <line num="12" count="16" type="stmt"/>
          <line num="15" count="16" type="stmt"/>
        </file>
        <file name="index.js" path="/Users/awais/Argos/common-react-components/src/components/utils/esnext/formatAddress/index.js">
          <metrics statements="0" coveredstatements="0" conditionals="0" coveredconditionals="0" methods="0" coveredmethods="0"/>
        </file>
      </package>
      <package name="utils.esnext.formatCurrency">
        <metrics statements="8" coveredstatements="8" conditionals="8" coveredconditionals="8" methods="3" coveredmethods="3"/>
        <file name="formatCurrency.js" path="/Users/awais/Argos/common-react-components/src/components/utils/esnext/formatCurrency/formatCurrency.js">
          <metrics statements="8" coveredstatements="8" conditionals="8" coveredconditionals="8" methods="3" coveredmethods="3"/>
          <line num="13" count="7" type="stmt"/>
          <line num="14" count="6" type="cond" truecount="1" falsecount="0"/>
          <line num="15" count="3" type="stmt"/>
          <line num="21" count="3" type="cond" truecount="2" falsecount="0"/>
          <line num="24" count="6" type="cond" truecount="1" falsecount="0"/>
          <line num="25" count="3" type="stmt"/>
          <line num="33" count="3" type="cond" truecount="2" falsecount="0"/>
          <line num="36" count="6" type="cond" truecount="2" falsecount="0"/>
        </file>
        <file name="index.js" path="/Users/awais/Argos/common-react-components/src/components/utils/esnext/formatCurrency/index.js">
          <metrics statements="0" coveredstatements="0" conditionals="0" coveredconditionals="0" methods="0" coveredmethods="0"/>
        </file>
      </package>
      <package name="utils.esnext.formatDateRange">
        <metrics statements="14" coveredstatements="12" conditionals="12" coveredconditionals="10" methods="2" coveredmethods="2"/>
        <file name="formatDateRange.js" path="/Users/awais/Argos/common-react-components/src/components/utils/esnext/formatDateRange/formatDateRange.js">
          <metrics statements="14" coveredstatements="12" conditionals="12" coveredconditionals="10" methods="2" coveredmethods="2"/>
          <line num="11" count="8" type="stmt"/>
          <line num="12" count="6" type="stmt"/>
          <line num="16" count="6" type="cond" truecount="3" falsecount="1"/>
          <line num="17" count="0" type="stmt"/>
          <line num="19" count="6" type="stmt"/>
          <line num="20" count="6" type="stmt"/>
          <line num="22" count="6" type="cond" truecount="3" falsecount="1"/>
          <line num="23" count="0" type="stmt"/>
          <line num="26" count="6" type="stmt"/>
          <line num="27" count="6" type="stmt"/>
          <line num="29" count="12" type="cond" truecount="2" falsecount="0"/>
          <line num="31" count="6" type="stmt"/>
          <line num="33" count="6" type="stmt"/>
          <line num="36" count="6" type="stmt"/>
        </file>
        <file name="index.js" path="/Users/awais/Argos/common-react-components/src/components/utils/esnext/formatDateRange/index.js">
          <metrics statements="0" coveredstatements="0" conditionals="0" coveredconditionals="0" methods="0" coveredmethods="0"/>
        </file>
      </package>
      <package name="utils.esnext.formatMoney">
        <metrics statements="3" coveredstatements="3" conditionals="1" coveredconditionals="1" methods="1" coveredmethods="1"/>
        <file name="formatMoney.js" path="/Users/awais/Argos/common-react-components/src/components/utils/esnext/formatMoney/formatMoney.js">
          <metrics statements="3" coveredstatements="3" conditionals="1" coveredconditionals="1" methods="1" coveredmethods="1"/>
          <line num="13" count="7" type="cond" truecount="1" falsecount="0"/>
          <line num="14" count="2" type="stmt"/>
          <line num="15" count="2" type="stmt"/>
        </file>
        <file name="index.js" path="/Users/awais/Argos/common-react-components/src/components/utils/esnext/formatMoney/index.js">
          <metrics statements="0" coveredstatements="0" conditionals="0" coveredconditionals="0" methods="0" coveredmethods="0"/>
        </file>
      </package>
      <package name="utils.esnext.formatName">
        <metrics statements="5" coveredstatements="5" conditionals="10" coveredconditionals="10" methods="1" coveredmethods="1"/>
        <file name="formatName.js" path="/Users/awais/Argos/common-react-components/src/components/utils/esnext/formatName/formatName.js">
          <metrics statements="5" coveredstatements="5" conditionals="10" coveredconditionals="10" methods="1" coveredmethods="1"/>
          <line num="2" count="14" type="cond" truecount="4" falsecount="0"/>
          <line num="3" count="13" type="cond" truecount="2" falsecount="0"/>
          <line num="4" count="13" type="cond" truecount="2" falsecount="0"/>
          <line num="5" count="13" type="cond" truecount="2" falsecount="0"/>
          <line num="6" count="13" type="stmt"/>
        </file>
        <file name="index.js" path="/Users/awais/Argos/common-react-components/src/components/utils/esnext/formatName/index.js">
          <metrics statements="0" coveredstatements="0" conditionals="0" coveredconditionals="0" methods="0" coveredmethods="0"/>
        </file>
      </package>
      <package name="utils.esnext.formatTimeRange">
        <metrics statements="4" coveredstatements="4" conditionals="2" coveredconditionals="2" methods="1" coveredmethods="1"/>
        <file name="formatTimeRange.js" path="/Users/awais/Argos/common-react-components/src/components/utils/esnext/formatTimeRange/formatTimeRange.js">
          <metrics statements="4" coveredstatements="4" conditionals="2" coveredconditionals="2" methods="1" coveredmethods="1"/>
          <line num="3" count="1" type="stmt"/>
          <line num="4" count="3" type="stmt"/>
          <line num="5" count="3" type="stmt"/>
          <line num="6" count="3" type="cond" truecount="2" falsecount="0"/>
        </file>
      </package>
      <package name="utils.esnext.isEmpty">
        <metrics statements="8" coveredstatements="7" conditionals="11" coveredconditionals="9" methods="1" coveredmethods="1"/>
        <file name="index.js" path="/Users/awais/Argos/common-react-components/src/components/utils/esnext/isEmpty/index.js">
          <metrics statements="0" coveredstatements="0" conditionals="0" coveredconditionals="0" methods="0" coveredmethods="0"/>
        </file>
        <file name="isEmpty.js" path="/Users/awais/Argos/common-react-components/src/components/utils/esnext/isEmpty/isEmpty.js">
          <metrics statements="8" coveredstatements="7" conditionals="11" coveredconditionals="9" methods="1" coveredmethods="1"/>
          <line num="13" count="185" type="cond" truecount="2" falsecount="0"/>
          <line num="14" count="104" type="stmt"/>
          <line num="15" count="104" type="cond" truecount="1" falsecount="1"/>
          <line num="16" count="104" type="cond" truecount="4" falsecount="1"/>
          <line num="18" count="49" type="stmt"/>
          <line num="20" count="39" type="cond" truecount="2" falsecount="0"/>
          <line num="23" count="16" type="stmt"/>
          <line num="25" count="0" type="stmt"/>
        </file>
      </package>
      <package name="utils.esnext.isObjectEmpty">
        <metrics statements="1" coveredstatements="1" conditionals="4" coveredconditionals="4" methods="1" coveredmethods="1"/>
        <file name="index.js" path="/Users/awais/Argos/common-react-components/src/components/utils/esnext/isObjectEmpty/index.js">
          <metrics statements="0" coveredstatements="0" conditionals="0" coveredconditionals="0" methods="0" coveredmethods="0"/>
        </file>
        <file name="isObjectEmpty.js" path="/Users/awais/Argos/common-react-components/src/components/utils/esnext/isObjectEmpty/isObjectEmpty.js">
          <metrics statements="1" coveredstatements="1" conditionals="4" coveredconditionals="4" methods="1" coveredmethods="1"/>
          <line num="10" count="55" type="stmt"/>
        </file>
      </package>
    </metrics>
  </project>
</coverage>
