{"/Users/awais/Argos/common-react-components/src/components/accordion/esnext/accordion.jsx": {"path":"/Users/awais/Argos/common-react-components/src/components/accordion/esnext/accordion.jsx","statementMap":{"0":{"start":{"line":9,"column":11},"end":{"line":9,"column":53}},"1":{"start":{"line":11,"column":18},"end":{"line":17,"column":1}},"2":{"start":{"line":25,"column":4},"end":{"line":26,"column":91}},"3":{"start":{"line":26,"column":36},"end":{"line":26,"column":88}},"4":{"start":{"line":27,"column":4},"end":{"line":27,"column":46}},"5":{"start":{"line":31,"column":4},"end":{"line":31,"column":33}},"6":{"start":{"line":35,"column":64},"end":{"line":35,"column":74}},"7":{"start":{"line":36,"column":27},"end":{"line":36,"column":37}},"8":{"start":{"line":37,"column":4},"end":{"line":60,"column":6}},"9":{"start":{"line":41,"column":12},"end":{"line":47,"column":14}},"10":{"start":{"line":64,"column":0},"end":{"line":64,"column":32}}},"fnMap":{"0":{"name":"(anonymous_0)","decl":{"start":{"line":24,"column":20},"end":{"line":24,"column":21}},"loc":{"start":{"line":24,"column":41},"end":{"line":28,"column":3}},"line":24},"1":{"name":"(anonymous_1)","decl":{"start":{"line":26,"column":20},"end":{"line":26,"column":21}},"loc":{"start":{"line":26,"column":36},"end":{"line":26,"column":88}},"line":26},"2":{"name":"(anonymous_2)","decl":{"start":{"line":30,"column":23},"end":{"line":30,"column":24}},"loc":{"start":{"line":30,"column":29},"end":{"line":32,"column":3}},"line":30},"3":{"name":"(anonymous_3)","decl":{"start":{"line":34,"column":2},"end":{"line":34,"column":3}},"loc":{"start":{"line":34,"column":11},"end":{"line":61,"column":3}},"line":34},"4":{"name":"(anonymous_4)","decl":{"start":{"line":40,"column":28},"end":{"line":40,"column":29}},"loc":{"start":{"line":41,"column":12},"end":{"line":47,"column":14}},"line":41}},"branchMap":{"0":{"loc":{"start":{"line":25,"column":4},"end":{"line":26,"column":90}},"type":"binary-expr","locations":[{"start":{"line":25,"column":4},"end":{"line":25,"column":33}},{"start":{"line":26,"column":6},"end":{"line":26,"column":90}}],"line":25},"1":{"loc":{"start":{"line":26,"column":50},"end":{"line":26,"column":86}},"type":"cond-expr","locations":[{"start":{"line":26,"column":80},"end":{"line":26,"column":81}},{"start":{"line":26,"column":84},"end":{"line":26,"column":86}}],"line":26},"2":{"loc":{"start":{"line":27,"column":4},"end":{"line":27,"column":45}},"type":"binary-expr","locations":[{"start":{"line":27,"column":4},"end":{"line":27,"column":15}},{"start":{"line":27,"column":19},"end":{"line":27,"column":45}}],"line":27},"3":{"loc":{"start":{"line":39,"column":9},"end":{"line":48,"column":12}},"type":"binary-expr","locations":[{"start":{"line":39,"column":9},"end":{"line":39,"column":22}},{"start":{"line":40,"column":10},"end":{"line":48,"column":12}}],"line":39},"4":{"loc":{"start":{"line":49,"column":9},"end":{"line":58,"column":9}},"type":"binary-expr","locations":[{"start":{"line":49,"column":9},"end":{"line":49,"column":22}},{"start":{"line":50,"column":10},"end":{"line":57,"column":12}}],"line":49}},"s":{"0":1,"1":1,"2":0,"3":0,"4":0,"5":0,"6":1,"7":1,"8":1,"9":1,"10":1},"f":{"0":0,"1":0,"2":0,"3":1,"4":1},"b":{"0":[0,0],"1":[0,0],"2":[0,0],"3":[1,1],"4":[1,1]},"_coverageSchema":"332fd63041d2c1bcb487cc26dd0d5f7d97098a6c","hash":"5ab1baf4f6f8b89ea8186385881a7f22805c5e89"}
,"/Users/awais/Argos/common-react-components/src/components/accordion/esnext/accordionCard.jsx": {"path":"/Users/awais/Argos/common-react-components/src/components/accordion/esnext/accordionCard.jsx","statementMap":{"0":{"start":{"line":5,"column":18},"end":{"line":11,"column":1}},"1":{"start":{"line":13,"column":21},"end":{"line":15,"column":1}},"2":{"start":{"line":19,"column":4},"end":{"line":19,"column":17}},"3":{"start":{"line":20,"column":37},"end":{"line":20,"column":42}},"4":{"start":{"line":21,"column":4},"end":{"line":25,"column":6}},"5":{"start":{"line":29,"column":57},"end":{"line":29,"column":67}},"6":{"start":{"line":30,"column":4},"end":{"line":35,"column":6}},"7":{"start":{"line":31,"column":22},"end":{"line":31,"column":80}},"8":{"start":{"line":33,"column":8},"end":{"line":33,"column":59}},"9":{"start":{"line":39,"column":34},"end":{"line":39,"column":44}},"10":{"start":{"line":40,"column":36},"end":{"line":40,"column":46}},"11":{"start":{"line":41,"column":4},"end":{"line":41,"column":107}},"12":{"start":{"line":45,"column":21},"end":{"line":45,"column":31}},"13":{"start":{"line":46,"column":4},"end":{"line":46,"column":102}},"14":{"start":{"line":50,"column":25},"end":{"line":50,"column":35}},"15":{"start":{"line":51,"column":36},"end":{"line":51,"column":46}},"16":{"start":{"line":52,"column":26},"end":{"line":52,"column":91}},"17":{"start":{"line":53,"column":4},"end":{"line":67,"column":6}},"18":{"start":{"line":71,"column":0},"end":{"line":71,"column":36}},"19":{"start":{"line":72,"column":0},"end":{"line":72,"column":42}}},"fnMap":{"0":{"name":"(anonymous_0)","decl":{"start":{"line":18,"column":2},"end":{"line":18,"column":3}},"loc":{"start":{"line":18,"column":21},"end":{"line":26,"column":3}},"line":18},"1":{"name":"(anonymous_1)","decl":{"start":{"line":28,"column":16},"end":{"line":28,"column":17}},"loc":{"start":{"line":28,"column":22},"end":{"line":36,"column":3}},"line":28},"2":{"name":"(anonymous_2)","decl":{"start":{"line":31,"column":6},"end":{"line":31,"column":7}},"loc":{"start":{"line":31,"column":22},"end":{"line":31,"column":80}},"line":31},"3":{"name":"(anonymous_3)","decl":{"start":{"line":32,"column":6},"end":{"line":32,"column":7}},"loc":{"start":{"line":32,"column":12},"end":{"line":34,"column":7}},"line":32},"4":{"name":"(anonymous_4)","decl":{"start":{"line":38,"column":22},"end":{"line":38,"column":23}},"loc":{"start":{"line":38,"column":28},"end":{"line":42,"column":3}},"line":38},"5":{"name":"(anonymous_5)","decl":{"start":{"line":44,"column":2},"end":{"line":44,"column":3}},"loc":{"start":{"line":44,"column":31},"end":{"line":47,"column":3}},"line":44},"6":{"name":"(anonymous_6)","decl":{"start":{"line":49,"column":2},"end":{"line":49,"column":3}},"loc":{"start":{"line":49,"column":11},"end":{"line":68,"column":3}},"line":49}},"branchMap":{"0":{"loc":{"start":{"line":24,"column":15},"end":{"line":24,"column":97}},"type":"binary-expr","locations":[{"start":{"line":24,"column":15},"end":{"line":24,"column":28}},{"start":{"line":24,"column":33},"end":{"line":24,"column":47}},{"start":{"line":24,"column":51},"end":{"line":24,"column":96}}],"line":24},"1":{"loc":{"start":{"line":31,"column":36},"end":{"line":31,"column":78}},"type":"binary-expr","locations":[{"start":{"line":31,"column":36},"end":{"line":31,"column":53}},{"start":{"line":31,"column":57},"end":{"line":31,"column":78}}],"line":31},"2":{"loc":{"start":{"line":41,"column":11},"end":{"line":41,"column":106}},"type":"cond-expr","locations":[{"start":{"line":41,"column":31},"end":{"line":41,"column":61}},{"start":{"line":41,"column":64},"end":{"line":41,"column":106}}],"line":41},"3":{"loc":{"start":{"line":41,"column":31},"end":{"line":41,"column":61}},"type":"binary-expr","locations":[{"start":{"line":41,"column":31},"end":{"line":41,"column":39}},{"start":{"line":41,"column":43},"end":{"line":41,"column":53}},{"start":{"line":41,"column":57},"end":{"line":41,"column":61}}],"line":41},"4":{"loc":{"start":{"line":41,"column":64},"end":{"line":41,"column":106}},"type":"binary-expr","locations":[{"start":{"line":41,"column":64},"end":{"line":41,"column":72}},{"start":{"line":41,"column":76},"end":{"line":41,"column":98}},{"start":{"line":41,"column":102},"end":{"line":41,"column":106}}],"line":41},"5":{"loc":{"start":{"line":46,"column":4},"end":{"line":46,"column":101}},"type":"binary-expr","locations":[{"start":{"line":46,"column":4},"end":{"line":46,"column":47}},{"start":{"line":46,"column":51},"end":{"line":46,"column":101}}],"line":46},"6":{"loc":{"start":{"line":52,"column":34},"end":{"line":52,"column":76}},"type":"cond-expr","locations":[{"start":{"line":52,"column":47},"end":{"line":52,"column":60}},{"start":{"line":52,"column":63},"end":{"line":52,"column":76}}],"line":52},"7":{"loc":{"start":{"line":56,"column":21},"end":{"line":56,"column":43}},"type":"binary-expr","locations":[{"start":{"line":56,"column":21},"end":{"line":56,"column":29}},{"start":{"line":56,"column":33},"end":{"line":56,"column":43}}],"line":56},"8":{"loc":{"start":{"line":62,"column":22},"end":{"line":62,"column":109}},"type":"cond-expr","locations":[{"start":{"line":62,"column":48},"end":{"line":62,"column":91}},{"start":{"line":62,"column":94},"end":{"line":62,"column":109}}],"line":62}},"s":{"0":2,"1":2,"2":2,"3":2,"4":2,"5":1,"6":1,"7":1,"8":1,"9":2,"10":2,"11":2,"12":3,"13":3,"14":4,"15":4,"16":4,"17":4,"18":2,"19":2},"f":{"0":2,"1":1,"2":1,"3":1,"4":2,"5":3,"6":4},"b":{"0":[2,0,0],"1":[1,1],"2":[2,0],"3":[2,0,0],"4":[0,0,0],"5":[3,1],"6":[1,3],"7":[4,0],"8":[4,0]},"_coverageSchema":"332fd63041d2c1bcb487cc26dd0d5f7d97098a6c","hash":"d06fde9190bea435de82f2ac75b8132895e060ab"}
,"/Users/awais/Argos/common-react-components/src/components/address/esnext/Address.jsx": {"path":"/Users/awais/Argos/common-react-components/src/components/address/esnext/Address.jsx","statementMap":{"0":{"start":{"line":9,"column":11},"end":{"line":9,"column":52}},"1":{"start":{"line":11,"column":16},"end":{"line":23,"column":1}},"2":{"start":{"line":12,"column":17},"end":{"line":21,"column":6}},"3":{"start":{"line":13,"column":4},"end":{"line":20,"column":5}},"4":{"start":{"line":15,"column":8},"end":{"line":15,"column":46}},"5":{"start":{"line":17,"column":8},"end":{"line":17,"column":47}},"6":{"start":{"line":19,"column":8},"end":{"line":19,"column":48}},"7":{"start":{"line":22,"column":2},"end":{"line":22,"column":46}},"8":{"start":{"line":25,"column":0},"end":{"line":36,"column":2}}},"fnMap":{"0":{"name":"(anonymous_0)","decl":{"start":{"line":11,"column":16},"end":{"line":11,"column":17}},"loc":{"start":{"line":11,"column":39},"end":{"line":23,"column":1}},"line":11},"1":{"name":"(anonymous_1)","decl":{"start":{"line":12,"column":18},"end":{"line":12,"column":19}},"loc":{"start":{"line":12,"column":24},"end":{"line":21,"column":3}},"line":12}},"branchMap":{"0":{"loc":{"start":{"line":13,"column":4},"end":{"line":20,"column":5}},"type":"switch","locations":[{"start":{"line":14,"column":6},"end":{"line":15,"column":46}},{"start":{"line":16,"column":6},"end":{"line":17,"column":47}},{"start":{"line":18,"column":6},"end":{"line":19,"column":48}}],"line":13}},"s":{"0":2,"1":2,"2":4,"3":4,"4":1,"5":1,"6":2,"7":4,"8":2},"f":{"0":4,"1":4},"b":{"0":[1,1,2]},"_coverageSchema":"332fd63041d2c1bcb487cc26dd0d5f7d97098a6c","hash":"19fe59ab23fbb6a4ad4af6117e9bff50d801648a"}
,"/Users/awais/Argos/common-react-components/src/components/address/esnext/index.jsx": {"path":"/Users/awais/Argos/common-react-components/src/components/address/esnext/index.jsx","statementMap":{},"fnMap":{},"branchMap":{},"s":{},"f":{},"b":{},"_coverageSchema":"332fd63041d2c1bcb487cc26dd0d5f7d97098a6c","hash":"c53ca509cfa896338386fb802b3e2347ad6c10d9"}
,"/Users/awais/Argos/common-react-components/src/components/address/esnext/components/AddressCompact/AddressCompact.jsx": {"path":"/Users/awais/Argos/common-react-components/src/components/address/esnext/components/AddressCompact/AddressCompact.jsx","statementMap":{"0":{"start":{"line":7,"column":11},"end":{"line":7,"column":60}},"1":{"start":{"line":9,"column":23},"end":{"line":27,"column":1}},"2":{"start":{"line":10,"column":2},"end":{"line":26,"column":8}},"3":{"start":{"line":29,"column":0},"end":{"line":37,"column":2}}},"fnMap":{"0":{"name":"(anonymous_0)","decl":{"start":{"line":9,"column":23},"end":{"line":9,"column":24}},"loc":{"start":{"line":10,"column":2},"end":{"line":26,"column":8}},"line":10}},"branchMap":{"0":{"loc":{"start":{"line":11,"column":5},"end":{"line":15,"column":5}},"type":"binary-expr","locations":[{"start":{"line":11,"column":6},"end":{"line":11,"column":11}},{"start":{"line":11,"column":15},"end":{"line":11,"column":20}},{"start":{"line":11,"column":24},"end":{"line":11,"column":29}},{"start":{"line":12,"column":6},"end":{"line":14,"column":12}}],"line":11},"1":{"loc":{"start":{"line":16,"column":5},"end":{"line":20,"column":5}},"type":"binary-expr","locations":[{"start":{"line":16,"column":6},"end":{"line":16,"column":14}},{"start":{"line":16,"column":18},"end":{"line":16,"column":22}},{"start":{"line":16,"column":26},"end":{"line":16,"column":32}},{"start":{"line":17,"column":6},"end":{"line":19,"column":12}}],"line":16},"2":{"loc":{"start":{"line":21,"column":5},"end":{"line":25,"column":5}},"type":"binary-expr","locations":[{"start":{"line":21,"column":5},"end":{"line":21,"column":12}},{"start":{"line":22,"column":6},"end":{"line":24,"column":12}}],"line":21}},"s":{"0":3,"1":3,"2":3,"3":3},"f":{"0":3},"b":{"0":[3,0,0,3],"1":[3,0,0,3],"2":[3,2]},"_coverageSchema":"332fd63041d2c1bcb487cc26dd0d5f7d97098a6c","hash":"4085ca1d96d6f3f24a506b97c9b5a422d026f609"}
,"/Users/awais/Argos/common-react-components/src/components/address/esnext/components/AddressCompact/index.jsx": {"path":"/Users/awais/Argos/common-react-components/src/components/address/esnext/components/AddressCompact/index.jsx","statementMap":{},"fnMap":{},"branchMap":{},"s":{},"f":{},"b":{},"_coverageSchema":"332fd63041d2c1bcb487cc26dd0d5f7d97098a6c","hash":"2c6875a6eaf260f3cceaa68669c83fcf87280d3f"}
,"/Users/awais/Argos/common-react-components/src/components/address/esnext/components/AddressDetailed/AddressDetailed.jsx": {"path":"/Users/awais/Argos/common-react-components/src/components/address/esnext/components/AddressDetailed/AddressDetailed.jsx","statementMap":{"0":{"start":{"line":6,"column":11},"end":{"line":6,"column":61}},"1":{"start":{"line":8,"column":24},"end":{"line":40,"column":1}},"2":{"start":{"line":9,"column":2},"end":{"line":39,"column":8}},"3":{"start":{"line":42,"column":0},"end":{"line":50,"column":2}}},"fnMap":{"0":{"name":"(anonymous_0)","decl":{"start":{"line":8,"column":24},"end":{"line":8,"column":25}},"loc":{"start":{"line":9,"column":2},"end":{"line":39,"column":8}},"line":9}},"branchMap":{"0":{"loc":{"start":{"line":13,"column":5},"end":{"line":17,"column":5}},"type":"binary-expr","locations":[{"start":{"line":13,"column":5},"end":{"line":13,"column":10}},{"start":{"line":14,"column":6},"end":{"line":16,"column":12}}],"line":13},"1":{"loc":{"start":{"line":18,"column":5},"end":{"line":22,"column":5}},"type":"binary-expr","locations":[{"start":{"line":18,"column":5},"end":{"line":18,"column":10}},{"start":{"line":19,"column":6},"end":{"line":21,"column":12}}],"line":18},"2":{"loc":{"start":{"line":26,"column":5},"end":{"line":30,"column":5}},"type":"binary-expr","locations":[{"start":{"line":26,"column":5},"end":{"line":26,"column":11}},{"start":{"line":27,"column":6},"end":{"line":29,"column":12}}],"line":26},"3":{"loc":{"start":{"line":34,"column":5},"end":{"line":38,"column":5}},"type":"binary-expr","locations":[{"start":{"line":34,"column":5},"end":{"line":34,"column":12}},{"start":{"line":35,"column":6},"end":{"line":37,"column":12}}],"line":34}},"s":{"0":3,"1":3,"2":3,"3":3},"f":{"0":3},"b":{"0":[3,1],"1":[3,1],"2":[3,1],"3":[3,1]},"_coverageSchema":"332fd63041d2c1bcb487cc26dd0d5f7d97098a6c","hash":"115205ef54f0f9821acada905ed012ed75a4d0ef"}
,"/Users/awais/Argos/common-react-components/src/components/address/esnext/components/AddressDetailed/index.jsx": {"path":"/Users/awais/Argos/common-react-components/src/components/address/esnext/components/AddressDetailed/index.jsx","statementMap":{},"fnMap":{},"branchMap":{},"s":{},"f":{},"b":{},"_coverageSchema":"332fd63041d2c1bcb487cc26dd0d5f7d97098a6c","hash":"377aa7b1ef4c3d9e8403bb63fa0077827f4ec330"}
,"/Users/awais/Argos/common-react-components/src/components/address/esnext/components/AddressInline/AddressInline.jsx": {"path":"/Users/awais/Argos/common-react-components/src/components/address/esnext/components/AddressInline/AddressInline.jsx","statementMap":{"0":{"start":{"line":7,"column":11},"end":{"line":7,"column":59}},"1":{"start":{"line":9,"column":22},"end":{"line":17,"column":1}},"2":{"start":{"line":10,"column":2},"end":{"line":16,"column":8}},"3":{"start":{"line":19,"column":0},"end":{"line":27,"column":2}}},"fnMap":{"0":{"name":"(anonymous_0)","decl":{"start":{"line":9,"column":22},"end":{"line":9,"column":23}},"loc":{"start":{"line":10,"column":2},"end":{"line":16,"column":8}},"line":10}},"branchMap":{},"s":{"0":3,"1":3,"2":1,"3":3},"f":{"0":1},"b":{},"_coverageSchema":"332fd63041d2c1bcb487cc26dd0d5f7d97098a6c","hash":"2662f4c949750f480ff814519f29f2dacd915c61"}
,"/Users/awais/Argos/common-react-components/src/components/address/esnext/components/AddressInline/index.jsx": {"path":"/Users/awais/Argos/common-react-components/src/components/address/esnext/components/AddressInline/index.jsx","statementMap":{},"fnMap":{},"branchMap":{},"s":{},"f":{},"b":{},"_coverageSchema":"332fd63041d2c1bcb487cc26dd0d5f7d97098a6c","hash":"65f886a2517488992fcdef6cac7b49f7d86726af"}
,"/Users/awais/Argos/common-react-components/src/components/button/esnext/Button.jsx": {"path":"/Users/awais/Argos/common-react-components/src/components/button/esnext/Button.jsx","statementMap":{"0":{"start":{"line":7,"column":11},"end":{"line":7,"column":51}},"1":{"start":{"line":9,"column":18},"end":{"line":9,"column":62}},"2":{"start":{"line":10,"column":21},"end":{"line":10,"column":70}},"3":{"start":{"line":12,"column":18},"end":{"line":26,"column":1}},"4":{"start":{"line":28,"column":21},"end":{"line":40,"column":1}},"5":{"start":{"line":42,"column":15},"end":{"line":96,"column":1}},"6":{"start":{"line":58,"column":22},"end":{"line":65,"column":3}},"7":{"start":{"line":67,"column":24},"end":{"line":67,"column":67}},"8":{"start":{"line":69,"column":26},"end":{"line":76,"column":3}},"9":{"start":{"line":79,"column":4},"end":{"line":93,"column":21}},"10":{"start":{"line":95,"column":2},"end":{"line":95,"column":40}},"11":{"start":{"line":98,"column":0},"end":{"line":98,"column":29}},"12":{"start":{"line":99,"column":0},"end":{"line":99,"column":35}}},"fnMap":{"0":{"name":"(anonymous_0)","decl":{"start":{"line":42,"column":15},"end":{"line":42,"column":16}},"loc":{"start":{"line":57,"column":6},"end":{"line":96,"column":1}},"line":57}},"branchMap":{"0":{"loc":{"start":{"line":58,"column":22},"end":{"line":65,"column":3}},"type":"cond-expr","locations":[{"start":{"line":59,"column":4},"end":{"line":62,"column":21}},{"start":{"line":64,"column":4},"end":{"line":64,"column":37}}],"line":58},"1":{"loc":{"start":{"line":61,"column":28},"end":{"line":61,"column":55}},"type":"binary-expr","locations":[{"start":{"line":61,"column":28},"end":{"line":61,"column":47}},{"start":{"line":61,"column":51},"end":{"line":61,"column":55}}],"line":61},"2":{"loc":{"start":{"line":72,"column":14},"end":{"line":72,"column":52}},"type":"cond-expr","locations":[{"start":{"line":72,"column":28},"end":{"line":72,"column":47}},{"start":{"line":72,"column":50},"end":{"line":72,"column":52}}],"line":72},"3":{"loc":{"start":{"line":73,"column":8},"end":{"line":73,"column":38}},"type":"cond-expr","locations":[{"start":{"line":73,"column":18},"end":{"line":73,"column":33}},{"start":{"line":73,"column":36},"end":{"line":73,"column":38}}],"line":73},"4":{"loc":{"start":{"line":75,"column":8},"end":{"line":75,"column":51}},"type":"cond-expr","locations":[{"start":{"line":75,"column":22},"end":{"line":75,"column":46}},{"start":{"line":75,"column":49},"end":{"line":75,"column":51}}],"line":75},"5":{"loc":{"start":{"line":91,"column":9},"end":{"line":91,"column":48}},"type":"cond-expr","locations":[{"start":{"line":91,"column":21},"end":{"line":91,"column":32}},{"start":{"line":91,"column":35},"end":{"line":91,"column":48}}],"line":91},"6":{"loc":{"start":{"line":95,"column":9},"end":{"line":95,"column":39}},"type":"cond-expr","locations":[{"start":{"line":95,"column":17},"end":{"line":95,"column":20}},{"start":{"line":95,"column":23},"end":{"line":95,"column":39}}],"line":95}},"s":{"0":5,"1":5,"2":5,"3":5,"4":5,"5":5,"6":15,"7":15,"8":15,"9":15,"10":15,"11":5,"12":5},"f":{"0":15},"b":{"0":[1,14],"1":[1,1],"2":[1,14],"3":[1,14],"4":[15,0],"5":[2,13],"6":[0,15]},"_coverageSchema":"332fd63041d2c1bcb487cc26dd0d5f7d97098a6c","hash":"863e9335d5c29715b181db6eebb04cea6a70c7a2"}
,"/Users/awais/Argos/common-react-components/src/components/card/esnext/card.jsx": {"path":"/Users/awais/Argos/common-react-components/src/components/card/esnext/card.jsx","statementMap":{"0":{"start":{"line":12,"column":11},"end":{"line":12,"column":49}},"1":{"start":{"line":14,"column":19},"end":{"line":14,"column":110}},"2":{"start":{"line":16,"column":20},"end":{"line":31,"column":1}},"3":{"start":{"line":33,"column":22},"end":{"line":33,"column":46}},"4":{"start":{"line":35,"column":18},"end":{"line":61,"column":1}},"5":{"start":{"line":63,"column":21},"end":{"line":65,"column":1}},"6":{"start":{"line":73,"column":4},"end":{"line":73,"column":71}},"7":{"start":{"line":77,"column":4},"end":{"line":77,"column":27}},"8":{"start":{"line":78,"column":4},"end":{"line":78,"column":28}},"9":{"start":{"line":80,"column":4},"end":{"line":84,"column":5}},"10":{"start":{"line":81,"column":6},"end":{"line":81,"column":73}},"11":{"start":{"line":83,"column":6},"end":{"line":83,"column":70}},"12":{"start":{"line":86,"column":4},"end":{"line":88,"column":8}},"13":{"start":{"line":86,"column":34},"end":{"line":88,"column":5}},"14":{"start":{"line":108,"column":8},"end":{"line":108,"column":18}},"15":{"start":{"line":110,"column":18},"end":{"line":110,"column":93}},"16":{"start":{"line":111,"column":19},"end":{"line":111,"column":49}},"17":{"start":{"line":112,"column":24},"end":{"line":112,"column":74}},"18":{"start":{"line":114,"column":28},"end":{"line":114,"column":77}},"19":{"start":{"line":115,"column":24},"end":{"line":115,"column":57}},"20":{"start":{"line":117,"column":24},"end":{"line":124,"column":12}},"21":{"start":{"line":126,"column":22},"end":{"line":138,"column":5}},"22":{"start":{"line":127,"column":6},"end":{"line":133,"column":7}},"23":{"start":{"line":128,"column":8},"end":{"line":132,"column":10}},"24":{"start":{"line":134,"column":6},"end":{"line":136,"column":7}},"25":{"start":{"line":135,"column":8},"end":{"line":135,"column":72}},"26":{"start":{"line":137,"column":6},"end":{"line":137,"column":71}},"27":{"start":{"line":140,"column":4},"end":{"line":190,"column":6}},"28":{"start":{"line":172,"column":18},"end":{"line":181,"column":20}},"29":{"start":{"line":194,"column":0},"end":{"line":194,"column":27}},"30":{"start":{"line":195,"column":0},"end":{"line":195,"column":33}}},"fnMap":{"0":{"name":"(anonymous_0)","decl":{"start":{"line":72,"column":2},"end":{"line":72,"column":3}},"loc":{"start":{"line":72,"column":25},"end":{"line":74,"column":3}},"line":72},"1":{"name":"(anonymous_1)","decl":{"start":{"line":76,"column":20},"end":{"line":76,"column":21}},"loc":{"start":{"line":76,"column":31},"end":{"line":89,"column":3}},"line":76},"2":{"name":"(anonymous_2)","decl":{"start":{"line":86,"column":18},"end":{"line":86,"column":19}},"loc":{"start":{"line":86,"column":34},"end":{"line":88,"column":5}},"line":86},"3":{"name":"(anonymous_3)","decl":{"start":{"line":91,"column":2},"end":{"line":91,"column":3}},"loc":{"start":{"line":91,"column":11},"end":{"line":191,"column":3}},"line":91},"4":{"name":"(anonymous_4)","decl":{"start":{"line":126,"column":22},"end":{"line":126,"column":23}},"loc":{"start":{"line":126,"column":28},"end":{"line":138,"column":5}},"line":126},"5":{"name":"(anonymous_5)","decl":{"start":{"line":171,"column":31},"end":{"line":171,"column":32}},"loc":{"start":{"line":172,"column":18},"end":{"line":181,"column":20}},"line":172}},"branchMap":{"0":{"loc":{"start":{"line":80,"column":4},"end":{"line":84,"column":5}},"type":"if","locations":[{"start":{"line":80,"column":4},"end":{"line":84,"column":5}},{"start":{"line":80,"column":4},"end":{"line":84,"column":5}}],"line":80},"1":{"loc":{"start":{"line":110,"column":18},"end":{"line":110,"column":93}},"type":"cond-expr","locations":[{"start":{"line":110,"column":31},"end":{"line":110,"column":60}},{"start":{"line":110,"column":63},"end":{"line":110,"column":93}}],"line":110},"2":{"loc":{"start":{"line":110,"column":31},"end":{"line":110,"column":60}},"type":"binary-expr","locations":[{"start":{"line":110,"column":31},"end":{"line":110,"column":40}},{"start":{"line":110,"column":44},"end":{"line":110,"column":60}}],"line":110},"3":{"loc":{"start":{"line":110,"column":63},"end":{"line":110,"column":93}},"type":"binary-expr","locations":[{"start":{"line":110,"column":63},"end":{"line":110,"column":72}},{"start":{"line":110,"column":76},"end":{"line":110,"column":93}}],"line":110},"4":{"loc":{"start":{"line":111,"column":19},"end":{"line":111,"column":49}},"type":"cond-expr","locations":[{"start":{"line":111,"column":30},"end":{"line":111,"column":44}},{"start":{"line":111,"column":47},"end":{"line":111,"column":49}}],"line":111},"5":{"loc":{"start":{"line":112,"column":24},"end":{"line":112,"column":74}},"type":"binary-expr","locations":[{"start":{"line":112,"column":25},"end":{"line":112,"column":31}},{"start":{"line":112,"column":35},"end":{"line":112,"column":67}},{"start":{"line":112,"column":72},"end":{"line":112,"column":74}}],"line":112},"6":{"loc":{"start":{"line":114,"column":28},"end":{"line":114,"column":77}},"type":"cond-expr","locations":[{"start":{"line":114,"column":54},"end":{"line":114,"column":72}},{"start":{"line":114,"column":75},"end":{"line":114,"column":77}}],"line":114},"7":{"loc":{"start":{"line":114,"column":28},"end":{"line":114,"column":51}},"type":"binary-expr","locations":[{"start":{"line":114,"column":28},"end":{"line":114,"column":36}},{"start":{"line":114,"column":40},"end":{"line":114,"column":51}}],"line":114},"8":{"loc":{"start":{"line":115,"column":24},"end":{"line":115,"column":57}},"type":"cond-expr","locations":[{"start":{"line":115,"column":35},"end":{"line":115,"column":52}},{"start":{"line":115,"column":55},"end":{"line":115,"column":57}}],"line":115},"9":{"loc":{"start":{"line":117,"column":24},"end":{"line":124,"column":12}},"type":"cond-expr","locations":[{"start":{"line":118,"column":6},"end":{"line":123,"column":12}},{"start":{"line":124,"column":8},"end":{"line":124,"column":12}}],"line":117},"10":{"loc":{"start":{"line":122,"column":46},"end":{"line":122,"column":81}},"type":"cond-expr","locations":[{"start":{"line":122,"column":70},"end":{"line":122,"column":76}},{"start":{"line":122,"column":79},"end":{"line":122,"column":81}}],"line":122},"11":{"loc":{"start":{"line":127,"column":6},"end":{"line":133,"column":7}},"type":"if","locations":[{"start":{"line":127,"column":6},"end":{"line":133,"column":7}},{"start":{"line":127,"column":6},"end":{"line":133,"column":7}}],"line":127},"12":{"loc":{"start":{"line":134,"column":6},"end":{"line":136,"column":7}},"type":"if","locations":[{"start":{"line":134,"column":6},"end":{"line":136,"column":7}},{"start":{"line":134,"column":6},"end":{"line":136,"column":7}}],"line":134},"13":{"loc":{"start":{"line":135,"column":15},"end":{"line":135,"column":71}},"type":"binary-expr","locations":[{"start":{"line":135,"column":15},"end":{"line":135,"column":23}},{"start":{"line":135,"column":27},"end":{"line":135,"column":71}}],"line":135},"14":{"loc":{"start":{"line":137,"column":13},"end":{"line":137,"column":70}},"type":"binary-expr","locations":[{"start":{"line":137,"column":13},"end":{"line":137,"column":20}},{"start":{"line":137,"column":24},"end":{"line":137,"column":70}}],"line":137},"15":{"loc":{"start":{"line":145,"column":15},"end":{"line":159,"column":19}},"type":"cond-expr","locations":[{"start":{"line":146,"column":18},"end":{"line":150,"column":19}},{"start":{"line":151,"column":18},"end":{"line":159,"column":19}}],"line":145},"16":{"loc":{"start":{"line":145,"column":15},"end":{"line":145,"column":41}},"type":"binary-expr","locations":[{"start":{"line":145,"column":15},"end":{"line":145,"column":19}},{"start":{"line":145,"column":23},"end":{"line":145,"column":41}}],"line":145},"17":{"loc":{"start":{"line":146,"column":18},"end":{"line":150,"column":19}},"type":"binary-expr","locations":[{"start":{"line":146,"column":18},"end":{"line":146,"column":32}},{"start":{"line":147,"column":20},"end":{"line":149,"column":27}}],"line":146},"18":{"loc":{"start":{"line":151,"column":18},"end":{"line":159,"column":19}},"type":"binary-expr","locations":[{"start":{"line":151,"column":18},"end":{"line":151,"column":34}},{"start":{"line":152,"column":20},"end":{"line":158,"column":27}}],"line":151},"19":{"loc":{"start":{"line":163,"column":17},"end":{"line":163,"column":93}},"type":"binary-expr","locations":[{"start":{"line":163,"column":17},"end":{"line":163,"column":23}},{"start":{"line":163,"column":27},"end":{"line":163,"column":93}}],"line":163},"20":{"loc":{"start":{"line":167,"column":11},"end":{"line":185,"column":11}},"type":"binary-expr","locations":[{"start":{"line":167,"column":12},"end":{"line":167,"column":22}},{"start":{"line":167,"column":26},"end":{"line":167,"column":37}},{"start":{"line":167,"column":42},"end":{"line":167,"column":46}},{"start":{"line":167,"column":50},"end":{"line":167,"column":68}},{"start":{"line":168,"column":12},"end":{"line":184,"column":18}}],"line":167},"21":{"loc":{"start":{"line":169,"column":15},"end":{"line":169,"column":90}},"type":"binary-expr","locations":[{"start":{"line":169,"column":15},"end":{"line":169,"column":19}},{"start":{"line":169,"column":23},"end":{"line":169,"column":41}},{"start":{"line":169,"column":45},"end":{"line":169,"column":90}}],"line":169},"22":{"loc":{"start":{"line":170,"column":15},"end":{"line":182,"column":18}},"type":"binary-expr","locations":[{"start":{"line":170,"column":15},"end":{"line":170,"column":25}},{"start":{"line":171,"column":16},"end":{"line":182,"column":18}}],"line":170}},"s":{"0":3,"1":3,"2":3,"3":3,"4":3,"5":3,"6":0,"7":1,"8":1,"9":1,"10":0,"11":1,"12":1,"13":1,"14":14,"15":14,"16":14,"17":14,"18":14,"19":14,"20":14,"21":14,"22":14,"23":1,"24":13,"25":2,"26":11,"27":14,"28":2,"29":3,"30":3},"f":{"0":0,"1":1,"2":1,"3":14,"4":14,"5":2},"b":{"0":[0,1],"1":[2,12],"2":[2,2],"3":[12,12],"4":[0,14],"5":[14,13,1],"6":[4,10],"7":[14,11],"8":[3,11],"9":[2,12],"10":[1,1],"11":[1,13],"12":[2,11],"13":[2,1],"14":[11,1],"15":[1,13],"16":[14,1],"17":[1,1],"18":[13,12],"19":[14,1],"20":[14,13,11,1,3],"21":[3,0,0],"22":[3,1]},"_coverageSchema":"332fd63041d2c1bcb487cc26dd0d5f7d97098a6c","hash":"672a1f30a5b5b3328f2cf7fc35316d5a4b4c8ac4"}
,"/Users/awais/Argos/common-react-components/src/components/chip/esnext/Chip.jsx": {"path":"/Users/awais/Argos/common-react-components/src/components/chip/esnext/Chip.jsx","statementMap":{"0":{"start":{"line":8,"column":11},"end":{"line":8,"column":49}},"1":{"start":{"line":10,"column":13},"end":{"line":15,"column":1}},"2":{"start":{"line":11,"column":2},"end":{"line":14,"column":8}},"3":{"start":{"line":17,"column":0},"end":{"line":25,"column":2}}},"fnMap":{"0":{"name":"(anonymous_0)","decl":{"start":{"line":10,"column":13},"end":{"line":10,"column":14}},"loc":{"start":{"line":11,"column":2},"end":{"line":14,"column":8}},"line":11}},"branchMap":{"0":{"loc":{"start":{"line":12,"column":5},"end":{"line":12,"column":73}},"type":"binary-expr","locations":[{"start":{"line":12,"column":5},"end":{"line":12,"column":19}},{"start":{"line":12,"column":23},"end":{"line":12,"column":73}}],"line":12},"1":{"loc":{"start":{"line":13,"column":5},"end":{"line":13,"column":68}},"type":"binary-expr","locations":[{"start":{"line":13,"column":5},"end":{"line":13,"column":20}},{"start":{"line":13,"column":24},"end":{"line":13,"column":68}}],"line":13}},"s":{"0":1,"1":1,"2":3,"3":1},"f":{"0":3},"b":{"0":[3,2],"1":[3,1]},"_coverageSchema":"332fd63041d2c1bcb487cc26dd0d5f7d97098a6c","hash":"7c6dddb29207395b214d05d0897214d4231c5bfe"}
,"/Users/awais/Argos/common-react-components/src/components/contact-details/esnext/ContactDetails.jsx": {"path":"/Users/awais/Argos/common-react-components/src/components/contact-details/esnext/ContactDetails.jsx","statementMap":{"0":{"start":{"line":7,"column":11},"end":{"line":7,"column":43}},"1":{"start":{"line":9,"column":23},"end":{"line":43,"column":1}},"2":{"start":{"line":10,"column":23},"end":{"line":18,"column":4}},"3":{"start":{"line":11,"column":4},"end":{"line":17,"column":6}},"4":{"start":{"line":19,"column":19},"end":{"line":27,"column":4}},"5":{"start":{"line":20,"column":4},"end":{"line":26,"column":6}},"6":{"start":{"line":29,"column":2},"end":{"line":42,"column":4}},"7":{"start":{"line":45,"column":0},"end":{"line":66,"column":2}}},"fnMap":{"0":{"name":"(anonymous_0)","decl":{"start":{"line":9,"column":23},"end":{"line":9,"column":24}},"loc":{"start":{"line":9,"column":97},"end":{"line":43,"column":1}},"line":9},"1":{"name":"(anonymous_1)","decl":{"start":{"line":10,"column":38},"end":{"line":10,"column":39}},"loc":{"start":{"line":11,"column":4},"end":{"line":17,"column":6}},"line":11},"2":{"name":"(anonymous_2)","decl":{"start":{"line":19,"column":30},"end":{"line":19,"column":31}},"loc":{"start":{"line":20,"column":4},"end":{"line":26,"column":6}},"line":20}},"branchMap":{"0":{"loc":{"start":{"line":9,"column":26},"end":{"line":9,"column":41}},"type":"default-arg","locations":[{"start":{"line":9,"column":39},"end":{"line":9,"column":41}}],"line":9},"1":{"loc":{"start":{"line":9,"column":43},"end":{"line":9,"column":54}},"type":"default-arg","locations":[{"start":{"line":9,"column":52},"end":{"line":9,"column":54}}],"line":9},"2":{"loc":{"start":{"line":9,"column":56},"end":{"line":9,"column":67}},"type":"default-arg","locations":[{"start":{"line":9,"column":65},"end":{"line":9,"column":67}}],"line":9},"3":{"loc":{"start":{"line":13,"column":12},"end":{"line":13,"column":46}},"type":"cond-expr","locations":[{"start":{"line":13,"column":35},"end":{"line":13,"column":37}},{"start":{"line":13,"column":40},"end":{"line":13,"column":46}}],"line":13},"4":{"loc":{"start":{"line":13,"column":12},"end":{"line":13,"column":32}},"type":"binary-expr","locations":[{"start":{"line":13,"column":12},"end":{"line":13,"column":23}},{"start":{"line":13,"column":27},"end":{"line":13,"column":32}}],"line":13},"5":{"loc":{"start":{"line":14,"column":13},"end":{"line":14,"column":52}},"type":"binary-expr","locations":[{"start":{"line":14,"column":13},"end":{"line":14,"column":34}},{"start":{"line":14,"column":38},"end":{"line":14,"column":52}}],"line":14},"6":{"loc":{"start":{"line":22,"column":12},"end":{"line":22,"column":46}},"type":"cond-expr","locations":[{"start":{"line":22,"column":35},"end":{"line":22,"column":37}},{"start":{"line":22,"column":40},"end":{"line":22,"column":46}}],"line":22},"7":{"loc":{"start":{"line":22,"column":12},"end":{"line":22,"column":32}},"type":"binary-expr","locations":[{"start":{"line":22,"column":12},"end":{"line":22,"column":23}},{"start":{"line":22,"column":27},"end":{"line":22,"column":32}}],"line":22},"8":{"loc":{"start":{"line":23,"column":13},"end":{"line":23,"column":44}},"type":"binary-expr","locations":[{"start":{"line":23,"column":13},"end":{"line":23,"column":30}},{"start":{"line":23,"column":34},"end":{"line":23,"column":44}}],"line":23},"9":{"loc":{"start":{"line":31,"column":7},"end":{"line":35,"column":7}},"type":"binary-expr","locations":[{"start":{"line":31,"column":7},"end":{"line":31,"column":15}},{"start":{"line":32,"column":8},"end":{"line":34,"column":14}}],"line":31},"10":{"loc":{"start":{"line":37,"column":45},"end":{"line":37,"column":105}},"type":"binary-expr","locations":[{"start":{"line":37,"column":46},"end":{"line":37,"column":57}},{"start":{"line":37,"column":61},"end":{"line":37,"column":75}},{"start":{"line":37,"column":80},"end":{"line":37,"column":105}}],"line":37}},"s":{"0":2,"1":2,"2":7,"3":6,"4":7,"5":6,"6":7,"7":2},"f":{"0":7,"1":6,"2":6},"b":{"0":[4],"1":[4],"2":[0],"3":[1,5],"4":[6,2],"5":[6,6],"6":[1,5],"7":[6,2],"8":[6,6],"9":[7,1],"10":[7,0,7]},"_coverageSchema":"332fd63041d2c1bcb487cc26dd0d5f7d97098a6c","hash":"4d1c9a74b9dbc8d4b06746ef13c3cc1efe957da9"}
,"/Users/awais/Argos/common-react-components/src/components/contact-details/esnext/index.jsx": {"path":"/Users/awais/Argos/common-react-components/src/components/contact-details/esnext/index.jsx","statementMap":{},"fnMap":{},"branchMap":{},"s":{},"f":{},"b":{},"_coverageSchema":"332fd63041d2c1bcb487cc26dd0d5f7d97098a6c","hash":"dad9086c77cb300c790386b62e3eefbe62569ba2"}
,"/Users/awais/Argos/common-react-components/src/components/credit-card-details/esnext/CreditCardDetails.jsx": {"path":"/Users/awais/Argos/common-react-components/src/components/credit-card-details/esnext/CreditCardDetails.jsx","statementMap":{"0":{"start":{"line":8,"column":11},"end":{"line":8,"column":64}},"1":{"start":{"line":11,"column":2},"end":{"line":16,"column":3}},"2":{"start":{"line":12,"column":4},"end":{"line":14,"column":5}},"3":{"start":{"line":13,"column":6},"end":{"line":13,"column":44}},"4":{"start":{"line":15,"column":4},"end":{"line":15,"column":42}},"5":{"start":{"line":17,"column":2},"end":{"line":19,"column":3}},"6":{"start":{"line":18,"column":4},"end":{"line":18,"column":45}},"7":{"start":{"line":20,"column":2},"end":{"line":20,"column":34}},"8":{"start":{"line":23,"column":26},"end":{"line":39,"column":1}},"9":{"start":{"line":24,"column":29},"end":{"line":24,"column":75}},"10":{"start":{"line":25,"column":30},"end":{"line":25,"column":78}},"11":{"start":{"line":26,"column":24},"end":{"line":26,"column":76}},"12":{"start":{"line":28,"column":2},"end":{"line":38,"column":4}},"13":{"start":{"line":41,"column":0},"end":{"line":41,"column":40}}},"fnMap":{"0":{"name":"displayDate","decl":{"start":{"line":10,"column":9},"end":{"line":10,"column":20}},"loc":{"start":{"line":10,"column":44},"end":{"line":21,"column":1}},"line":10},"1":{"name":"(anonymous_1)","decl":{"start":{"line":23,"column":26},"end":{"line":23,"column":27}},"loc":{"start":{"line":23,"column":77},"end":{"line":39,"column":1}},"line":23}},"branchMap":{"0":{"loc":{"start":{"line":11,"column":2},"end":{"line":16,"column":3}},"type":"if","locations":[{"start":{"line":11,"column":2},"end":{"line":16,"column":3}},{"start":{"line":11,"column":2},"end":{"line":16,"column":3}}],"line":11},"1":{"loc":{"start":{"line":12,"column":4},"end":{"line":14,"column":5}},"type":"if","locations":[{"start":{"line":12,"column":4},"end":{"line":14,"column":5}},{"start":{"line":12,"column":4},"end":{"line":14,"column":5}}],"line":12},"2":{"loc":{"start":{"line":17,"column":2},"end":{"line":19,"column":3}},"type":"if","locations":[{"start":{"line":17,"column":2},"end":{"line":19,"column":3}},{"start":{"line":17,"column":2},"end":{"line":19,"column":3}}],"line":17},"3":{"loc":{"start":{"line":24,"column":29},"end":{"line":24,"column":75}},"type":"binary-expr","locations":[{"start":{"line":24,"column":29},"end":{"line":24,"column":38}},{"start":{"line":24,"column":42},"end":{"line":24,"column":75}}],"line":24},"4":{"loc":{"start":{"line":25,"column":30},"end":{"line":25,"column":78}},"type":"binary-expr","locations":[{"start":{"line":25,"column":30},"end":{"line":25,"column":40}},{"start":{"line":25,"column":44},"end":{"line":25,"column":78}}],"line":25},"5":{"loc":{"start":{"line":33,"column":7},"end":{"line":33,"column":34}},"type":"binary-expr","locations":[{"start":{"line":33,"column":7},"end":{"line":33,"column":11}},{"start":{"line":33,"column":15},"end":{"line":33,"column":34}}],"line":33},"6":{"loc":{"start":{"line":35,"column":7},"end":{"line":35,"column":52}},"type":"binary-expr","locations":[{"start":{"line":35,"column":7},"end":{"line":35,"column":20}},{"start":{"line":35,"column":24},"end":{"line":35,"column":52}}],"line":35},"7":{"loc":{"start":{"line":36,"column":7},"end":{"line":36,"column":34}},"type":"binary-expr","locations":[{"start":{"line":36,"column":7},"end":{"line":36,"column":11}},{"start":{"line":36,"column":15},"end":{"line":36,"column":34}}],"line":36}},"s":{"0":1,"1":5,"2":2,"3":1,"4":1,"5":3,"6":1,"7":2,"8":1,"9":5,"10":5,"11":5,"12":5,"13":1},"f":{"0":5,"1":5},"b":{"0":[2,3],"1":[1,1],"2":[1,2],"3":[5,2],"4":[5,2],"5":[5,4],"6":[5,5],"7":[5,4]},"_coverageSchema":"332fd63041d2c1bcb487cc26dd0d5f7d97098a6c","hash":"731db002c9c36691e43b2eeca61e88b00acd9d1f"}
,"/Users/awais/Argos/common-react-components/src/components/credit-card-details/esnext/CreditCardDetails.propTypes.js": {"path":"/Users/awais/Argos/common-react-components/src/components/credit-card-details/esnext/CreditCardDetails.propTypes.js","statementMap":{"0":{"start":{"line":3,"column":18},"end":{"line":13,"column":1}}},"fnMap":{},"branchMap":{},"s":{"0":1},"f":{},"b":{},"_coverageSchema":"332fd63041d2c1bcb487cc26dd0d5f7d97098a6c","hash":"44790bbaf95b1bd0f175c7ca57359f574d789861"}
,"/Users/awais/Argos/common-react-components/src/components/customer-marketing-preferences/dummyMarketingPreferences.js": {"path":"/Users/awais/Argos/common-react-components/src/components/customer-marketing-preferences/dummyMarketingPreferences.js","statementMap":{},"fnMap":{},"branchMap":{},"s":{},"f":{},"b":{},"_coverageSchema":"332fd63041d2c1bcb487cc26dd0d5f7d97098a6c","hash":"3d370409df63cfffe5553ad6723d2ee66d6c2f62"}
,"/Users/awais/Argos/common-react-components/src/components/customer-marketing-preferences/esnext/CustomerMarketingPreferences.jsx": {"path":"/Users/awais/Argos/common-react-components/src/components/customer-marketing-preferences/esnext/CustomerMarketingPreferences.jsx","statementMap":{"0":{"start":{"line":8,"column":11},"end":{"line":8,"column":75}},"1":{"start":{"line":10,"column":18},"end":{"line":45,"column":1}},"2":{"start":{"line":47,"column":21},"end":{"line":50,"column":1}},"3":{"start":{"line":52,"column":37},"end":{"line":109,"column":1}},"4":{"start":{"line":53,"column":2},"end":{"line":108,"column":8}},"5":{"start":{"line":62,"column":10},"end":{"line":104,"column":12}},"6":{"start":{"line":63,"column":54},"end":{"line":63,"column":68}},"7":{"start":{"line":65,"column":32},"end":{"line":65,"column":44}},"8":{"start":{"line":66,"column":29},"end":{"line":66,"column":44}},"9":{"start":{"line":67,"column":32},"end":{"line":67,"column":70}},"10":{"start":{"line":70,"column":12},"end":{"line":88,"column":13}},"11":{"start":{"line":71,"column":36},"end":{"line":78,"column":15}},"12":{"start":{"line":73,"column":16},"end":{"line":77,"column":19}},"13":{"start":{"line":80,"column":14},"end":{"line":87,"column":16}},"14":{"start":{"line":91,"column":34},"end":{"line":97,"column":13}},"15":{"start":{"line":92,"column":14},"end":{"line":96,"column":17}},"16":{"start":{"line":99,"column":12},"end":{"line":103,"column":14}},"17":{"start":{"line":111,"column":0},"end":{"line":111,"column":51}},"18":{"start":{"line":112,"column":0},"end":{"line":112,"column":57}}},"fnMap":{"0":{"name":"(anonymous_0)","decl":{"start":{"line":52,"column":37},"end":{"line":52,"column":38}},"loc":{"start":{"line":53,"column":2},"end":{"line":108,"column":8}},"line":53},"1":{"name":"(anonymous_1)","decl":{"start":{"line":61,"column":22},"end":{"line":61,"column":23}},"loc":{"start":{"line":62,"column":10},"end":{"line":104,"column":12}},"line":62},"2":{"name":"(anonymous_2)","decl":{"start":{"line":62,"column":43},"end":{"line":62,"column":44}},"loc":{"start":{"line":62,"column":63},"end":{"line":104,"column":11}},"line":62},"3":{"name":"(anonymous_3)","decl":{"start":{"line":71,"column":36},"end":{"line":71,"column":37}},"loc":{"start":{"line":71,"column":42},"end":{"line":78,"column":15}},"line":71},"4":{"name":"(anonymous_4)","decl":{"start":{"line":91,"column":34},"end":{"line":91,"column":35}},"loc":{"start":{"line":91,"column":45},"end":{"line":97,"column":13}},"line":91}},"branchMap":{"0":{"loc":{"start":{"line":70,"column":12},"end":{"line":88,"column":13}},"type":"if","locations":[{"start":{"line":70,"column":12},"end":{"line":88,"column":13}},{"start":{"line":70,"column":12},"end":{"line":88,"column":13}}],"line":70},"1":{"loc":{"start":{"line":95,"column":25},"end":{"line":95,"column":51}},"type":"cond-expr","locations":[{"start":{"line":95,"column":42},"end":{"line":95,"column":45}},{"start":{"line":95,"column":48},"end":{"line":95,"column":51}}],"line":95}},"s":{"0":1,"1":1,"2":1,"3":1,"4":5,"5":5,"6":5,"7":5,"8":5,"9":5,"10":5,"11":0,"12":0,"13":0,"14":5,"15":2,"16":5,"17":1,"18":1},"f":{"0":5,"1":5,"2":5,"3":0,"4":2},"b":{"0":[0,5],"1":[1,1]},"_coverageSchema":"332fd63041d2c1bcb487cc26dd0d5f7d97098a6c","hash":"5a882a957834bca0ce99f00f704c8b09d5148c5a"}
,"/Users/awais/Argos/common-react-components/src/components/delivery-details/esnext/DeliveryDetails.jsx": {"path":"/Users/awais/Argos/common-react-components/src/components/delivery-details/esnext/DeliveryDetails.jsx","statementMap":{"0":{"start":{"line":11,"column":11},"end":{"line":11,"column":61}},"1":{"start":{"line":13,"column":24},"end":{"line":47,"column":1}},"2":{"start":{"line":14,"column":51},"end":{"line":14,"column":58}},"3":{"start":{"line":15,"column":97},"end":{"line":15,"column":113}},"4":{"start":{"line":17,"column":2},"end":{"line":46,"column":4}},"5":{"start":{"line":49,"column":0},"end":{"line":49,"column":38}}},"fnMap":{"0":{"name":"(anonymous_0)","decl":{"start":{"line":13,"column":24},"end":{"line":13,"column":25}},"loc":{"start":{"line":13,"column":113},"end":{"line":47,"column":1}},"line":13}},"branchMap":{"0":{"loc":{"start":{"line":13,"column":27},"end":{"line":13,"column":39}},"type":"default-arg","locations":[{"start":{"line":13,"column":37},"end":{"line":13,"column":39}}],"line":13},"1":{"loc":{"start":{"line":13,"column":41},"end":{"line":13,"column":53}},"type":"default-arg","locations":[{"start":{"line":13,"column":51},"end":{"line":13,"column":53}}],"line":13},"2":{"loc":{"start":{"line":13,"column":55},"end":{"line":13,"column":76}},"type":"default-arg","locations":[{"start":{"line":13,"column":74},"end":{"line":13,"column":76}}],"line":13},"3":{"loc":{"start":{"line":19,"column":7},"end":{"line":44,"column":7}},"type":"cond-expr","locations":[{"start":{"line":20,"column":8},"end":{"line":39,"column":25}},{"start":{"line":41,"column":8},"end":{"line":43,"column":14}}],"line":19},"4":{"loc":{"start":{"line":21,"column":11},"end":{"line":26,"column":11}},"type":"binary-expr","locations":[{"start":{"line":21,"column":11},"end":{"line":21,"column":28}},{"start":{"line":22,"column":12},"end":{"line":25,"column":18}}],"line":21},"5":{"loc":{"start":{"line":24,"column":15},"end":{"line":24,"column":94}},"type":"binary-expr","locations":[{"start":{"line":24,"column":15},"end":{"line":24,"column":45}},{"start":{"line":24,"column":49},"end":{"line":24,"column":94}}],"line":24},"6":{"loc":{"start":{"line":35,"column":28},"end":{"line":35,"column":58}},"type":"binary-expr","locations":[{"start":{"line":35,"column":28},"end":{"line":35,"column":40}},{"start":{"line":35,"column":44},"end":{"line":35,"column":58}}],"line":35}},"s":{"0":1,"1":1,"2":6,"3":6,"4":6,"5":1},"f":{"0":6},"b":{"0":[3],"1":[3],"2":[3],"3":[5,1],"4":[5,3],"5":[3,3],"6":[5,3]},"_coverageSchema":"332fd63041d2c1bcb487cc26dd0d5f7d97098a6c","hash":"88c940482e149036b15e5a28fc6ace19bc441e0b"}
,"/Users/awais/Argos/common-react-components/src/components/delivery-details/esnext/DeliveryDetails.propTypes.js": {"path":"/Users/awais/Argos/common-react-components/src/components/delivery-details/esnext/DeliveryDetails.propTypes.js","statementMap":{"0":{"start":{"line":3,"column":18},"end":{"line":34,"column":1}}},"fnMap":{},"branchMap":{},"s":{"0":1},"f":{},"b":{},"_coverageSchema":"332fd63041d2c1bcb487cc26dd0d5f7d97098a6c","hash":"6f052c292f9ad788bca936feb9f4f0f6da792226"}
,"/Users/awais/Argos/common-react-components/src/components/delivery-details/esnext/components/delivery-tracking/DeliveryGraph.jsx": {"path":"/Users/awais/Argos/common-react-components/src/components/delivery-details/esnext/components/delivery-tracking/DeliveryGraph.jsx","statementMap":{"0":{"start":{"line":7,"column":22},"end":{"line":76,"column":1}},"1":{"start":{"line":8,"column":2},"end":{"line":8,"column":41}},"2":{"start":{"line":8,"column":29},"end":{"line":8,"column":41}},"3":{"start":{"line":11,"column":4},"end":{"line":24,"column":10}},"4":{"start":{"line":27,"column":23},"end":{"line":52,"column":3}},"5":{"start":{"line":28,"column":22},"end":{"line":32,"column":5}},"6":{"start":{"line":34,"column":18},"end":{"line":34,"column":39}},"7":{"start":{"line":35,"column":21},"end":{"line":35,"column":54}},"8":{"start":{"line":37,"column":17},"end":{"line":37,"column":34}},"9":{"start":{"line":38,"column":16},"end":{"line":38,"column":30}},"10":{"start":{"line":40,"column":4},"end":{"line":40,"column":95}},"11":{"start":{"line":41,"column":4},"end":{"line":41,"column":57}},"12":{"start":{"line":43,"column":4},"end":{"line":43,"column":108}},"13":{"start":{"line":45,"column":4},"end":{"line":47,"column":47}},"14":{"start":{"line":45,"column":32},"end":{"line":45,"column":70}},"15":{"start":{"line":46,"column":9},"end":{"line":47,"column":47}},"16":{"start":{"line":46,"column":37},"end":{"line":46,"column":75}},"17":{"start":{"line":47,"column":9},"end":{"line":47,"column":47}},"18":{"start":{"line":49,"column":4},"end":{"line":49,"column":54}},"19":{"start":{"line":51,"column":4},"end":{"line":51,"column":21}},"20":{"start":{"line":53,"column":20},"end":{"line":53,"column":45}},"21":{"start":{"line":55,"column":2},"end":{"line":75,"column":4}},"22":{"start":{"line":78,"column":0},"end":{"line":80,"column":2}}},"fnMap":{"0":{"name":"(anonymous_0)","decl":{"start":{"line":7,"column":22},"end":{"line":7,"column":23}},"loc":{"start":{"line":7,"column":43},"end":{"line":76,"column":1}},"line":7},"1":{"name":"(anonymous_1)","decl":{"start":{"line":27,"column":23},"end":{"line":27,"column":24}},"loc":{"start":{"line":27,"column":42},"end":{"line":52,"column":3}},"line":27}},"branchMap":{"0":{"loc":{"start":{"line":8,"column":2},"end":{"line":8,"column":41}},"type":"if","locations":[{"start":{"line":8,"column":2},"end":{"line":8,"column":41}},{"start":{"line":8,"column":2},"end":{"line":8,"column":41}}],"line":8},"1":{"loc":{"start":{"line":41,"column":23},"end":{"line":41,"column":56}},"type":"cond-expr","locations":[{"start":{"line":41,"column":35},"end":{"line":41,"column":36}},{"start":{"line":41,"column":39},"end":{"line":41,"column":56}}],"line":41},"2":{"loc":{"start":{"line":41,"column":39},"end":{"line":41,"column":56}},"type":"cond-expr","locations":[{"start":{"line":41,"column":51},"end":{"line":41,"column":52}},{"start":{"line":41,"column":55},"end":{"line":41,"column":56}}],"line":41},"3":{"loc":{"start":{"line":45,"column":4},"end":{"line":47,"column":47}},"type":"if","locations":[{"start":{"line":45,"column":4},"end":{"line":47,"column":47}},{"start":{"line":45,"column":4},"end":{"line":47,"column":47}}],"line":45},"4":{"loc":{"start":{"line":46,"column":9},"end":{"line":47,"column":47}},"type":"if","locations":[{"start":{"line":46,"column":9},"end":{"line":47,"column":47}},{"start":{"line":46,"column":9},"end":{"line":47,"column":47}}],"line":46},"5":{"loc":{"start":{"line":67,"column":52},"end":{"line":67,"column":91}},"type":"binary-expr","locations":[{"start":{"line":67,"column":52},"end":{"line":67,"column":74}},{"start":{"line":67,"column":78},"end":{"line":67,"column":91}}],"line":67},"6":{"loc":{"start":{"line":69,"column":53},"end":{"line":69,"column":92}},"type":"binary-expr","locations":[{"start":{"line":69,"column":53},"end":{"line":69,"column":75}},{"start":{"line":69,"column":79},"end":{"line":69,"column":92}}],"line":69},"7":{"loc":{"start":{"line":71,"column":52},"end":{"line":71,"column":91}},"type":"binary-expr","locations":[{"start":{"line":71,"column":52},"end":{"line":71,"column":74}},{"start":{"line":71,"column":78},"end":{"line":71,"column":91}}],"line":71}},"s":{"0":3,"1":1,"2":0,"3":1,"4":1,"5":1,"6":1,"7":1,"8":1,"9":1,"10":1,"11":1,"12":1,"13":1,"14":0,"15":1,"16":0,"17":1,"18":1,"19":1,"20":1,"21":1,"22":3},"f":{"0":1,"1":1},"b":{"0":[0,1],"1":[1,0],"2":[0,0],"3":[0,1],"4":[0,1],"5":[1,0],"6":[1,0],"7":[1,1]},"_coverageSchema":"332fd63041d2c1bcb487cc26dd0d5f7d97098a6c","hash":"c80f13d34f7b778fc56b9290d13586f20c0fcea9"}
,"/Users/awais/Argos/common-react-components/src/components/delivery-details/esnext/components/delivery-tracking/DeliveryTracking.jsx": {"path":"/Users/awais/Argos/common-react-components/src/components/delivery-details/esnext/components/delivery-tracking/DeliveryTracking.jsx","statementMap":{"0":{"start":{"line":9,"column":11},"end":{"line":9,"column":62}},"1":{"start":{"line":11,"column":25},"end":{"line":75,"column":1}},"2":{"start":{"line":21,"column":2},"end":{"line":74,"column":8}},"3":{"start":{"line":77,"column":0},"end":{"line":88,"column":2}}},"fnMap":{"0":{"name":"(anonymous_0)","decl":{"start":{"line":11,"column":25},"end":{"line":11,"column":26}},"loc":{"start":{"line":21,"column":2},"end":{"line":74,"column":8}},"line":21}},"branchMap":{"0":{"loc":{"start":{"line":23,"column":7},"end":{"line":27,"column":7}},"type":"binary-expr","locations":[{"start":{"line":23,"column":7},"end":{"line":23,"column":17}},{"start":{"line":24,"column":8},"end":{"line":26,"column":14}}],"line":23},"1":{"loc":{"start":{"line":28,"column":7},"end":{"line":32,"column":7}},"type":"binary-expr","locations":[{"start":{"line":28,"column":7},"end":{"line":28,"column":12}},{"start":{"line":29,"column":8},"end":{"line":31,"column":14}}],"line":28},"2":{"loc":{"start":{"line":35,"column":5},"end":{"line":67,"column":5}},"type":"binary-expr","locations":[{"start":{"line":35,"column":6},"end":{"line":35,"column":19}},{"start":{"line":35,"column":23},"end":{"line":35,"column":37}},{"start":{"line":36,"column":6},"end":{"line":66,"column":12}}],"line":35},"3":{"loc":{"start":{"line":37,"column":9},"end":{"line":41,"column":9}},"type":"binary-expr","locations":[{"start":{"line":37,"column":9},"end":{"line":37,"column":23}},{"start":{"line":38,"column":10},"end":{"line":40,"column":16}}],"line":37},"4":{"loc":{"start":{"line":42,"column":9},"end":{"line":51,"column":9}},"type":"binary-expr","locations":[{"start":{"line":42,"column":9},"end":{"line":42,"column":22}},{"start":{"line":43,"column":10},"end":{"line":50,"column":16}}],"line":42},"5":{"loc":{"start":{"line":52,"column":9},"end":{"line":56,"column":9}},"type":"binary-expr","locations":[{"start":{"line":52,"column":9},"end":{"line":52,"column":19}},{"start":{"line":53,"column":10},"end":{"line":55,"column":16}}],"line":52},"6":{"loc":{"start":{"line":57,"column":9},"end":{"line":65,"column":9}},"type":"binary-expr","locations":[{"start":{"line":57,"column":9},"end":{"line":57,"column":15}},{"start":{"line":58,"column":10},"end":{"line":64,"column":16}}],"line":57},"7":{"loc":{"start":{"line":62,"column":21},"end":{"line":62,"column":83}},"type":"cond-expr","locations":[{"start":{"line":62,"column":35},"end":{"line":62,"column":66}},{"start":{"line":62,"column":69},"end":{"line":62,"column":83}}],"line":62},"8":{"loc":{"start":{"line":68,"column":5},"end":{"line":72,"column":5}},"type":"binary-expr","locations":[{"start":{"line":68,"column":5},"end":{"line":68,"column":17}},{"start":{"line":69,"column":6},"end":{"line":71,"column":12}}],"line":68},"9":{"loc":{"start":{"line":73,"column":5},"end":{"line":73,"column":73}},"type":"binary-expr","locations":[{"start":{"line":73,"column":5},"end":{"line":73,"column":23}},{"start":{"line":73,"column":27},"end":{"line":73,"column":73}}],"line":73}},"s":{"0":2,"1":2,"2":5,"3":2},"f":{"0":5},"b":{"0":[5,5],"1":[5,5],"2":[5,1,4],"3":[4,4],"4":[4,4],"5":[4,4],"6":[4,4],"7":[3,1],"8":[5,4],"9":[5,4]},"_coverageSchema":"332fd63041d2c1bcb487cc26dd0d5f7d97098a6c","hash":"47785623ac8ea541ab6703683268a4bc7f204b89"}
,"/Users/awais/Argos/common-react-components/src/components/delivery-details/esnext/components/delivery-tracking/index.jsx": {"path":"/Users/awais/Argos/common-react-components/src/components/delivery-details/esnext/components/delivery-tracking/index.jsx","statementMap":{},"fnMap":{},"branchMap":{},"s":{},"f":{},"b":{},"_coverageSchema":"332fd63041d2c1bcb487cc26dd0d5f7d97098a6c","hash":"a45c1ad316a794e847bb6a598cefbd0e9503bf72"}
,"/Users/awais/Argos/common-react-components/src/components/dot/esnext/Dot.jsx": {"path":"/Users/awais/Argos/common-react-components/src/components/dot/esnext/Dot.jsx","statementMap":{"0":{"start":{"line":6,"column":11},"end":{"line":6,"column":48}},"1":{"start":{"line":8,"column":12},"end":{"line":12,"column":1}},"2":{"start":{"line":9,"column":2},"end":{"line":11,"column":8}},"3":{"start":{"line":14,"column":0},"end":{"line":17,"column":2}},"4":{"start":{"line":19,"column":0},"end":{"line":21,"column":2}}},"fnMap":{"0":{"name":"(anonymous_0)","decl":{"start":{"line":8,"column":12},"end":{"line":8,"column":13}},"loc":{"start":{"line":9,"column":2},"end":{"line":11,"column":8}},"line":9}},"branchMap":{},"s":{"0":1,"1":1,"2":3,"3":1,"4":1},"f":{"0":3},"b":{},"_coverageSchema":"332fd63041d2c1bcb487cc26dd0d5f7d97098a6c","hash":"c7452855ba75b5e0929adea5b3fc3ff0cc51765a"}
,"/Users/awais/Argos/common-react-components/src/components/example-package/Example.jsx": {"path":"/Users/awais/Argos/common-react-components/src/components/example-package/Example.jsx","statementMap":{"0":{"start":{"line":6,"column":11},"end":{"line":6,"column":52}},"1":{"start":{"line":8,"column":18},"end":{"line":12,"column":1}},"2":{"start":{"line":14,"column":21},"end":{"line":17,"column":1}},"3":{"start":{"line":19,"column":16},"end":{"line":32,"column":1}},"4":{"start":{"line":20,"column":2},"end":{"line":31,"column":8}},"5":{"start":{"line":34,"column":0},"end":{"line":34,"column":30}},"6":{"start":{"line":35,"column":0},"end":{"line":35,"column":36}}},"fnMap":{"0":{"name":"(anonymous_0)","decl":{"start":{"line":19,"column":16},"end":{"line":19,"column":17}},"loc":{"start":{"line":20,"column":2},"end":{"line":31,"column":8}},"line":20}},"branchMap":{"0":{"loc":{"start":{"line":24,"column":5},"end":{"line":24,"column":89}},"type":"binary-expr","locations":[{"start":{"line":24,"column":5},"end":{"line":24,"column":25}},{"start":{"line":24,"column":29},"end":{"line":24,"column":89}}],"line":24}},"s":{"0":1,"1":1,"2":1,"3":1,"4":3,"5":1,"6":1},"f":{"0":3},"b":{"0":[3,1]},"_coverageSchema":"332fd63041d2c1bcb487cc26dd0d5f7d97098a6c","hash":"4690417161c2b8932118400e95186d3f4c5ab390"}
,"/Users/awais/Argos/common-react-components/src/components/icon-label-value/esnext/IconLabelValue.jsx": {"path":"/Users/awais/Argos/common-react-components/src/components/icon-label-value/esnext/IconLabelValue.jsx","statementMap":{"0":{"start":{"line":10,"column":11},"end":{"line":10,"column":61}},"1":{"start":{"line":12,"column":23},"end":{"line":56,"column":1}},"2":{"start":{"line":13,"column":24},"end":{"line":21,"column":3}},"3":{"start":{"line":16,"column":4},"end":{"line":20,"column":5}},"4":{"start":{"line":17,"column":6},"end":{"line":17,"column":30}},"5":{"start":{"line":18,"column":11},"end":{"line":20,"column":5}},"6":{"start":{"line":19,"column":6},"end":{"line":19,"column":17}},"7":{"start":{"line":23,"column":23},"end":{"line":36,"column":10}},"8":{"start":{"line":28,"column":8},"end":{"line":33,"column":15}},"9":{"start":{"line":31,"column":26},"end":{"line":31,"column":49}},"10":{"start":{"line":38,"column":22},"end":{"line":43,"column":8}},"11":{"start":{"line":45,"column":2},"end":{"line":55,"column":4}},"12":{"start":{"line":49,"column":22},"end":{"line":49,"column":38}},"13":{"start":{"line":58,"column":0},"end":{"line":76,"column":2}}},"fnMap":{"0":{"name":"(anonymous_0)","decl":{"start":{"line":12,"column":23},"end":{"line":12,"column":24}},"loc":{"start":{"line":12,"column":113},"end":{"line":56,"column":1}},"line":12},"1":{"name":"(anonymous_1)","decl":{"start":{"line":13,"column":24},"end":{"line":13,"column":25}},"loc":{"start":{"line":13,"column":38},"end":{"line":21,"column":3}},"line":13},"2":{"name":"(anonymous_2)","decl":{"start":{"line":27,"column":16},"end":{"line":27,"column":17}},"loc":{"start":{"line":28,"column":8},"end":{"line":33,"column":15}},"line":28},"3":{"name":"(anonymous_3)","decl":{"start":{"line":31,"column":19},"end":{"line":31,"column":20}},"loc":{"start":{"line":31,"column":26},"end":{"line":31,"column":49}},"line":31},"4":{"name":"(anonymous_4)","decl":{"start":{"line":49,"column":15},"end":{"line":49,"column":16}},"loc":{"start":{"line":49,"column":22},"end":{"line":49,"column":38}},"line":49}},"branchMap":{"0":{"loc":{"start":{"line":16,"column":4},"end":{"line":20,"column":5}},"type":"if","locations":[{"start":{"line":16,"column":4},"end":{"line":20,"column":5}},{"start":{"line":16,"column":4},"end":{"line":20,"column":5}}],"line":16},"1":{"loc":{"start":{"line":16,"column":8},"end":{"line":16,"column":72}},"type":"binary-expr","locations":[{"start":{"line":16,"column":8},"end":{"line":16,"column":23}},{"start":{"line":16,"column":27},"end":{"line":16,"column":32}},{"start":{"line":16,"column":36},"end":{"line":16,"column":48}},{"start":{"line":16,"column":52},"end":{"line":16,"column":72}}],"line":16},"2":{"loc":{"start":{"line":18,"column":11},"end":{"line":20,"column":5}},"type":"if","locations":[{"start":{"line":18,"column":11},"end":{"line":20,"column":5}},{"start":{"line":18,"column":11},"end":{"line":20,"column":5}}],"line":18},"3":{"loc":{"start":{"line":23,"column":23},"end":{"line":36,"column":10}},"type":"cond-expr","locations":[{"start":{"line":24,"column":4},"end":{"line":35,"column":5}},{"start":{"line":36,"column":6},"end":{"line":36,"column":10}}],"line":23},"4":{"loc":{"start":{"line":24,"column":4},"end":{"line":35,"column":5}},"type":"cond-expr","locations":[{"start":{"line":25,"column":6},"end":{"line":25,"column":62}},{"start":{"line":27,"column":6},"end":{"line":34,"column":8}}],"line":24},"5":{"loc":{"start":{"line":30,"column":39},"end":{"line":30,"column":70}},"type":"binary-expr","locations":[{"start":{"line":30,"column":39},"end":{"line":30,"column":55}},{"start":{"line":30,"column":59},"end":{"line":30,"column":70}}],"line":30},"6":{"loc":{"start":{"line":38,"column":22},"end":{"line":43,"column":8}},"type":"cond-expr","locations":[{"start":{"line":39,"column":6},"end":{"line":42,"column":7}},{"start":{"line":43,"column":6},"end":{"line":43,"column":8}}],"line":38},"7":{"loc":{"start":{"line":50,"column":7},"end":{"line":50,"column":79}},"type":"binary-expr","locations":[{"start":{"line":50,"column":7},"end":{"line":50,"column":21}},{"start":{"line":50,"column":25},"end":{"line":50,"column":79}}],"line":50},"8":{"loc":{"start":{"line":51,"column":7},"end":{"line":51,"column":82}},"type":"binary-expr","locations":[{"start":{"line":51,"column":7},"end":{"line":51,"column":22}},{"start":{"line":51,"column":26},"end":{"line":51,"column":82}}],"line":51},"9":{"loc":{"start":{"line":52,"column":7},"end":{"line":52,"column":35}},"type":"binary-expr","locations":[{"start":{"line":52,"column":7},"end":{"line":52,"column":19}},{"start":{"line":52,"column":23},"end":{"line":52,"column":35}}],"line":52},"10":{"loc":{"start":{"line":53,"column":7},"end":{"line":53,"column":83}},"type":"binary-expr","locations":[{"start":{"line":53,"column":7},"end":{"line":53,"column":19}},{"start":{"line":53,"column":23},"end":{"line":53,"column":83}}],"line":53}},"s":{"0":18,"1":18,"2":14,"3":1,"4":0,"5":1,"6":1,"7":14,"8":4,"9":0,"10":14,"11":14,"12":1,"13":18},"f":{"0":14,"1":1,"2":4,"3":0,"4":1},"b":{"0":[0,1],"1":[1,0,0,0],"2":[1,0],"3":[3,11],"4":[1,2],"5":[4,2],"6":[1,13],"7":[14,1],"8":[14,1],"9":[14,3],"10":[14,1]},"_coverageSchema":"332fd63041d2c1bcb487cc26dd0d5f7d97098a6c","hash":"16234e79939a5c3b21ba093b74080c39bd30ddfb"}
,"/Users/awais/Argos/common-react-components/src/components/icon-label-value/esnext/index.jsx": {"path":"/Users/awais/Argos/common-react-components/src/components/icon-label-value/esnext/index.jsx","statementMap":{},"fnMap":{},"branchMap":{},"s":{},"f":{},"b":{},"_coverageSchema":"332fd63041d2c1bcb487cc26dd0d5f7d97098a6c","hash":"d763c06cbb6e3fb1b3995a8db06b2f86fad57b8c"}
,"/Users/awais/Argos/common-react-components/src/components/icon/esnext/Icon.jsx": {"path":"/Users/awais/Argos/common-react-components/src/components/icon/esnext/Icon.jsx","statementMap":{"0":{"start":{"line":6,"column":13},"end":{"line":18,"column":1}},"1":{"start":{"line":7,"column":59},"end":{"line":7,"column":64}},"2":{"start":{"line":8,"column":13},"end":{"line":8,"column":78}},"3":{"start":{"line":9,"column":2},"end":{"line":17,"column":4}},"4":{"start":{"line":20,"column":0},"end":{"line":27,"column":2}},"5":{"start":{"line":29,"column":0},"end":{"line":32,"column":2}}},"fnMap":{"0":{"name":"(anonymous_0)","decl":{"start":{"line":6,"column":13},"end":{"line":6,"column":14}},"loc":{"start":{"line":6,"column":24},"end":{"line":18,"column":1}},"line":6}},"branchMap":{"0":{"loc":{"start":{"line":8,"column":42},"end":{"line":8,"column":75}},"type":"cond-expr","locations":[{"start":{"line":8,"column":53},"end":{"line":8,"column":66}},{"start":{"line":8,"column":69},"end":{"line":8,"column":75}}],"line":8},"1":{"loc":{"start":{"line":12,"column":10},"end":{"line":12,"column":25}},"type":"binary-expr","locations":[{"start":{"line":12,"column":10},"end":{"line":12,"column":12}},{"start":{"line":12,"column":16},"end":{"line":12,"column":25}}],"line":12},"2":{"loc":{"start":{"line":13,"column":12},"end":{"line":13,"column":39}},"type":"cond-expr","locations":[{"start":{"line":13,"column":22},"end":{"line":13,"column":30}},{"start":{"line":13,"column":33},"end":{"line":13,"column":39}}],"line":13}},"s":{"0":30,"1":8,"2":8,"3":8,"4":30,"5":30},"f":{"0":8},"b":{"0":[1,7],"1":[8,7],"2":[1,7]},"_coverageSchema":"332fd63041d2c1bcb487cc26dd0d5f7d97098a6c","hash":"42abceba05fa8ec0f95812b6623975e53be99a57"}
,"/Users/awais/Argos/common-react-components/src/components/input-selection/esnext/InputSelection.jsx": {"path":"/Users/awais/Argos/common-react-components/src/components/input-selection/esnext/InputSelection.jsx","statementMap":{"0":{"start":{"line":6,"column":18},"end":{"line":15,"column":1}},"1":{"start":{"line":17,"column":21},"end":{"line":19,"column":1}},"2":{"start":{"line":21,"column":23},"end":{"line":40,"column":1}},"3":{"start":{"line":22,"column":88},"end":{"line":22,"column":93}},"4":{"start":{"line":23,"column":13},"end":{"line":23,"column":62}},"5":{"start":{"line":24,"column":2},"end":{"line":39,"column":4}},"6":{"start":{"line":42,"column":0},"end":{"line":42,"column":43}},"7":{"start":{"line":43,"column":0},"end":{"line":43,"column":37}}},"fnMap":{"0":{"name":"(anonymous_0)","decl":{"start":{"line":21,"column":23},"end":{"line":21,"column":24}},"loc":{"start":{"line":21,"column":34},"end":{"line":40,"column":1}},"line":21}},"branchMap":{"0":{"loc":{"start":{"line":28,"column":31},"end":{"line":28,"column":79}},"type":"cond-expr","locations":[{"start":{"line":28,"column":58},"end":{"line":28,"column":74}},{"start":{"line":28,"column":77},"end":{"line":28,"column":79}}],"line":28}},"s":{"0":2,"1":2,"2":2,"3":5,"4":5,"5":5,"6":2,"7":2},"f":{"0":5},"b":{"0":[4,1]},"_coverageSchema":"332fd63041d2c1bcb487cc26dd0d5f7d97098a6c","hash":"b924d386edee44a65337a93467745c800c55e9c4"}
,"/Users/awais/Argos/common-react-components/src/components/loading/esnext/Loading.js": {"path":"/Users/awais/Argos/common-react-components/src/components/loading/esnext/Loading.js","statementMap":{"0":{"start":{"line":18,"column":16},"end":{"line":33,"column":1}},"1":{"start":{"line":19,"column":63},"end":{"line":19,"column":68}},"2":{"start":{"line":20,"column":20},"end":{"line":20,"column":52}},"3":{"start":{"line":21,"column":32},"end":{"line":21,"column":73}},"4":{"start":{"line":23,"column":2},"end":{"line":32,"column":4}},"5":{"start":{"line":35,"column":0},"end":{"line":41,"column":2}},"6":{"start":{"line":43,"column":0},"end":{"line":45,"column":2}}},"fnMap":{"0":{"name":"(anonymous_0)","decl":{"start":{"line":18,"column":16},"end":{"line":18,"column":17}},"loc":{"start":{"line":18,"column":27},"end":{"line":33,"column":1}},"line":18}},"branchMap":{"0":{"loc":{"start":{"line":20,"column":20},"end":{"line":20,"column":52}},"type":"cond-expr","locations":[{"start":{"line":20,"column":27},"end":{"line":20,"column":47}},{"start":{"line":20,"column":50},"end":{"line":20,"column":52}}],"line":20},"1":{"loc":{"start":{"line":21,"column":32},"end":{"line":21,"column":73}},"type":"cond-expr","locations":[{"start":{"line":21,"column":51},"end":{"line":21,"column":68}},{"start":{"line":21,"column":71},"end":{"line":21,"column":73}}],"line":21},"2":{"loc":{"start":{"line":24,"column":52},"end":{"line":24,"column":88}},"type":"cond-expr","locations":[{"start":{"line":24,"column":65},"end":{"line":24,"column":83}},{"start":{"line":24,"column":86},"end":{"line":24,"column":88}}],"line":24}},"s":{"0":4,"1":5,"2":5,"3":5,"4":5,"5":4,"6":4},"f":{"0":5},"b":{"0":[3,2],"1":[0,5],"2":[5,0]},"_coverageSchema":"332fd63041d2c1bcb487cc26dd0d5f7d97098a6c","hash":"d77c0d8281f59c12528d249f864a053aab0782b0"}
,"/Users/awais/Argos/common-react-components/src/components/loading/esnext/index.jsx": {"path":"/Users/awais/Argos/common-react-components/src/components/loading/esnext/index.jsx","statementMap":{},"fnMap":{},"branchMap":{},"s":{},"f":{},"b":{},"_coverageSchema":"332fd63041d2c1bcb487cc26dd0d5f7d97098a6c","hash":"08454d6a482660e777290ba149675ed82668762e"}
,"/Users/awais/Argos/common-react-components/src/components/modal/esnext/Modal.jsx": {"path":"/Users/awais/Argos/common-react-components/src/components/modal/esnext/Modal.jsx","statementMap":{"0":{"start":{"line":10,"column":18},"end":{"line":31,"column":1}},"1":{"start":{"line":33,"column":11},"end":{"line":33,"column":50}},"2":{"start":{"line":35,"column":14},"end":{"line":100,"column":1}},"3":{"start":{"line":49,"column":27},"end":{"line":49,"column":59}},"4":{"start":{"line":51,"column":27},"end":{"line":51,"column":75}},"5":{"start":{"line":53,"column":2},"end":{"line":99,"column":4}},"6":{"start":{"line":102,"column":0},"end":{"line":102,"column":28}}},"fnMap":{"0":{"name":"(anonymous_0)","decl":{"start":{"line":35,"column":14},"end":{"line":35,"column":15}},"loc":{"start":{"line":48,"column":6},"end":{"line":100,"column":1}},"line":48}},"branchMap":{"0":{"loc":{"start":{"line":49,"column":27},"end":{"line":49,"column":59}},"type":"binary-expr","locations":[{"start":{"line":49,"column":27},"end":{"line":49,"column":37}},{"start":{"line":49,"column":42},"end":{"line":49,"column":49}},{"start":{"line":49,"column":53},"end":{"line":49,"column":58}}],"line":49},"1":{"loc":{"start":{"line":51,"column":27},"end":{"line":51,"column":75}},"type":"binary-expr","locations":[{"start":{"line":51,"column":27},"end":{"line":51,"column":37}},{"start":{"line":51,"column":42},"end":{"line":51,"column":57}},{"start":{"line":51,"column":61},"end":{"line":51,"column":74}}],"line":51},"2":{"loc":{"start":{"line":57,"column":11},"end":{"line":62,"column":11}},"type":"binary-expr","locations":[{"start":{"line":57,"column":11},"end":{"line":57,"column":27}},{"start":{"line":58,"column":12},"end":{"line":61,"column":18}}],"line":57},"3":{"loc":{"start":{"line":59,"column":15},"end":{"line":59,"column":78}},"type":"binary-expr","locations":[{"start":{"line":59,"column":15},"end":{"line":59,"column":22}},{"start":{"line":59,"column":26},"end":{"line":59,"column":78}}],"line":59},"4":{"loc":{"start":{"line":60,"column":15},"end":{"line":60,"column":40}},"type":"binary-expr","locations":[{"start":{"line":60,"column":15},"end":{"line":60,"column":20}},{"start":{"line":60,"column":24},"end":{"line":60,"column":40}}],"line":60},"5":{"loc":{"start":{"line":64,"column":13},"end":{"line":64,"column":79}},"type":"cond-expr","locations":[{"start":{"line":64,"column":25},"end":{"line":64,"column":68}},{"start":{"line":64,"column":71},"end":{"line":64,"column":79}}],"line":64},"6":{"loc":{"start":{"line":66,"column":11},"end":{"line":94,"column":11}},"type":"binary-expr","locations":[{"start":{"line":66,"column":11},"end":{"line":66,"column":27}},{"start":{"line":67,"column":12},"end":{"line":93,"column":18}}],"line":66},"7":{"loc":{"start":{"line":68,"column":15},"end":{"line":79,"column":15}},"type":"binary-expr","locations":[{"start":{"line":68,"column":15},"end":{"line":68,"column":30}},{"start":{"line":69,"column":16},"end":{"line":78,"column":22}}],"line":68},"8":{"loc":{"start":{"line":80,"column":15},"end":{"line":92,"column":15}},"type":"binary-expr","locations":[{"start":{"line":80,"column":15},"end":{"line":80,"column":28}},{"start":{"line":81,"column":16},"end":{"line":91,"column":22}}],"line":80}},"s":{"0":1,"1":1,"2":1,"3":8,"4":8,"5":8,"6":1},"f":{"0":8},"b":{"0":[8,7,1],"1":[8,7,2],"2":[8,6],"3":[6,6],"4":[6,6],"5":[1,7],"6":[8,6],"7":[6,5],"8":[6,5]},"_coverageSchema":"332fd63041d2c1bcb487cc26dd0d5f7d97098a6c","hash":"a500fc5133ef0c729b411fdf5c60f819a5be1d93"}
,"/Users/awais/Argos/common-react-components/src/components/notification/esnext/Notification.jsx": {"path":"/Users/awais/Argos/common-react-components/src/components/notification/esnext/Notification.jsx","statementMap":{"0":{"start":{"line":7,"column":11},"end":{"line":7,"column":57}},"1":{"start":{"line":9,"column":14},"end":{"line":9,"column":42}},"2":{"start":{"line":10,"column":19},"end":{"line":10,"column":36}},"3":{"start":{"line":12,"column":18},"end":{"line":15,"column":1}},"4":{"start":{"line":17,"column":21},"end":{"line":20,"column":1}},"5":{"start":{"line":22,"column":21},"end":{"line":31,"column":1}},"6":{"start":{"line":23,"column":44},"end":{"line":23,"column":49}},"7":{"start":{"line":25,"column":2},"end":{"line":30,"column":4}},"8":{"start":{"line":33,"column":0},"end":{"line":33,"column":35}},"9":{"start":{"line":34,"column":0},"end":{"line":34,"column":41}}},"fnMap":{"0":{"name":"(anonymous_0)","decl":{"start":{"line":22,"column":21},"end":{"line":22,"column":22}},"loc":{"start":{"line":22,"column":32},"end":{"line":31,"column":1}},"line":22}},"branchMap":{},"s":{"0":3,"1":3,"2":3,"3":3,"4":3,"5":3,"6":7,"7":7,"8":3,"9":3},"f":{"0":7},"b":{},"_coverageSchema":"332fd63041d2c1bcb487cc26dd0d5f7d97098a6c","hash":"543509b3f565ec11fdafb83e98bdaca7015596fe"}
,"/Users/awais/Argos/common-react-components/src/components/pagination-matrix/esnext/PaginationMatrix.jsx": {"path":"/Users/awais/Argos/common-react-components/src/components/pagination-matrix/esnext/PaginationMatrix.jsx","statementMap":{"0":{"start":{"line":14,"column":25},"end":{"line":14,"column":86}},"1":{"start":{"line":15,"column":29},"end":{"line":15,"column":98}},"2":{"start":{"line":16,"column":21},"end":{"line":16,"column":74}},"3":{"start":{"line":18,"column":24},"end":{"line":18,"column":44}},"4":{"start":{"line":19,"column":28},"end":{"line":19,"column":52}},"5":{"start":{"line":20,"column":20},"end":{"line":20,"column":36}},"6":{"start":{"line":22,"column":14},"end":{"line":22,"column":18}},"7":{"start":{"line":24,"column":2},"end":{"line":29,"column":3}},"8":{"start":{"line":25,"column":4},"end":{"line":28,"column":6}},"9":{"start":{"line":32,"column":2},"end":{"line":37,"column":3}},"10":{"start":{"line":33,"column":4},"end":{"line":36,"column":6}},"11":{"start":{"line":40,"column":2},"end":{"line":47,"column":3}},"12":{"start":{"line":41,"column":4},"end":{"line":46,"column":5}},"13":{"start":{"line":42,"column":6},"end":{"line":45,"column":8}},"14":{"start":{"line":49,"column":2},"end":{"line":58,"column":3}},"15":{"start":{"line":50,"column":4},"end":{"line":57,"column":7}},"16":{"start":{"line":51,"column":6},"end":{"line":56,"column":7}},"17":{"start":{"line":52,"column":8},"end":{"line":55,"column":10}},"18":{"start":{"line":60,"column":2},"end":{"line":60,"column":23}},"19":{"start":{"line":63,"column":18},"end":{"line":105,"column":1}},"20":{"start":{"line":107,"column":21},"end":{"line":119,"column":1}},"21":{"start":{"line":121,"column":11},"end":{"line":121,"column":62}},"22":{"start":{"line":125,"column":4},"end":{"line":125,"column":17}},"23":{"start":{"line":126,"column":4},"end":{"line":134,"column":6}},"24":{"start":{"line":136,"column":4},"end":{"line":136,"column":67}},"25":{"start":{"line":137,"column":4},"end":{"line":137,"column":67}},"26":{"start":{"line":138,"column":4},"end":{"line":138,"column":67}},"27":{"start":{"line":139,"column":4},"end":{"line":139,"column":59}},"28":{"start":{"line":143,"column":4},"end":{"line":145,"column":5}},"29":{"start":{"line":144,"column":6},"end":{"line":144,"column":102}},"30":{"start":{"line":149,"column":4},"end":{"line":149,"column":56}},"31":{"start":{"line":153,"column":4},"end":{"line":153,"column":56}},"32":{"start":{"line":160,"column":8},"end":{"line":160,"column":18}},"33":{"start":{"line":161,"column":71},"end":{"line":161,"column":81}},"34":{"start":{"line":167,"column":30},"end":{"line":167,"column":112}},"35":{"start":{"line":168,"column":22},"end":{"line":168,"column":54}},"36":{"start":{"line":169,"column":30},"end":{"line":169,"column":64}},"37":{"start":{"line":177,"column":4},"end":{"line":184,"column":5}},"38":{"start":{"line":178,"column":6},"end":{"line":181,"column":10}},"39":{"start":{"line":178,"column":27},"end":{"line":181,"column":7}},"40":{"start":{"line":183,"column":6},"end":{"line":183,"column":27}},"41":{"start":{"line":188,"column":4},"end":{"line":188,"column":54}},"42":{"start":{"line":190,"column":4},"end":{"line":195,"column":8}},"43":{"start":{"line":190,"column":25},"end":{"line":195,"column":5}},"44":{"start":{"line":208,"column":8},"end":{"line":208,"column":18}},"45":{"start":{"line":209,"column":86},"end":{"line":209,"column":96}},"46":{"start":{"line":211,"column":22},"end":{"line":211,"column":58}},"47":{"start":{"line":213,"column":27},"end":{"line":222,"column":5}},"48":{"start":{"line":225,"column":6},"end":{"line":238,"column":8}},"49":{"start":{"line":227,"column":8},"end":{"line":237,"column":10}},"50":{"start":{"line":242,"column":27},"end":{"line":242,"column":78}},"51":{"start":{"line":243,"column":33},"end":{"line":243,"column":85}},"52":{"start":{"line":244,"column":33},"end":{"line":244,"column":86}},"53":{"start":{"line":247,"column":6},"end":{"line":249,"column":12}},"54":{"start":{"line":252,"column":6},"end":{"line":284,"column":17}},"55":{"start":{"line":286,"column":4},"end":{"line":286,"column":120}},"56":{"start":{"line":290,"column":0},"end":{"line":290,"column":39}},"57":{"start":{"line":291,"column":0},"end":{"line":291,"column":45}}},"fnMap":{"0":{"name":"checkMatrixData","decl":{"start":{"line":12,"column":16},"end":{"line":12,"column":31}},"loc":{"start":{"line":12,"column":64},"end":{"line":61,"column":1}},"line":12},"1":{"name":"(anonymous_1)","decl":{"start":{"line":50,"column":34},"end":{"line":50,"column":35}},"loc":{"start":{"line":50,"column":43},"end":{"line":57,"column":5}},"line":50},"2":{"name":"(anonymous_2)","decl":{"start":{"line":111,"column":15},"end":{"line":111,"column":16}},"loc":{"start":{"line":111,"column":21},"end":{"line":111,"column":23}},"line":111},"3":{"name":"(anonymous_3)","decl":{"start":{"line":124,"column":2},"end":{"line":124,"column":3}},"loc":{"start":{"line":124,"column":21},"end":{"line":140,"column":3}},"line":124},"4":{"name":"(anonymous_4)","decl":{"start":{"line":142,"column":2},"end":{"line":142,"column":3}},"loc":{"start":{"line":142,"column":32},"end":{"line":146,"column":3}},"line":142},"5":{"name":"(anonymous_5)","decl":{"start":{"line":148,"column":2},"end":{"line":148,"column":3}},"loc":{"start":{"line":148,"column":24},"end":{"line":150,"column":3}},"line":148},"6":{"name":"(anonymous_6)","decl":{"start":{"line":152,"column":2},"end":{"line":152,"column":3}},"loc":{"start":{"line":152,"column":24},"end":{"line":154,"column":3}},"line":152},"7":{"name":"(anonymous_7)","decl":{"start":{"line":156,"column":2},"end":{"line":156,"column":3}},"loc":{"start":{"line":156,"column":54},"end":{"line":185,"column":3}},"line":156},"8":{"name":"(anonymous_8)","decl":{"start":{"line":178,"column":20},"end":{"line":178,"column":21}},"loc":{"start":{"line":178,"column"
[...]
,"/Users/awais/Argos/common-react-components/src/components/utils/esnext/index.js": {"path":"/Users/awais/Argos/common-react-components/src/components/utils/esnext/index.js","statementMap":{},"fnMap":{},"branchMap":{},"s":{},"f":{},"b":{},"_coverageSchema":"332fd63041d2c1bcb487cc26dd0d5f7d97098a6c","hash":"fbb14747574743d9ca8b28d573a1ef3407ac2851"}
,"/Users/awais/Argos/common-react-components/src/components/utils/esnext/formatAddress/formatAddress.js": {"path":"/Users/awais/Argos/common-react-components/src/components/utils/esnext/formatAddress/formatAddress.js","statementMap":{"0":{"start":{"line":2,"column":22},"end":{"line":2,"column":60}},"1":{"start":{"line":2,"column":34},"end":{"line":2,"column":59}},"2":{"start":{"line":3,"column":24},"end":{"line":3,"column":62}},"3":{"start":{"line":3,"column":36},"end":{"line":3,"column":61}},"4":{"start":{"line":4,"column":24},"end":{"line":4,"column":42}},"5":{"start":{"line":5,"column":24},"end":{"line":5,"column":42}},"6":{"start":{"line":6,"column":24},"end":{"line":6,"column":42}},"7":{"start":{"line":7,"column":26},"end":{"line":7,"column":48}},"8":{"start":{"line":8,"column":25},"end":{"line":8,"column":46}},"9":{"start":{"line":9,"column":27},"end":{"line":9,"column":57}},"10":{"start":{"line":10,"column":23},"end":{"line":10,"column":33}},"11":{"start":{"line":11,"column":19},"end":{"line":11,"column":138}},"12":{"start":{"line":12,"column":17},"end":{"line":14,"column":25}},"13":{"start":{"line":15,"column":2},"end":{"line":15,"column":16}}},"fnMap":{"0":{"name":"formatAddress","decl":{"start":{"line":1,"column":9},"end":{"line":1,"column":22}},"loc":{"start":{"line":1,"column":81},"end":{"line":16,"column":1}},"line":1},"1":{"name":"(anonymous_1)","decl":{"start":{"line":2,"column":22},"end":{"line":2,"column":23}},"loc":{"start":{"line":2,"column":34},"end":{"line":2,"column":59}},"line":2},"2":{"name":"(anonymous_2)","decl":{"start":{"line":3,"column":24},"end":{"line":3,"column":25}},"loc":{"start":{"line":3,"column":36},"end":{"line":3,"column":61}},"line":3}},"branchMap":{"0":{"loc":{"start":{"line":2,"column":34},"end":{"line":2,"column":59}},"type":"cond-expr","locations":[{"start":{"line":2,"column":42},"end":{"line":2,"column":54}},{"start":{"line":2,"column":57},"end":{"line":2,"column":59}}],"line":2},"1":{"loc":{"start":{"line":3,"column":36},"end":{"line":3,"column":61}},"type":"cond-expr","locations":[{"start":{"line":3,"column":44},"end":{"line":3,"column":56}},{"start":{"line":3,"column":59},"end":{"line":3,"column":61}}],"line":3},"2":{"loc":{"start":{"line":9,"column":27},"end":{"line":9,"column":57}},"type":"cond-expr","locations":[{"start":{"line":9,"column":38},"end":{"line":9,"column":52}},{"start":{"line":9,"column":55},"end":{"line":9,"column":57}}],"line":9},"3":{"loc":{"start":{"line":10,"column":23},"end":{"line":10,"column":33}},"type":"binary-expr","locations":[{"start":{"line":10,"column":23},"end":{"line":10,"column":27}},{"start":{"line":10,"column":31},"end":{"line":10,"column":33}}],"line":10}},"s":{"0":16,"1":48,"2":16,"3":32,"4":16,"5":16,"6":16,"7":16,"8":16,"9":16,"10":16,"11":16,"12":16,"13":16},"f":{"0":16,"1":48,"2":32},"b":{"0":[29,19],"1":[13,19],"2":[11,5],"3":[16,5]},"_coverageSchema":"332fd63041d2c1bcb487cc26dd0d5f7d97098a6c","hash":"24923fd75f41e6429d744357f385c3ba85101512"}
,"/Users/awais/Argos/common-react-components/src/components/utils/esnext/formatAddress/index.js": {"path":"/Users/awais/Argos/common-react-components/src/components/utils/esnext/formatAddress/index.js","statementMap":{},"fnMap":{},"branchMap":{},"s":{},"f":{},"b":{},"_coverageSchema":"332fd63041d2c1bcb487cc26dd0d5f7d97098a6c","hash":"5ad2b0bfbe3ba3a8c77a220e49a120b2e1427df5"}
,"/Users/awais/Argos/common-react-components/src/components/utils/esnext/formatCurrency/formatCurrency.js": {"path":"/Users/awais/Argos/common-react-components/src/components/utils/esnext/formatCurrency/formatCurrency.js","statementMap":{"0":{"start":{"line":13,"column":23},"end":{"line":39,"column":1}},"1":{"start":{"line":14,"column":35},"end":{"line":22,"column":3}},"2":{"start":{"line":15,"column":36},"end":{"line":19,"column":5}},"3":{"start":{"line":21,"column":4},"end":{"line":21,"column":118}},"4":{"start":{"line":24,"column":35},"end":{"line":34,"column":3}},"5":{"start":{"line":25,"column":36},"end":{"line":31,"column":5}},"6":{"start":{"line":33,"column":4},"end":{"line":33,"column":100}},"7":{"start":{"line":36,"column":2},"end":{"line":38,"column":50}}},"fnMap":{"0":{"name":"(anonymous_0)","decl":{"start":{"line":13,"column":23},"end":{"line":13,"column":24}},"loc":{"start":{"line":13,"column":52},"end":{"line":39,"column":1}},"line":13},"1":{"name":"(anonymous_1)","decl":{"start":{"line":14,"column":35},"end":{"line":14,"column":36}},"loc":{"start":{"line":14,"column":65},"end":{"line":22,"column":3}},"line":14},"2":{"name":"(anonymous_2)","decl":{"start":{"line":24,"column":35},"end":{"line":24,"column":36}},"loc":{"start":{"line":24,"column":57},"end":{"line":34,"column":3}},"line":24}},"branchMap":{"0":{"loc":{"start":{"line":14,"column":38},"end":{"line":14,"column":58}},"type":"default-arg","locations":[{"start":{"line":14,"column":53},"end":{"line":14,"column":58}}],"line":14},"1":{"loc":{"start":{"line":21,"column":11},"end":{"line":21,"column":117}},"type":"cond-expr","locations":[{"start":{"line":21,"column":51},"end":{"line":21,"column":88}},{"start":{"line":21,"column":91},"end":{"line":21,"column":117}}],"line":21},"2":{"loc":{"start":{"line":24,"column":38},"end":{"line":24,"column":50}},"type":"default-arg","locations":[{"start":{"line":24,"column":47},"end":{"line":24,"column":50}}],"line":24},"3":{"loc":{"start":{"line":33,"column":11},"end":{"line":33,"column":99}},"type":"cond-expr","locations":[{"start":{"line":33,"column":45},"end":{"line":33,"column":76}},{"start":{"line":33,"column":79},"end":{"line":33,"column":99}}],"line":33},"4":{"loc":{"start":{"line":36,"column":9},"end":{"line":38,"column":49}},"type":"cond-expr","locations":[{"start":{"line":37,"column":6},"end":{"line":37,"column":55}},{"start":{"line":38,"column":6},"end":{"line":38,"column":49}}],"line":36}},"s":{"0":7,"1":6,"2":3,"3":3,"4":6,"5":3,"6":3,"7":6},"f":{"0":6,"1":3,"2":3},"b":{"0":[1],"1":[2,1],"2":[1],"3":[2,1],"4":[3,3]},"_coverageSchema":"332fd63041d2c1bcb487cc26dd0d5f7d97098a6c","hash":"4dec02d75ea8adf2fa82a5ce4c2cd53228a38709"}
,"/Users/awais/Argos/common-react-components/src/components/utils/esnext/formatCurrency/index.js": {"path":"/Users/awais/Argos/common-react-components/src/components/utils/esnext/formatCurrency/index.js","statementMap":{},"fnMap":{},"branchMap":{},"s":{},"f":{},"b":{},"_coverageSchema":"332fd63041d2c1bcb487cc26dd0d5f7d97098a6c","hash":"29bb7fcdbeb6d7d31c63dc16e1231d57e4e79e8c"}
,"/Users/awais/Argos/common-react-components/src/components/utils/esnext/formatDateRange/formatDateRange.js": {"path":"/Users/awais/Argos/common-react-components/src/components/utils/esnext/formatDateRange/formatDateRange.js","statementMap":{"0":{"start":{"line":11,"column":24},"end":{"line":37,"column":1}},"1":{"start":{"line":12,"column":2},"end":{"line":14,"column":5}},"2":{"start":{"line":16,"column":2},"end":{"line":18,"column":3}},"3":{"start":{"line":17,"column":4},"end":{"line":17,"column":21}},"4":{"start":{"line":19,"column":26},"end":{"line":19,"column":43}},"5":{"start":{"line":20,"column":24},"end":{"line":20,"column":39}},"6":{"start":{"line":22,"column":2},"end":{"line":24,"column":3}},"7":{"start":{"line":23,"column":4},"end":{"line":23,"column":14}},"8":{"start":{"line":26,"column":24},"end":{"line":26,"column":56}},"9":{"start":{"line":27,"column":22},"end":{"line":27,"column":52}},"10":{"start":{"line":29,"column":24},"end":{"line":29,"column":99}},"11":{"start":{"line":29,"column":35},"end":{"line":29,"column":98}},"12":{"start":{"line":31,"column":18},"end":{"line":31,"column":74}},"13":{"start":{"line":33,"column":2},"end":{"line":34,"column":117}},"14":{"start":{"line":36,"column":2},"end":{"line":36,"column":19}}},"fnMap":{"0":{"name":"(anonymous_0)","decl":{"start":{"line":11,"column":24},"end":{"line":11,"column":25}},"loc":{"start":{"line":11,"column":48},"end":{"line":37,"column":1}},"line":11},"1":{"name":"(anonymous_1)","decl":{"start":{"line":29,"column":24},"end":{"line":29,"column":25}},"loc":{"start":{"line":29,"column":35},"end":{"line":29,"column":98}},"line":29}},"branchMap":{"0":{"loc":{"start":{"line":16,"column":2},"end":{"line":18,"column":3}},"type":"if","locations":[{"start":{"line":16,"column":2},"end":{"line":18,"column":3}},{"start":{"line":16,"column":2},"end":{"line":18,"column":3}}],"line":16},"1":{"loc":{"start":{"line":16,"column":6},"end":{"line":16,"column":28}},"type":"binary-expr","locations":[{"start":{"line":16,"column":6},"end":{"line":16,"column":16}},{"start":{"line":16,"column":20},"end":{"line":16,"column":28}}],"line":16},"2":{"loc":{"start":{"line":22,"column":2},"end":{"line":24,"column":3}},"type":"if","locations":[{"start":{"line":22,"column":2},"end":{"line":24,"column":3}},{"start":{"line":22,"column":2},"end":{"line":24,"column":3}}],"line":22},"3":{"loc":{"start":{"line":22,"column":6},"end":{"line":22,"column":40}},"type":"binary-expr","locations":[{"start":{"line":22,"column":6},"end":{"line":22,"column":22}},{"start":{"line":22,"column":26},"end":{"line":22,"column":40}}],"line":22},"4":{"loc":{"start":{"line":29,"column":35},"end":{"line":29,"column":98}},"type":"cond-expr","locations":[{"start":{"line":29,"column":58},"end":{"line":29,"column":75}},{"start":{"line":29,"column":78},"end":{"line":29,"column":98}}],"line":29},"5":{"loc":{"start":{"line":34,"column":4},"end":{"line":34,"column":116}},"type":"cond-expr","locations":[{"start":{"line":34,"column":36},"end":{"line":34,"column":64}},{"start":{"line":34,"column":67},"end":{"line":34,"column":116}}],"line":34}},"s":{"0":8,"1":6,"2":6,"3":0,"4":6,"5":6,"6":6,"7":0,"8":6,"9":6,"10":6,"11":12,"12":6,"13":6,"14":6},"f":{"0":6,"1":12},"b":{"0":[0,6],"1":[6,6],"2":[0,6],"3":[6,6],"4":[4,8],"5":[4,2]},"_coverageSchema":"332fd63041d2c1bcb487cc26dd0d5f7d97098a6c","hash":"2400fb8fdf1b973d1cfcaed15b5dca876912812e"}
,"/Users/awais/Argos/common-react-components/src/components/utils/esnext/formatDateRange/index.js": {"path":"/Users/awais/Argos/common-react-components/src/components/utils/esnext/formatDateRange/index.js","statementMap":{},"fnMap":{},"branchMap":{},"s":{},"f":{},"b":{},"_coverageSchema":"332fd63041d2c1bcb487cc26dd0d5f7d97098a6c","hash":"5049db7a95b5d48f6c89150a197c862e96096d22"}
,"/Users/awais/Argos/common-react-components/src/components/utils/esnext/formatMoney/formatMoney.js": {"path":"/Users/awais/Argos/common-react-components/src/components/utils/esnext/formatMoney/formatMoney.js","statementMap":{"0":{"start":{"line":13,"column":20},"end":{"line":16,"column":1}},"1":{"start":{"line":14,"column":18},"end":{"line":14,"column":49}},"2":{"start":{"line":15,"column":2},"end":{"line":15,"column":69}}},"fnMap":{"0":{"name":"(anonymous_0)","decl":{"start":{"line":13,"column":20},"end":{"line":13,"column":21}},"loc":{"start":{"line":13,"column":55},"end":{"line":16,"column":1}},"line":13}},"branchMap":{"0":{"loc":{"start":{"line":13,"column":34},"end":{"line":13,"column":50}},"type":"default-arg","locations":[{"start":{"line":13,"column":45},"end":{"line":13,"column":50}}],"line":13}},"s":{"0":7,"1":2,"2":2},"f":{"0":2},"b":{"0":[1]},"_coverageSchema":"332fd63041d2c1bcb487cc26dd0d5f7d97098a6c","hash":"752c8d9e259088f5b131af8af7b0fbfeb75b8e27"}
,"/Users/awais/Argos/common-react-components/src/components/utils/esnext/formatMoney/index.js": {"path":"/Users/awais/Argos/common-react-components/src/components/utils/esnext/formatMoney/index.js","statementMap":{},"fnMap":{},"branchMap":{},"s":{},"f":{},"b":{},"_coverageSchema":"332fd63041d2c1bcb487cc26dd0d5f7d97098a6c","hash":"3b7a3b19ae42eeb2d791229800578851849f212e"}
,"/Users/awais/Argos/common-react-components/src/components/utils/esnext/formatName/formatName.js": {"path":"/Users/awais/Argos/common-react-components/src/components/utils/esnext/formatName/formatName.js","statementMap":{"0":{"start":{"line":2,"column":2},"end":{"line":2,"column":72}},"1":{"start":{"line":2,"column":25},"end":{"line":2,"column":72}},"2":{"start":{"line":3,"column":25},"end":{"line":3,"column":49}},"3":{"start":{"line":4,"column":24},"end":{"line":4,"column":46}},"4":{"start":{"line":5,"column":30},"end":{"line":5,"column":64}},"5":{"start":{"line":6,"column":2},"end":{"line":6,"column":91}}},"fnMap":{"0":{"name":"formatName","decl":{"start":{"line":1,"column":9},"end":{"line":1,"column":19}},"loc":{"start":{"line":1,"column":58},"end":{"line":7,"column":1}},"line":1}},"branchMap":{"0":{"loc":{"start":{"line":2,"column":2},"end":{"line":2,"column":72}},"type":"if","locations":[{"start":{"line":2,"column":2},"end":{"line":2,"column":72}},{"start":{"line":2,"column":2},"end":{"line":2,"column":72}}],"line":2},"1":{"loc":{"start":{"line":2,"column":6},"end":{"line":2,"column":23}},"type":"binary-expr","locations":[{"start":{"line":2,"column":6},"end":{"line":2,"column":11}},{"start":{"line":2,"column":15},"end":{"line":2,"column":23}}],"line":2},"2":{"loc":{"start":{"line":3,"column":25},"end":{"line":3,"column":49}},"type":"cond-expr","locations":[{"start":{"line":3,"column":33},"end":{"line":3,"column":44}},{"start":{"line":3,"column":47},"end":{"line":3,"column":49}}],"line":3},"3":{"loc":{"start":{"line":4,"column":24},"end":{"line":4,"column":46}},"type":"cond-expr","locations":[{"start":{"line":4,"column":31},"end":{"line":4,"column":41}},{"start":{"line":4,"column":44},"end":{"line":4,"column":46}}],"line":4},"4":{"loc":{"start":{"line":5,"column":30},"end":{"line":5,"column":64}},"type":"cond-expr","locations":[{"start":{"line":5,"column":43},"end":{"line":5,"column":59}},{"start":{"line":5,"column":62},"end":{"line":5,"column":64}}],"line":5}},"s":{"0":14,"1":1,"2":13,"3":13,"4":13,"5":13},"f":{"0":14},"b":{"0":[1,13],"1":[14,2],"2":[12,1],"3":[12,1],"4":[10,3]},"_coverageSchema":"332fd63041d2c1bcb487cc26dd0d5f7d97098a6c","hash":"20181c191d674e945ae9073798510bf1f1891668"}
,"/Users/awais/Argos/common-react-components/src/components/utils/esnext/formatName/index.js": {"path":"/Users/awais/Argos/common-react-components/src/components/utils/esnext/formatName/index.js","statementMap":{},"fnMap":{},"branchMap":{},"s":{},"f":{},"b":{},"_coverageSchema":"332fd63041d2c1bcb487cc26dd0d5f7d97098a6c","hash":"4dbe15c0d3a90a4d9a0470fb4c4f59803f5d0bec"}
,"/Users/awais/Argos/common-react-components/src/components/utils/esnext/formatTimeRange/formatTimeRange.js": {"path":"/Users/awais/Argos/common-react-components/src/components/utils/esnext/formatTimeRange/formatTimeRange.js","statementMap":{"0":{"start":{"line":3,"column":24},"end":{"line":7,"column":1}},"1":{"start":{"line":4,"column":24},"end":{"line":4,"column":59}},"2":{"start":{"line":5,"column":24},"end":{"line":5,"column":48}},"3":{"start":{"line":6,"column":2},"end":{"line":6,"column":78}}},"fnMap":{"0":{"name":"(anonymous_0)","decl":{"start":{"line":3,"column":24},"end":{"line":3,"column":25}},"loc":{"start":{"line":3,"column":48},"end":{"line":7,"column":1}},"line":3}},"branchMap":{"0":{"loc":{"start":{"line":6,"column":9},"end":{"line":6,"column":77}},"type":"cond-expr","locations":[{"start":{"line":6,"column":38},"end":{"line":6,"column":61}},{"start":{"line":6,"column":64},"end":{"line":6,"column":77}}],"line":6}},"s":{"0":1,"1":3,"2":3,"3":3},"f":{"0":3},"b":{"0":[2,1]},"_coverageSchema":"332fd63041d2c1bcb487cc26dd0d5f7d97098a6c","hash":"0704870084d3b40520e08fe7c23e1c9d8b57a563"}
,"/Users/awais/Argos/common-react-components/src/components/utils/esnext/isEmpty/index.js": {"path":"/Users/awais/Argos/common-react-components/src/components/utils/esnext/isEmpty/index.js","statementMap":{},"fnMap":{},"branchMap":{},"s":{},"f":{},"b":{},"_coverageSchema":"332fd63041d2c1bcb487cc26dd0d5f7d97098a6c","hash":"0e34d5d45968b4fa140935b9d9aadf049891bde7"}
,"/Users/awais/Argos/common-react-components/src/components/utils/esnext/isEmpty/isEmpty.js": {"path":"/Users/awais/Argos/common-react-components/src/components/utils/esnext/isEmpty/isEmpty.js","statementMap":{"0":{"start":{"line":13,"column":2},"end":{"line":13,"column":33}},"1":{"start":{"line":13,"column":21},"end":{"line":13,"column":33}},"2":{"start":{"line":14,"column":19},"end":{"line":14,"column":31}},"3":{"start":{"line":15,"column":2},"end":{"line":15,"column":44}},"4":{"start":{"line":15,"column":32},"end":{"line":15,"column":44}},"5":{"start":{"line":16,"column":2},"end":{"line":26,"column":3}},"6":{"start":{"line":18,"column":6},"end":{"line":18,"column":34}},"7":{"start":{"line":20,"column":6},"end":{"line":20,"column":50}},"8":{"start":{"line":23,"column":6},"end":{"line":23,"column":19}},"9":{"start":{"line":25,"column":6},"end":{"line":25,"column":63}}},"fnMap":{"0":{"name":"isEmpty","decl":{"start":{"line":12,"column":24},"end":{"line":12,"column":31}},"loc":{"start":{"line":12,"column":39},"end":{"line":27,"column":1}},"line":12}},"branchMap":{"0":{"loc":{"start":{"line":13,"column":2},"end":{"line":13,"column":33}},"type":"if","locations":[{"start":{"line":13,"column":2},"end":{"line":13,"column":33}},{"start":{"line":13,"column":2},"end":{"line":13,"column":33}}],"line":13},"1":{"loc":{"start":{"line":15,"column":2},"end":{"line":15,"column":44}},"type":"if","locations":[{"start":{"line":15,"column":2},"end":{"line":15,"column":44}},{"start":{"line":15,"column":2},"end":{"line":15,"column":44}}],"line":15},"2":{"loc":{"start":{"line":16,"column":2},"end":{"line":26,"column":3}},"type":"switch","locations":[{"start":{"line":17,"column":4},"end":{"line":18,"column":34}},{"start":{"line":19,"column":4},"end":{"line":20,"column":50}},{"start":{"line":21,"column":4},"end":{"line":21,"column":18}},{"start":{"line":22,"column":4},"end":{"line":23,"column":19}},{"start":{"line":24,"column":4},"end":{"line":25,"column":63}}],"line":16},"3":{"loc":{"start":{"line":20,"column":13},"end":{"line":20,"column":49}},"type":"binary-expr","locations":[{"start":{"line":20,"column":13},"end":{"line":20,"column":26}},{"start":{"line":20,"column":30},"end":{"line":20,"column":49}}],"line":20}},"s":{"0":185,"1":81,"2":104,"3":104,"4":0,"5":104,"6":49,"7":39,"8":16,"9":0},"f":{"0":185},"b":{"0":[81,104],"1":[0,104],"2":[49,39,2,16,0],"3":[39,39]},"_coverageSchema":"332fd63041d2c1bcb487cc26dd0d5f7d97098a6c","hash":"63ed719ae64c52bfe9c10cbbe1ab064c04a7d748"}
,"/Users/awais/Argos/common-react-components/src/components/utils/esnext/isObjectEmpty/index.js": {"path":"/Users/awais/Argos/common-react-components/src/components/utils/esnext/isObjectEmpty/index.js","statementMap":{},"fnMap":{},"branchMap":{},"s":{},"f":{},"b":{},"_coverageSchema":"332fd63041d2c1bcb487cc26dd0d5f7d97098a6c","hash":"a1a9b92e70cbbb9dd3703ac39151cb81b51a55cc"}
,"/Users/awais/Argos/common-react-components/src/components/utils/esnext/isObjectEmpty/isObjectEmpty.js": {"path":"/Users/awais/Argos/common-react-components/src/components/utils/esnext/isObjectEmpty/isObjectEmpty.js","statementMap":{"0":{"start":{"line":10,"column":2},"end":{"line":15,"column":4}}},"fnMap":{"0":{"name":"isObjectEmpty","decl":{"start":{"line":9,"column":24},"end":{"line":9,"column":37}},"loc":{"start":{"line":9,"column":43},"end":{"line":16,"column":1}},"line":9}},"branchMap":{"0":{"loc":{"start":{"line":12,"column":4},"end":{"line":14,"column":97}},"type":"binary-expr","locations":[{"start":{"line":12,"column":4},"end":{"line":12,"column":15}},{"start":{"line":13,"column":5},"end":{"line":13,"column":34}},{"start":{"line":14,"column":7},"end":{"line":14,"column":49}},{"start":{"line":14,"column":53},"end":{"line":14,"column":95}}],"line":12}},"s":{"0":55},"f":{"0":55},"b":{"0":[55,53,5,1]},"_coverageSchema":"332fd63041d2c1bcb487cc26dd0d5f7d97098a6c","hash":"0fca5ca0befc7adb4af3a2c6b630741bb75a038b"}
}
