TN:
SF:/Users/awais/Argos/common-react-components/src/components/accordion/esnext/accordion.jsx
FN:24,(anonymous_0)
FN:26,(anonymous_1)
FN:30,(anonymous_2)
FN:34,(anonymous_3)
FN:40,(anonymous_4)
FNF:5
FNH:2
FNDA:0,(anonymous_0)
FNDA:0,(anonymous_1)
FNDA:0,(anonymous_2)
FNDA:1,(anonymous_3)
FNDA:1,(anonymous_4)
DA:9,1
DA:11,1
DA:25,0
DA:26,0
DA:27,0
DA:31,0
DA:35,1
DA:36,1
DA:37,1
DA:41,1
DA:64,1
LF:11
LH:7
BRDA:25,0,0,0
BRDA:25,0,1,0
BRDA:26,1,0,0
BRDA:26,1,1,0
BRDA:27,2,0,0
BRDA:27,2,1,0
BRDA:39,3,0,1
BRDA:39,3,1,1
BRDA:49,4,0,1
BRDA:49,4,1,1
BRF:10
BRH:4
end_of_record
TN:
SF:/Users/awais/Argos/common-react-components/src/components/accordion/esnext/accordionCard.jsx
FN:18,(anonymous_0)
FN:28,(anonymous_1)
FN:31,(anonymous_2)
FN:32,(anonymous_3)
FN:38,(anonymous_4)
FN:44,(anonymous_5)
FN:49,(anonymous_6)
FNF:7
FNH:7
FNDA:2,(anonymous_0)
FNDA:1,(anonymous_1)
FNDA:1,(anonymous_2)
FNDA:1,(anonymous_3)
FNDA:2,(anonymous_4)
FNDA:3,(anonymous_5)
FNDA:4,(anonymous_6)
DA:5,2
DA:13,2
DA:19,2
DA:20,2
DA:21,2
DA:29,1
DA:30,1
DA:31,1
DA:33,1
DA:39,2
DA:40,2
DA:41,2
DA:45,3
DA:46,3
DA:50,4
DA:51,4
DA:52,4
DA:53,4
DA:71,2
DA:72,2
LF:20
LH:20
BRDA:24,0,0,2
BRDA:24,0,1,0
BRDA:24,0,2,0
BRDA:31,1,0,1
BRDA:31,1,1,1
BRDA:41,2,0,2
BRDA:41,2,1,0
BRDA:41,3,0,2
BRDA:41,3,1,0
BRDA:41,3,2,0
BRDA:41,4,0,0
BRDA:41,4,1,0
BRDA:41,4,2,0
BRDA:46,5,0,3
BRDA:46,5,1,1
BRDA:52,6,0,1
BRDA:52,6,1,3
BRDA:56,7,0,4
BRDA:56,7,1,0
BRDA:62,8,0,4
BRDA:62,8,1,0
BRF:21
BRH:11
end_of_record
TN:
SF:/Users/awais/Argos/common-react-components/src/components/address/esnext/Address.jsx
FN:11,(anonymous_0)
FN:12,(anonymous_1)
FNF:2
FNH:2
FNDA:4,(anonymous_0)
FNDA:4,(anonymous_1)
DA:9,2
DA:11,2
DA:12,4
DA:13,4
DA:15,1
DA:17,1
DA:19,2
DA:22,4
DA:25,2
LF:9
LH:9
BRDA:13,0,0,1
BRDA:13,0,1,1
BRDA:13,0,2,2
BRF:3
BRH:3
end_of_record
TN:
SF:/Users/awais/Argos/common-react-components/src/components/address/esnext/index.jsx
FNF:0
FNH:0
LF:0
LH:0
BRF:0
BRH:0
end_of_record
TN:
SF:/Users/awais/Argos/common-react-components/src/components/address/esnext/components/AddressCompact/AddressCompact.jsx
FN:9,(anonymous_0)
FNF:1
FNH:1
FNDA:3,(anonymous_0)
DA:7,3
DA:9,3
DA:10,3
DA:29,3
LF:4
LH:4
BRDA:11,0,0,3
BRDA:11,0,1,0
BRDA:11,0,2,0
BRDA:11,0,3,3
BRDA:16,1,0,3
BRDA:16,1,1,0
BRDA:16,1,2,0
BRDA:16,1,3,3
BRDA:21,2,0,3
BRDA:21,2,1,2
BRF:10
BRH:6
end_of_record
TN:
SF:/Users/awais/Argos/common-react-components/src/components/address/esnext/components/AddressCompact/index.jsx
FNF:0
FNH:0
LF:0
LH:0
BRF:0
BRH:0
end_of_record
TN:
SF:/Users/awais/Argos/common-react-components/src/components/address/esnext/components/AddressDetailed/AddressDetailed.jsx
FN:8,(anonymous_0)
FNF:1
FNH:1
FNDA:3,(anonymous_0)
DA:6,3
DA:8,3
DA:9,3
DA:42,3
LF:4
LH:4
BRDA:13,0,0,3
BRDA:13,0,1,1
BRDA:18,1,0,3
BRDA:18,1,1,1
BRDA:26,2,0,3
BRDA:26,2,1,1
BRDA:34,3,0,3
BRDA:34,3,1,1
BRF:8
BRH:8
end_of_record
TN:
SF:/Users/awais/Argos/common-react-components/src/components/address/esnext/components/AddressDetailed/index.jsx
FNF:0
FNH:0
LF:0
LH:0
BRF:0
BRH:0
end_of_record
TN:
SF:/Users/awais/Argos/common-react-components/src/components/address/esnext/components/AddressInline/AddressInline.jsx
FN:9,(anonymous_0)
FNF:1
FNH:1
FNDA:1,(anonymous_0)
DA:7,3
DA:9,3
DA:10,1
DA:19,3
LF:4
LH:4
BRF:0
BRH:0
end_of_record
TN:
SF:/Users/awais/Argos/common-react-components/src/components/address/esnext/components/AddressInline/index.jsx
FNF:0
FNH:0
LF:0
LH:0
BRF:0
BRH:0
end_of_record
TN:
SF:/Users/awais/Argos/common-react-components/src/components/button/esnext/Button.jsx
FN:42,(anonymous_0)
FNF:1
FNH:1
FNDA:15,(anonymous_0)
DA:7,5
DA:9,5
DA:10,5
DA:12,5
DA:28,5
DA:42,5
DA:58,15
DA:67,15
DA:69,15
DA:79,15
DA:95,15
DA:98,5
DA:99,5
LF:13
LH:13
BRDA:58,0,0,1
BRDA:58,0,1,14
BRDA:61,1,0,1
BRDA:61,1,1,1
BRDA:72,2,0,1
BRDA:72,2,1,14
BRDA:73,3,0,1
BRDA:73,3,1,14
BRDA:75,4,0,15
BRDA:75,4,1,0
BRDA:91,5,0,2
BRDA:91,5,1,13
BRDA:95,6,0,0
BRDA:95,6,1,15
BRF:14
BRH:12
end_of_record
TN:
SF:/Users/awais/Argos/common-react-components/src/components/card/esnext/card.jsx
FN:72,(anonymous_0)
FN:76,(anonymous_1)
FN:86,(anonymous_2)
FN:91,(anonymous_3)
FN:126,(anonymous_4)
FN:171,(anonymous_5)
FNF:6
FNH:5
FNDA:0,(anonymous_0)
FNDA:1,(anonymous_1)
FNDA:1,(anonymous_2)
FNDA:14,(anonymous_3)
FNDA:14,(anonymous_4)
FNDA:2,(anonymous_5)
DA:12,3
DA:14,3
DA:16,3
DA:33,3
DA:35,3
DA:63,3
DA:73,0
DA:77,1
DA:78,1
DA:80,1
DA:81,0
DA:83,1
DA:86,1
DA:108,14
DA:110,14
DA:111,14
DA:112,14
DA:114,14
DA:115,14
DA:117,14
DA:126,14
DA:127,14
DA:128,1
DA:134,13
DA:135,2
DA:137,11
DA:140,14
DA:172,2
DA:194,3
DA:195,3
LF:30
LH:28
BRDA:80,0,0,0
BRDA:80,0,1,1
BRDA:110,1,0,2
BRDA:110,1,1,12
BRDA:110,2,0,2
BRDA:110,2,1,2
BRDA:110,3,0,12
BRDA:110,3,1,12
BRDA:111,4,0,0
BRDA:111,4,1,14
BRDA:112,5,0,14
BRDA:112,5,1,13
BRDA:112,5,2,1
BRDA:114,6,0,4
BRDA:114,6,1,10
BRDA:114,7,0,14
BRDA:114,7,1,11
BRDA:115,8,0,3
BRDA:115,8,1,11
BRDA:117,9,0,2
BRDA:117,9,1,12
BRDA:122,10,0,1
BRDA:122,10,1,1
BRDA:127,11,0,1
BRDA:127,11,1,13
BRDA:134,12,0,2
BRDA:134,12,1,11
BRDA:135,13,0,2
BRDA:135,13,1,1
BRDA:137,14,0,11
BRDA:137,14,1,1
BRDA:145,15,0,1
BRDA:145,15,1,13
BRDA:145,16,0,14
BRDA:145,16,1,1
BRDA:146,17,0,1
BRDA:146,17,1,1
BRDA:151,18,0,13
BRDA:151,18,1,12
BRDA:163,19,0,14
BRDA:163,19,1,1
BRDA:167,20,0,14
BRDA:167,20,1,13
BRDA:167,20,2,11
BRDA:167,20,3,1
BRDA:167,20,4,3
BRDA:169,21,0,3
BRDA:169,21,1,0
BRDA:169,21,2,0
BRDA:170,22,0,3
BRDA:170,22,1,1
BRF:51
BRH:47
end_of_record
TN:
SF:/Users/awais/Argos/common-react-components/src/components/chip/esnext/Chip.jsx
FN:10,(anonymous_0)
FNF:1
FNH:1
FNDA:3,(anonymous_0)
DA:8,1
DA:10,1
DA:11,3
DA:17,1
LF:4
LH:4
BRDA:12,0,0,3
BRDA:12,0,1,2
BRDA:13,1,0,3
BRDA:13,1,1,1
BRF:4
BRH:4
end_of_record
TN:
SF:/Users/awais/Argos/common-react-components/src/components/contact-details/esnext/ContactDetails.jsx
FN:9,(anonymous_0)
FN:10,(anonymous_1)
FN:19,(anonymous_2)
FNF:3
FNH:3
FNDA:7,(anonymous_0)
FNDA:6,(anonymous_1)
FNDA:6,(anonymous_2)
DA:7,2
DA:9,2
DA:10,7
DA:11,6
DA:19,7
DA:20,6
DA:29,7
DA:45,2
LF:8
LH:8
BRDA:9,0,0,4
BRDA:9,1,0,4
BRDA:9,2,0,0
BRDA:13,3,0,1
BRDA:13,3,1,5
BRDA:13,4,0,6
BRDA:13,4,1,2
BRDA:14,5,0,6
BRDA:14,5,1,6
BRDA:22,6,0,1
BRDA:22,6,1,5
BRDA:22,7,0,6
BRDA:22,7,1,2
BRDA:23,8,0,6
BRDA:23,8,1,6
BRDA:31,9,0,7
BRDA:31,9,1,1
BRDA:37,10,0,7
BRDA:37,10,1,0
BRDA:37,10,2,7
BRF:20
BRH:18
end_of_record
TN:
SF:/Users/awais/Argos/common-react-components/src/components/contact-details/esnext/index.jsx
FNF:0
FNH:0
LF:0
LH:0
BRF:0
BRH:0
end_of_record
TN:
SF:/Users/awais/Argos/common-react-components/src/components/credit-card-details/esnext/CreditCardDetails.jsx
FN:10,displayDate
FN:23,(anonymous_1)
FNF:2
FNH:2
FNDA:5,displayDate
FNDA:5,(anonymous_1)
DA:8,1
DA:11,5
DA:12,2
DA:13,1
DA:15,1
DA:17,3
DA:18,1
DA:20,2
DA:23,1
DA:24,5
DA:25,5
DA:26,5
DA:28,5
DA:41,1
LF:14
LH:14
BRDA:11,0,0,2
BRDA:11,0,1,3
BRDA:12,1,0,1
BRDA:12,1,1,1
BRDA:17,2,0,1
BRDA:17,2,1,2
BRDA:24,3,0,5
BRDA:24,3,1,2
BRDA:25,4,0,5
BRDA:25,4,1,2
BRDA:33,5,0,5
BRDA:33,5,1,4
BRDA:35,6,0,5
BRDA:35,6,1,5
BRDA:36,7,0,5
BRDA:36,7,1,4
BRF:16
BRH:16
end_of_record
TN:
SF:/Users/awais/Argos/common-react-components/src/components/credit-card-details/esnext/CreditCardDetails.propTypes.js
FNF:0
FNH:0
DA:3,1
LF:1
LH:1
BRF:0
BRH:0
end_of_record
TN:
SF:/Users/awais/Argos/common-react-components/src/components/customer-marketing-preferences/dummyMarketingPreferences.js
FNF:0
FNH:0
LF:0
LH:0
BRF:0
BRH:0
end_of_record
TN:
SF:/Users/awais/Argos/common-react-components/src/components/customer-marketing-preferences/esnext/CustomerMarketingPreferences.jsx
FN:52,(anonymous_0)
FN:61,(anonymous_1)
FN:62,(anonymous_2)
FN:71,(anonymous_3)
FN:91,(anonymous_4)
FNF:5
FNH:4
FNDA:5,(anonymous_0)
FNDA:5,(anonymous_1)
FNDA:5,(anonymous_2)
FNDA:0,(anonymous_3)
FNDA:2,(anonymous_4)
DA:8,1
DA:10,1
DA:47,1
DA:52,1
DA:53,5
DA:62,5
DA:63,5
DA:65,5
DA:66,5
DA:67,5
DA:70,5
DA:71,0
DA:73,0
DA:80,0
DA:91,5
DA:92,2
DA:99,5
DA:111,1
DA:112,1
LF:19
LH:16
BRDA:70,0,0,0
BRDA:70,0,1,5
BRDA:95,1,0,1
BRDA:95,1,1,1
BRF:4
BRH:3
end_of_record
TN:
SF:/Users/awais/Argos/common-react-components/src/components/delivery-details/esnext/DeliveryDetails.jsx
FN:13,(anonymous_0)
FNF:1
FNH:1
FNDA:6,(anonymous_0)
DA:11,1
DA:13,1
DA:14,6
DA:15,6
DA:17,6
DA:49,1
LF:6
LH:6
BRDA:13,0,0,3
BRDA:13,1,0,3
BRDA:13,2,0,3
BRDA:19,3,0,5
BRDA:19,3,1,1
BRDA:21,4,0,5
BRDA:21,4,1,3
BRDA:24,5,0,3
BRDA:24,5,1,3
BRDA:35,6,0,5
BRDA:35,6,1,3
BRF:11
BRH:11
end_of_record
TN:
SF:/Users/awais/Argos/common-react-components/src/components/delivery-details/esnext/DeliveryDetails.propTypes.js
FNF:0
FNH:0
DA:3,1
LF:1
LH:1
BRF:0
BRH:0
end_of_record
TN:
SF:/Users/awais/Argos/common-react-components/src/components/delivery-details/esnext/components/delivery-tracking/DeliveryGraph.jsx
FN:7,(anonymous_0)
FN:27,(anonymous_1)
FNF:2
FNH:2
FNDA:1,(anonymous_0)
FNDA:1,(anonymous_1)
DA:7,3
DA:8,1
DA:11,1
DA:27,1
DA:28,1
DA:34,1
DA:35,1
DA:37,1
DA:38,1
DA:40,1
DA:41,1
DA:43,1
DA:45,1
DA:46,1
DA:47,1
DA:49,1
DA:51,1
DA:53,1
DA:55,1
DA:78,3
LF:20
LH:20
BRDA:8,0,0,0
BRDA:8,0,1,1
BRDA:41,1,0,1
BRDA:41,1,1,0
BRDA:41,2,0,0
BRDA:41,2,1,0
BRDA:45,3,0,0
BRDA:45,3,1,1
BRDA:46,4,0,0
BRDA:46,4,1,1
BRDA:67,5,0,1
BRDA:67,5,1,0
BRDA:69,6,0,1
BRDA:69,6,1,0
BRDA:71,7,0,1
BRDA:71,7,1,1
BRF:16
BRH:8
end_of_record
TN:
SF:/Users/awais/Argos/common-react-components/src/components/delivery-details/esnext/components/delivery-tracking/DeliveryTracking.jsx
FN:11,(anonymous_0)
FNF:1
FNH:1
FNDA:5,(anonymous_0)
DA:9,2
DA:11,2
DA:21,5
DA:77,2
LF:4
LH:4
BRDA:23,0,0,5
BRDA:23,0,1,5
BRDA:28,1,0,5
BRDA:28,1,1,5
BRDA:35,2,0,5
BRDA:35,2,1,1
BRDA:35,2,2,4
BRDA:37,3,0,4
BRDA:37,3,1,4
BRDA:42,4,0,4
BRDA:42,4,1,4
BRDA:52,5,0,4
BRDA:52,5,1,4
BRDA:57,6,0,4
BRDA:57,6,1,4
BRDA:62,7,0,3
BRDA:62,7,1,1
BRDA:68,8,0,5
BRDA:68,8,1,4
BRDA:73,9,0,5
BRDA:73,9,1,4
BRF:21
BRH:21
end_of_record
TN:
SF:/Users/awais/Argos/common-react-components/src/components/delivery-details/esnext/components/delivery-tracking/index.jsx
FNF:0
FNH:0
LF:0
LH:0
BRF:0
BRH:0
end_of_record
TN:
SF:/Users/awais/Argos/common-react-components/src/components/dot/esnext/Dot.jsx
FN:8,(anonymous_0)
FNF:1
FNH:1
FNDA:3,(anonymous_0)
DA:6,1
DA:8,1
DA:9,3
DA:14,1
DA:19,1
LF:5
LH:5
BRF:0
BRH:0
end_of_record
TN:
SF:/Users/awais/Argos/common-react-components/src/components/example-package/Example.jsx
FN:19,(anonymous_0)
FNF:1
FNH:1
FNDA:3,(anonymous_0)
DA:6,1
DA:8,1
DA:14,1
DA:19,1
DA:20,3
DA:34,1
DA:35,1
LF:7
LH:7
BRDA:24,0,0,3
BRDA:24,0,1,1
BRF:2
BRH:2
end_of_record
TN:
SF:/Users/awais/Argos/common-react-components/src/components/icon-label-value/esnext/IconLabelValue.jsx
FN:12,(anonymous_0)
FN:13,(anonymous_1)
FN:27,(anonymous_2)
FN:31,(anonymous_3)
FN:49,(anonymous_4)
FNF:5
FNH:4
FNDA:14,(anonymous_0)
FNDA:1,(anonymous_1)
FNDA:4,(anonymous_2)
FNDA:0,(anonymous_3)
FNDA:1,(anonymous_4)
DA:10,18
DA:12,18
DA:13,14
DA:16,1
DA:17,0
DA:18,1
DA:19,1
DA:23,14
DA:28,4
DA:31,0
DA:38,14
DA:45,14
DA:49,1
DA:58,18
LF:14
LH:12
BRDA:16,0,0,0
BRDA:16,0,1,1
BRDA:16,1,0,1
BRDA:16,1,1,0
BRDA:16,1,2,0
BRDA:16,1,3,0
BRDA:18,2,0,1
BRDA:18,2,1,0
BRDA:23,3,0,3
BRDA:23,3,1,11
BRDA:24,4,0,1
BRDA:24,4,1,2
BRDA:30,5,0,4
BRDA:30,5,1,2
BRDA:38,6,0,1
BRDA:38,6,1,13
BRDA:50,7,0,14
BRDA:50,7,1,1
BRDA:51,8,0,14
BRDA:51,8,1,1
BRDA:52,9,0,14
BRDA:52,9,1,3
BRDA:53,10,0,14
BRDA:53,10,1,1
BRF:24
BRH:19
end_of_record
TN:
SF:/Users/awais/Argos/common-react-components/src/components/icon-label-value/esnext/index.jsx
FNF:0
FNH:0
LF:0
LH:0
BRF:0
BRH:0
end_of_record
TN:
SF:/Users/awais/Argos/common-react-components/src/components/icon/esnext/Icon.jsx
FN:6,(anonymous_0)
FNF:1
FNH:1
FNDA:8,(anonymous_0)
DA:6,30
DA:7,8
DA:8,8
DA:9,8
DA:20,30
DA:29,30
LF:6
LH:6
BRDA:8,0,0,1
BRDA:8,0,1,7
BRDA:12,1,0,8
BRDA:12,1,1,7
BRDA:13,2,0,1
BRDA:13,2,1,7
BRF:6
BRH:6
end_of_record
TN:
SF:/Users/awais/Argos/common-react-components/src/components/input-selection/esnext/InputSelection.jsx
FN:21,(anonymous_0)
FNF:1
FNH:1
FNDA:5,(anonymous_0)
DA:6,2
DA:17,2
DA:21,2
DA:22,5
DA:23,5
DA:24,5
DA:42,2
DA:43,2
LF:8
LH:8
BRDA:28,0,0,4
BRDA:28,0,1,1
BRF:2
BRH:2
end_of_record
TN:
SF:/Users/awais/Argos/common-react-components/src/components/loading/esnext/Loading.js
FN:18,(anonymous_0)
FNF:1
FNH:1
FNDA:5,(anonymous_0)
DA:18,4
DA:19,5
DA:20,5
DA:21,5
DA:23,5
DA:35,4
DA:43,4
LF:7
LH:7
BRDA:20,0,0,3
BRDA:20,0,1,2
BRDA:21,1,0,0
BRDA:21,1,1,5
BRDA:24,2,0,5
BRDA:24,2,1,0
BRF:6
BRH:4
end_of_record
TN:
SF:/Users/awais/Argos/common-react-components/src/components/loading/esnext/index.jsx
FNF:0
FNH:0
LF:0
LH:0
BRF:0
BRH:0
end_of_record
TN:
SF:/Users/awais/Argos/common-react-components/src/components/modal/esnext/Modal.jsx
FN:35,(anonymous_0)
FNF:1
FNH:1
FNDA:8,(anonymous_0)
DA:10,1
DA:33,1
DA:35,1
DA:49,8
DA:51,8
DA:53,8
DA:102,1
LF:7
LH:7
BRDA:49,0,0,8
BRDA:49,0,1,7
BRDA:49,0,2,1
BRDA:51,1,0,8
BRDA:51,1,1,7
BRDA:51,1,2,2
BRDA:57,2,0,8
BRDA:57,2,1,6
BRDA:59,3,0,6
BRDA:59,3,1,6
BRDA:60,4,0,6
BRDA:60,4,1,6
BRDA:64,5,0,1
BRDA:64,5,1,7
BRDA:66,6,0,8
BRDA:66,6,1,6
BRDA:68,7,0,6
BRDA:68,7,1,5
BRDA:80,8,0,6
BRDA:80,8,1,5
BRF:20
BRH:20
end_of_record
TN:
SF:/Users/awais/Argos/common-react-components/src/components/notification/esnext/Notification.jsx
FN:22,(anonymous_0)
FNF:1
FNH:1
FNDA:7,(anonymous_0)
DA:7,3
DA:9,3
DA:10,3
DA:12,3
DA:17,3
DA:22,3
DA:23,7
DA:25,7
DA:33,3
DA:34,3
LF:10
LH:10
BRF:0
BRH:0
end_of_record
TN:
SF:/Users/awais/Argos/common-react-components/src/components/pagination-matrix/esnext/PaginationMatrix.jsx
FN:12,checkMatrixData
FN:50,(anonymous_1)
FN:111,(anonymous_2)
FN:124,(anonymous_3)
FN:142,(anonymous_4)
FN:148,(anonymous_5)
FN:152,(anonymous_6)
FN:156,(anonymous_7)
FN:178,(anonymous_8)
FN:187,(anonymous_9)
FN:190,(anonymous_10)
FN:198,(anonymous_11)
FN:226,(anonymous_12)
FNF:13
FNH:13
FNDA:10,checkMatrixData
FNDA:14,(anonymous_1)
FNDA:1,(anonymous_2)
FNDA:10,(anonymous_3)
FNDA:3,(anonymous_4)
FNDA:1,(anonymous_5)
FNDA:2,(anonymous_6)
FNDA:3,(anonymous_7)
FNDA:2,(anonymous_8)
FNDA:1,(anonymous_9)
FNDA:1,(anonymous_10)
FNDA:13,(anonymous_11)
FNDA:23,(anonymous_12)
DA:14,10
DA:15,10
DA:16,10
DA:18,10
DA:19,10
DA:20,10
DA:22,10
DA:24,10
DA:25,0
DA:32,10
DA:33,0
DA:40,10
DA:41,5
DA:42,0
DA:49,10
DA:50,10
DA:51,14
DA:52,0
DA:60,6
DA:63,1
DA:107,1
DA:121,1
DA:125,10
DA:126,10
DA:136,10
DA:137,10
DA:138,10
DA:139,10
DA:143,3
DA:144,0
DA:149,1
DA:153,2
DA:160,3
DA:161,3
DA:167,3
DA:168,3
DA:169,3
DA:177,3
DA:178,2
DA:183,1
DA:188,1
DA:190,1
DA:208,13
DA:209,13
DA:211,13
DA:213,13
DA:225,13
DA:227,23
DA:242,13
DA:243,13
DA:244,13
DA:247,13
DA:252,13
DA:286,13
DA:290,1
DA:291,1
LF:56
LH:51
BRDA:14,0,0,10
BRDA:14,0,1,7
BRDA:15,1,0,10
BRDA:15,1,1,5
BRDA:16,2,0,10
BRDA:16,2,1,6
BRDA:24,3,0,0
BRDA:24,3,1,10
BRDA:24,4,0,10
BRDA:24,4,1,0
BRDA:24,4,2,0
BRDA:32,5,0,0
BRDA:32,5,1,10
BRDA:32,6,0,10
BRDA:32,6,1,0
BRDA:40,7,0,5
BRDA:40,7,1,5
BRDA:40,8,0,10
BRDA:40,8,1,10
BRDA:41,9,0,0
BRDA:41,9,1,5
BRDA:49,10,0,10
BRDA:49,10,1,0
BRDA:49,11,0,10
BRDA:49,11,1,10
BRDA:51,12,0,0
BRDA:51,12,1,14
BRDA:60,13,0,6
BRDA:60,13,1,6
BRDA:143,14,0,0
BRDA:143,14,1,3
BRDA:143,15,0,3
BRDA:143,15,1,3
BRDA:167,16,0,1
BRDA:167,16,1,2
BRDA:177,17,0,2
BRDA:177,17,1,1
BRDA:177,18,0,3
BRDA:177,18,1,0
BRDA:177,18,2,3
BRDA:213,19,0,13
BRDA:213,19,1,10
BRDA:225,20,0,13
BRDA:225,20,1,9
BRDA:229,21,0,21
BRDA:229,21,1,2
BRDA:242,22,0,10
BRDA:242,22,1,3
BRDA:242,23,0,3
BRDA:242,23,1,0
BRDA:244,24,0,13
BRDA:244,24,1,9
BRDA:253,25,0,13
BRDA:253,25,1,1
BRDA:255,26,0,13
BRDA:255,26,1,9
BRDA:258,27,0,13
BRDA:258,27,1,12
BRDA:258,27,2,2
BRDA:269,28,0,13
BRDA:269,28,1,12
BRDA:269,28,2,8
BRDA:269,28,3,5
BRDA:269,28,4,5
BRDA:286,29,0,1
BRDA:286,29,1,12
BRDA:286,30,0,0
BRDA:286,30,1,13
BRF:68
BRH:56
end_of_record
TN:
SF:/Users/awais/Argos/common-react-components/src/components/pagination-matrix/esnext/components/matrix-cell/MatrixCell.jsx
FN:22,(anonymous_0)
FN:30,(anonymous_1)
FNF:2
FNH:2
FNDA:6,(anonymous_0)
FNDA:1,(anonymous_1)
DA:18,3
DA:20,3
DA:22,3
DA:23,6
DA:24,6
DA:26,6
DA:30,1
DA:37,3
LF:8
LH:8
BRDA:23,0,0,6
BRDA:23,0,1,0
BRDA:23,0,2,0
BRDA:23,0,3,0
BRDA:23,0,4,0
BRDA:24,1,0,1
BRDA:24,1,1,5
BRDA:28,2,0,1
BRDA:28,2,1,5
BRDA:30,3,0,4
BRDA:30,3,1,2
BRDA:30,4,0,6
BRDA:30,4,1,5
BRF:13
BRH:9
end_of_record
TN:
SF:/Users/awais/Argos/common-react-components/src/components/pagination-matrix/esnext/components/matrix-headings/MatrixHeadings.jsx
FN:19,(anonymous_0)
FN:21,(anonymous_1)
FNF:2
FNH:2
FNDA:2,(anonymous_0)
FNDA:8,(anonymous_1)
DA:17,2
DA:19,2
DA:20,2
DA:23,8
DA:35,2
DA:43,2
LF:6
LH:6
BRDA:23,0,0,8
BRDA:23,0,1,8
BRDA:23,0,2,8
BRDA:26,1,0,0
BRDA:26,1,1,8
BRDA:37,2,0,2
BRDA:37,2,1,1
BRF:7
BRH:6
end_of_record
TN:
SF:/Users/awais/Argos/common-react-components/src/components/pagination-matrix/esnext/components/matrix-row/MatrixRow.jsx
FN:22,(anonymous_0)
FN:45,(anonymous_1)
FNF:2
FNH:2
FNDA:2,(anonymous_0)
FNDA:8,(anonymous_1)
DA:20,2
DA:22,2
DA:32,2
DA:34,2
DA:44,2
DA:47,8
DA:61,2
DA:69,2
LF:8
LH:8
BRDA:34,0,0,2
BRDA:34,0,1,2
BRDA:36,1,0,1
BRDA:36,1,1,1
BRDA:47,2,0,8
BRDA:47,2,1,8
BRDA:47,2,2,8
BRDA:55,3,0,8
BRDA:55,3,1,4
BRF:9
BRH:9
end_of_record
TN:
SF:/Users/awais/Argos/common-react-components/src/components/pane/esnext/pane.jsx
FN:30,(anonymous_0)
FN:37,(anonymous_1)
FN:43,(anonymous_2)
FN:44,(anonymous_3)
FNF:4
FNH:4
FNDA:4,(anonymous_0)
FNDA:12,(anonymous_1)
FNDA:2,(anonymous_2)
FNDA:2,(anonymous_3)
DA:8,2
DA:10,2
DA:31,4
DA:32,4
DA:33,1
DA:38,12
DA:39,12
DA:41,12
DA:43,12
DA:44,2
DA:49,12
DA:74,2
LF:12
LH:12
BRDA:32,0,0,1
BRDA:32,0,1,3
BRDA:41,1,0,3
BRDA:41,1,1,9
BRDA:53,2,0,12
BRDA:53,2,1,12
BRDA:56,3,0,12
BRDA:56,3,1,12
BRDA:57,4,0,12
BRDA:57,4,1,12
BRDA:58,5,0,12
BRDA:58,5,1,12
BRDA:60,6,0,12
BRDA:60,6,1,1
BRDA:65,7,0,12
BRDA:65,7,1,1
BRDA:65,8,0,12
BRDA:65,8,1,3
BRDA:66,9,0,3
BRDA:66,9,1,9
BRDA:67,10,0,1
BRDA:67,10,1,11
BRF:22
BRH:22
end_of_record
TN:
SF:/Users/awais/Argos/common-react-components/src/components/popover/esnext/Popover.js
FN:10,(anonymous_0)
FN:24,(anonymous_1)
FN:30,(anonymous_2)
FN:37,(anonymous_3)
FN:39,(anonymous_4)
FN:44,(anonymous_5)
FN:46,(anonymous_6)
FN:99,(anonymous_7)
FNF:8
FNH:8
FNDA:4,(anonymous_0)
FNDA:4,(anonymous_1)
FNDA:8,(anonymous_2)
FNDA:4,(anonymous_3)
FNDA:1,(anonymous_4)
FNDA:1,(anonymous_5)
FNDA:1,(anonymous_6)
FNDA:12,(anonymous_7)
DA:6,1
DA:7,1
DA:11,4
DA:13,4
DA:14,4
DA:16,4
DA:25,4
DA:26,4
DA:27,4
DA:31,8
DA:32,8
DA:33,0
DA:37,4
DA:40,1
DA:41,1
DA:44,1
DA:47,1
DA:48,1
DA:49,1
DA:50,1
DA:51,1
DA:52,1
DA:53,1
DA:54,1
DA:56,1
DA:57,0
DA:58,0
DA:59,0
DA:60,0
DA:61,0
DA:62,0
DA:63,0
DA:64,0
DA:68,1
DA:70,1
DA:74,1
DA:77,0
DA:81,0
DA:84,0
DA:88,0
DA:91,0
DA:95,0
DA:100,12
DA:101,12
DA:103,12
DA:117,1
DA:121,1
LF:47
LH:32
BRDA:32,0,0,0
BRDA:32,0,1,8
BRDA:56,1,0,0
BRDA:56,1,1,1
BRDA:57,2,0,0
BRDA:57,2,1,0
BRDA:59,3,0,0
BRDA:59,3,1,0
BRDA:61,4,0,0
BRDA:61,4,1,0
BRDA:63,5,0,0
BRDA:63,5,1,0
BRDA:68,6,0,1
BRDA:68,6,1,0
BRDA:68,6,2,0
BRDA:68,6,3,0
BRDA:105,7,0,4
BRDA:105,7,1,8
BRF:18
BRH:5
end_of_record
TN:
SF:/Users/awais/Argos/common-react-components/src/components/portal/esnext/Portal.jsx
FN:4,(anonymous_0)
FNF:1
FNH:1
FNDA:2,(anonymous_0)
DA:4,2
DA:5,2
DA:6,2
DA:8,0
DA:9,0
DA:13,2
DA:18,2
LF:7
LH:5
BRF:0
BRH:0
end_of_record
TN:
SF:/Users/awais/Argos/common-react-components/src/components/reason-picker/esnext/ReasonPicker.data.js
FNF:0
FNH:0
DA:1,1
DA:45,1
LF:2
LH:2
BRF:0
BRH:0
end_of_record
TN:
SF:/Users/awais/Argos/common-react-components/src/components/reason-picker/esnext/ReasonPicker.jsx
FN:10,(anonymous_0)
FN:20,(anonymous_1)
FN:21,(anonymous_2)
FN:28,(anonymous_3)
FN:29,(anonymous_4)
FN:46,(anonymous_5)
FN:56,(anonymous_6)
FN:58,(anonymous_7)
FN:76,(anonymous_8)
FN:124,(anonymous_9)
FN:125,(anonymous_10)
FN:126,(anonymous_11)
FNF:12
FNH:8
FNDA:4,(anonymous_0)
FNDA:2,(anonymous_1)
FNDA:4,(anonymous_2)
FNDA:1,(anonymous_3)
FNDA:8,(anonymous_4)
FNDA:12,(anonymous_5)
FNDA:0,(anonymous_6)
FNDA:24,(anonymous_7)
FNDA:1,(anonymous_8)
FNDA:0,(anonymous_9)
FNDA:0,(anonymous_10)
FNDA:0,(anonymous_11)
DA:8,1
DA:10,1
DA:20,4
DA:21,2
DA:22,4
DA:24,2
DA:28,1
DA:30,8
DA:31,8
DA:41,4
DA:43,4
DA:47,12
DA:48,12
DA:56,0
DA:59,24
DA:76,1
DA:90,1
DA:119,1
LF:18
LH:17
BRDA:22,0,0,4
BRDA:22,0,1,0
BRDA:27,1,0,2
BRDA:27,1,1,2
BRDA:55,2,0,12
BRDA:55,2,1,0
BRDA:65,3,0,12
BRDA:65,3,1,4
BRDA:67,4,0,2
BRDA:67,4,1,2
BRF:10
BRH:8
end_of_record
TN:
SF:/Users/awais/Argos/common-react-components/src/components/select/esnext/Select.jsx
FN:40,(anonymous_0)
FN:84,(anonymous_1)
FN:89,(anonymous_2)
FNF:3
FNH:3
FNDA:19,(anonymous_0)
FNDA:4,(anonymous_1)
FNDA:54,(anonymous_2)
DA:7,1
DA:9,1
DA:31,1
DA:57,19
DA:58,19
DA:59,19
DA:61,19
DA:85,4
DA:89,54
DA:102,1
DA:103,1
LF:11
LH:11
BRDA:63,0,0,19
BRDA:63,0,1,2
BRDA:66,1,0,2
BRDA:66,1,1,1
BRDA:71,2,0,19
BRDA:71,2,1,0
BRDA:78,3,0,19
BRDA:78,3,1,17
BRDA:80,4,0,17
BRDA:80,4,1,16
BRDA:83,5,0,1
BRDA:83,5,1,18
BRDA:92,6,0,19
BRDA:92,6,1,1
BRF:14
BRH:13
end_of_record
TN:
SF:/Users/awais/Argos/common-react-components/src/components/stepper/esnext/Stepper.jsx
FN:14,(anonymous_0)
FN:36,(anonymous_1)
FN:56,(anonymous_2)
FN:58,(anonymous_3)
FN:69,(anonymous_4)
FN:75,(anonymous_5)
FN:81,(anonymous_6)
FN:87,(anonymous_7)
FN:94,(anonymous_8)
FN:148,(anonymous_9)
FNF:10
FNH:10
FNDA:8,(anonymous_0)
FNDA:18,(anonymous_1)
FNDA:1,(anonymous_2)
FNDA:1,(anonymous_3)
FNDA:1,(anonymous_4)
FNDA:1,(anonymous_5)
FNDA:1,(anonymous_6)
FNDA:9,(anonymous_7)
FNDA:15,(anonymous_8)
FNDA:45,(anonymous_9)
DA:12,1
DA:15,8
DA:21,8
DA:30,8
DA:31,8
DA:32,8
DA:33,8
DA:37,18
DA:38,18
DA:40,2
DA:41,2
DA:46,1
DA:49,18
DA:58,1
DA:62,1
DA:70,1
DA:76,1
DA:82,1
DA:88,9
DA:89,9
DA:90,0
DA:102,15
DA:109,15
DA:113,15
DA:115,15
DA:149,45
DA:163,1
DA:207,1
LF:28
LH:27
BRDA:38,0,0,2
BRDA:38,0,1,16
BRDA:41,1,0,1
BRDA:41,1,1,1
BRDA:89,2,0,0
BRDA:89,2,1,9
BRDA:113,3,0,15
BRDA:113,3,1,14
BRF:8
BRH:7
end_of_record
TN:
SF:/Users/awais/Argos/common-react-components/src/components/stepper/esnext/components/stepper-content/StepperContent.jsx
FN:4,(anonymous_0)
FN:14,(anonymous_1)
FN:23,(anonymous_2)
FNF:3
FNH:3
FNDA:5,(anonymous_0)
FNDA:2,(anonymous_1)
FNDA:6,(anonymous_2)
DA:4,2
DA:5,5
DA:6,2
DA:8,3
DA:9,2
DA:11,1
DA:14,2
DA:23,2
DA:24,6
DA:25,5
DA:35,1
DA:38,2
LF:12
LH:12
BRDA:5,0,0,2
BRDA:5,0,1,3
BRDA:8,1,0,2
BRDA:8,1,1,1
BRDA:24,2,0,5
BRDA:24,2,1,1
BRDA:24,3,0,3
BRDA:24,3,1,3
BRF:8
BRH:8
end_of_record
TN:
SF:/Users/awais/Argos/common-react-components/src/components/stepper/esnext/components/stepper-content/index.jsx
FNF:0
FNH:0
LF:0
LH:0
BRF:0
BRH:0
end_of_record
TN:
SF:/Users/awais/Argos/common-react-components/src/components/stepper/esnext/components/stepper-sidebar/StepperSidebar.jsx
FN:13,(anonymous_0)
FN:27,(anonymous_1)
FN:38,(anonymous_2)
FN:48,(anonymous_3)
FN:65,(anonymous_4)
FNF:5
FNH:5
FNDA:7,(anonymous_0)
FNDA:1,(anonymous_1)
FNDA:1,(anonymous_2)
FNDA:21,(anonymous_3)
FNDA:2,(anonymous_4)
DA:11,2
DA:13,2
DA:26,7
DA:27,1
DA:38,1
DA:49,21
DA:50,21
DA:66,2
DA:67,2
DA:68,1
DA:78,2
DA:123,2
LF:12
LH:12
BRDA:28,0,0,2
BRDA:28,0,1,5
BRDA:37,1,0,2
BRDA:37,1,1,5
BRDA:38,2,0,0
BRDA:38,2,1,1
BRDA:40,3,0,0
BRDA:40,3,1,7
BRDA:43,4,0,2
BRDA:43,4,1,5
BRDA:44,5,0,0
BRDA:44,5,1,7
BRDA:53,6,0,21
BRDA:53,6,1,18
BRDA:53,6,2,1
BRDA:58,7,0,21
BRDA:58,7,1,14
BRDA:66,8,0,0
BRDA:66,8,1,2
BRDA:67,9,0,1
BRDA:67,9,1,1
BRDA:67,10,0,2
BRDA:67,10,1,2
BRDA:67,10,2,1
BRF:24
BRH:20
end_of_record
TN:
SF:/Users/awais/Argos/common-react-components/src/components/stepper/esnext/components/stepper-sidebar/index.jsx
FNF:0
FNH:0
LF:0
LH:0
BRF:0
BRH:0
end_of_record
TN:
SF:/Users/awais/Argos/common-react-components/src/components/stepper/esnext/components/stepper-sidebar/components/nav-bar/NavBar.jsx
FN:4,(anonymous_0)
FN:6,(anonymous_1)
FNF:2
FNH:2
FNDA:2,(anonymous_0)
FNDA:6,(anonymous_1)
DA:4,3
DA:5,2
DA:7,6
DA:14,3
LF:4
LH:4
BRF:0
BRH:0
end_of_record
TN:
SF:/Users/awais/Argos/common-react-components/src/components/stepper/esnext/components/stepper-sidebar/components/nav-bar/index.jsx
FNF:0
FNH:0
LF:0
LH:0
BRF:0
BRH:0
end_of_record
TN:
SF:/Users/awais/Argos/common-react-components/src/components/stepper/esnext/components/stepper-sidebar/components/nav-bar/components/nav-item/NavItem.jsx
FN:12,(anonymous_0)
FN:33,(anonymous_1)
FNF:2
FNH:2
FNDA:14,(anonymous_0)
FNDA:1,(anonymous_1)
DA:10,4
DA:12,4
DA:27,14
DA:32,14
DA:33,1
DA:57,4
DA:111,4
LF:7
LH:7
BRDA:35,0,0,7
BRDA:35,0,1,7
BRDA:37,1,0,7
BRDA:37,1,1,6
BRDA:42,2,0,14
BRDA:42,2,1,14
BRDA:43,3,0,14
BRDA:43,3,1,12
BRDA:47,4,0,14
BRDA:47,4,1,7
BRDA:47,4,2,7
BRDA:50,5,0,14
BRDA:50,5,1,14
BRDA:50,5,2,7
BRDA:50,5,3,9
BRDA:50,5,4,5
BRDA:50,5,5,7
BRDA:52,6,0,1
BRDA:52,6,1,6
BRF:19
BRH:19
end_of_record
TN:
SF:/Users/awais/Argos/common-react-components/src/components/stepper/esnext/components/stepper-sidebar/components/nav-bar/components/nav-item/constants.js
FNF:0
FNH:0
LF:0
LH:0
BRF:0
BRH:0
end_of_record
TN:
SF:/Users/awais/Argos/common-react-components/src/components/stepper/esnext/components/stepper-sidebar/components/nav-bar/components/nav-item/index.jsx
FNF:0
FNH:0
LF:0
LH:0
BRF:0
BRH:0
end_of_record
TN:
SF:/Users/awais/Argos/common-react-components/src/components/stepper/esnext/components/stepper-stage/StepperStage.jsx
FN:20,(anonymous_0)
FN:25,(anonymous_1)
FN:33,(anonymous_2)
FN:37,(anonymous_3)
FN:46,(anonymous_4)
FN:72,(anonymous_5)
FN:90,(anonymous_6)
FN:158,(anonymous_7)
FN:159,(anonymous_8)
FN:160,(anonymous_9)
FNF:10
FNH:9
FNDA:11,(anonymous_0)
FNDA:12,(anonymous_1)
FNDA:12,(anonymous_2)
FNDA:5,(anonymous_3)
FNDA:14,(anonymous_4)
FNDA:1,(anonymous_5)
FNDA:1,(anonymous_6)
FNDA:1,(anonymous_7)
FNDA:0,(anonymous_8)
FNDA:1,(anonymous_9)
DA:15,5
DA:21,11
DA:22,11
DA:26,12
DA:34,12
DA:38,5
DA:42,1
DA:60,14
DA:62,14
DA:67,14
DA:72,1
DA:91,1
DA:100,5
DA:152,5
LF:14
LH:14
BRDA:28,0,0,11
BRDA:28,0,1,1
BRDA:38,1,0,1
BRDA:38,1,1,4
BRDA:39,2,0,5
BRDA:39,2,1,1
BRDA:72,3,0,11
BRDA:72,3,1,3
BRDA:72,4,0,14
BRDA:72,4,1,13
BRDA:78,5,0,14
BRDA:78,5,1,2
BRDA:81,6,0,2
BRDA:81,6,1,1
BRDA:88,7,0,14
BRDA:88,7,1,12
BRF:16
BRH:16
end_of_record
TN:
SF:/Users/awais/Argos/common-react-components/src/components/stepper/esnext/components/stepper-stage/index.jsx
FNF:0
FNH:0
LF:0
LH:0
BRF:0
BRH:0
end_of_record
TN:
SF:/Users/awais/Argos/common-react-components/src/components/stepper/esnext/helpers/StepperFunctions.js
FN:10,scrollTo
FNF:1
FNH:1
FNDA:1,scrollTo
DA:11,1
LF:1
LH:1
BRF:0
BRH:0
end_of_record
TN:
SF:/Users/awais/Argos/common-react-components/src/components/store-lookup/esnext/StoreLookup.js
FN:9,(anonymous_0)
FN:18,(anonymous_1)
FN:22,(anonymous_2)
FN:28,(anonymous_3)
FN:38,(anonymous_4)
FN:39,(anonymous_5)
FN:40,(anonymous_6)
FN:54,(anonymous_7)
FN:59,(anonymous_8)
FNF:9
FNH:7
FNDA:1,(anonymous_0)
FNDA:1,(anonymous_1)
FNDA:5,(anonymous_2)
FNDA:1,(anonymous_3)
FNDA:1,(anonymous_4)
FNDA:0,(anonymous_5)
FNDA:0,(anonymous_6)
FNDA:1,(anonymous_7)
FNDA:6,(anonymous_8)
DA:10,1
DA:12,1
DA:19,1
DA:23,5
DA:24,0
DA:29,1
DA:30,1
DA:31,1
DA:33,1
DA:38,1
DA:40,0
DA:49,0
DA:55,1
DA:60,6
DA:61,6
DA:63,6
DA:79,1
LF:17
LH:14
BRDA:23,0,0,0
BRDA:23,0,1,5
BRDA:63,1,0,2
BRDA:63,1,1,4
BRDA:65,2,0,1
BRDA:65,2,1,3
BRF:6
BRH:5
end_of_record
TN:
SF:/Users/awais/Argos/common-react-components/src/components/store-lookup/esnext/StoreLookup.propTypes.js
FNF:0
FNH:0
LF:0
LH:0
BRF:0
BRH:0
end_of_record
TN:
SF:/Users/awais/Argos/common-react-components/src/components/store-lookup/esnext/components/store-details/StoreDetails.js
FN:10,(anonymous_0)
FN:15,(anonymous_1)
FN:23,(anonymous_2)
FN:64,(anonymous_3)
FN:75,(anonymous_4)
FNF:5
FNH:2
FNDA:6,(anonymous_0)
FNDA:42,(anonymous_1)
FNDA:0,(anonymous_2)
FNDA:0,(anonymous_3)
FNDA:0,(anonymous_4)
DA:8,3
DA:10,3
DA:11,6
DA:12,6
DA:14,6
DA:15,6
DA:16,42
DA:19,6
DA:20,6
DA:21,6
DA:23,6
DA:24,0
DA:32,6
DA:64,0
DA:75,0
DA:84,3
LF:16
LH:13
BRDA:20,0,0,0
BRDA:20,0,1,6
BRDA:41,1,0,6
BRDA:41,1,1,6
BRDA:48,2,0,0
BRDA:48,2,1,6
BRF:6
BRH:4
end_of_record
TN:
SF:/Users/awais/Argos/common-react-components/src/components/store-lookup/esnext/components/store-details/StoreDetails.propTypes.js
FNF:0
FNH:0
LF:0
LH:0
BRF:0
BRH:0
end_of_record
TN:
SF:/Users/awais/Argos/common-react-components/src/components/store-lookup/esnext/components/stores-table/StoresTable.js
FN:8,(anonymous_0)
FN:9,(anonymous_1)
FNF:2
FNH:2
FNDA:1,(anonymous_0)
FNDA:2,(anonymous_1)
DA:6,2
DA:8,2
DA:9,1
DA:10,2
DA:14,1
LF:5
LH:5
BRF:0
BRH:0
end_of_record
TN:
SF:/Users/awais/Argos/common-react-components/src/components/table/esnext/MockProps.js
FN:3,generateTableData
FN:10,(anonymous_1)
FN:13,(anonymous_2)
FN:17,(anonymous_3)
FN:18,(anonymous_4)
FN:28,(anonymous_5)
FNF:6
FNH:6
FNDA:2,generateTableData
FNDA:4,(anonymous_1)
FNDA:1,(anonymous_2)
FNDA:8,(anonymous_3)
FNDA:8,(anonymous_4)
FNDA:24,(anonymous_5)
DA:10,4
DA:11,0
DA:13,2
DA:14,0
DA:17,2
DA:18,8
DA:19,8
DA:21,8
DA:23,0
DA:25,0
DA:28,24
DA:32,8
DA:39,2
DA:42,1
LF:14
LH:10
BRDA:7,0,0,0
BRDA:8,1,0,0
BRDA:10,2,0,0
BRDA:10,2,1,2
BRDA:13,3,0,0
BRDA:13,3,1,2
BRDA:19,4,0,8
BRDA:19,4,1,0
BRDA:19,4,2,0
BRDA:33,5,0,4
BRDA:33,5,1,4
BRF:11
BRH:5
end_of_record
TN:
SF:/Users/awais/Argos/common-react-components/src/components/table/esnext/Table.jsx
FN:10,rowValidationCheck
FN:13,(anonymous_1)
FN:36,(anonymous_2)
FN:48,(anonymous_3)
FN:61,(anonymous_4)
FN:72,(anonymous_5)
FNF:6
FNH:6
FNDA:8,rowValidationCheck
FNDA:16,(anonymous_1)
FNDA:3,(anonymous_2)
FNDA:9,(anonymous_3)
FNDA:12,(anonymous_4)
FNDA:36,(anonymous_5)
DA:8,1
DA:11,8
DA:12,7
DA:13,7
DA:14,16
DA:15,15
DA:16,2
DA:20,1
DA:24,16
DA:25,1
DA:29,7
DA:32,1
DA:36,1
DA:37,3
DA:41,3
DA:49,9
DA:62,12
DA:68,12
DA:70,12
DA:73,36
DA:78,36
DA:80,36
DA:96,1
LF:23
LH:23
BRDA:11,0,0,7
BRDA:11,0,1,1
BRDA:14,1,0,15
BRDA:14,1,1,1
BRDA:15,2,0,2
BRDA:15,2,1,13
BRDA:24,3,0,1
BRDA:24,3,1,15
BRDA:29,4,0,7
BRDA:29,4,1,4
BRDA:47,5,0,3
BRDA:47,5,1,3
BRDA:51,6,0,9
BRDA:51,6,1,0
BRDA:53,7,0,9
BRDA:53,7,1,0
BRDA:60,8,0,3
BRDA:60,8,1,3
BRDA:64,9,0,12
BRDA:64,9,1,12
BRDA:68,10,0,0
BRDA:68,10,1,12
BRDA:75,11,0,0
BRDA:75,11,1,36
BRDA:78,12,0,36
BRDA:78,12,1,0
BRDA:78,13,0,36
BRDA:78,13,1,0
BRF:28
BRH:22
end_of_record
TN:
SF:/Users/awais/Argos/common-react-components/src/components/textarea/esnext/Textarea.jsx
FN:32,(anonymous_0)
FNF:1
FNH:1
FNDA:11,(anonymous_0)
DA:6,1
DA:8,1
DA:23,1
DA:46,11
DA:48,11
DA:80,1
DA:81,1
LF:7
LH:7
BRDA:50,0,0,1
BRDA:50,0,1,10
BRDA:50,1,0,0
BRDA:50,1,1,11
BRDA:51,2,0,11
BRDA:51,2,1,2
BRDA:54,3,0,2
BRDA:54,3,1,1
BRDA:70,4,0,11
BRDA:70,4,1,1
BRF:10
BRH:9
end_of_record
TN:
SF:/Users/awais/Argos/common-react-components/src/components/textfield/esnext/Textfield.jsx
FN:39,(anonymous_0)
FNF:1
FNH:1
FNDA:13,(anonymous_0)
DA:7,1
DA:9,1
DA:31,1
DA:54,13
DA:56,13
DA:102,1
DA:103,1
LF:7
LH:7
BRDA:64,0,0,13
BRDA:64,0,1,2
BRDA:67,1,0,2
BRDA:67,1,1,1
BRDA:73,2,0,13
BRDA:73,2,1,0
BRDA:73,3,0,13
BRDA:73,3,1,1
BRDA:82,4,0,13
BRDA:82,4,1,1
BRDA:92,5,0,13
BRDA:92,5,1,1
BRF:12
BRH:11
end_of_record
TN:
SF:/Users/awais/Argos/common-react-components/src/components/toggle/esnext/Toggle.jsx
FN:20,(anonymous_0)
FN:28,(anonymous_1)
FN:36,(anonymous_2)
FN:40,(anonymous_3)
FN:49,(anonymous_4)
FN:57,(anonymous_5)
FN:60,(anonymous_6)
FNF:7
FNH:7
FNDA:15,(anonymous_0)
FNDA:5,(anonymous_1)
FNDA:5,(anonymous_2)
FNDA:5,(anonymous_3)
FNDA:20,(anonymous_4)
FNDA:2,(anonymous_5)
FNDA:3,(anonymous_6)
DA:7,2
DA:9,2
DA:21,15
DA:22,15
DA:29,5
DA:31,5
DA:32,0
DA:37,5
DA:41,5
DA:43,5
DA:44,5
DA:45,5
DA:50,20
DA:51,20
DA:53,20
DA:57,2
DA:60,3
DA:69,2
DA:75,2
LF:19
LH:18
BRDA:23,0,0,15
BRDA:23,0,1,0
BRDA:31,1,0,0
BRDA:31,1,1,5
BRDA:31,2,0,5
BRDA:31,2,1,5
BRDA:31,2,2,0
BRDA:43,3,0,5
BRDA:43,3,1,0
BRDA:55,4,0,20
BRDA:55,4,1,5
BRDA:56,5,0,1
BRDA:56,5,1,19
BRF:13
BRH:9
end_of_record
TN:
SF:/Users/awais/Argos/common-react-components/src/components/utils/esnext/index.js
FNF:0
FNH:0
LF:0
LH:0
BRF:0
BRH:0
end_of_record
TN:
SF:/Users/awais/Argos/common-react-components/src/components/utils/esnext/formatAddress/formatAddress.js
FN:1,formatAddress
FN:2,(anonymous_1)
FN:3,(anonymous_2)
FNF:3
FNH:3
FNDA:16,formatAddress
FNDA:48,(anonymous_1)
FNDA:32,(anonymous_2)
DA:2,48
DA:3,32
DA:4,16
DA:5,16
DA:6,16
DA:7,16
DA:8,16
DA:9,16
DA:10,16
DA:11,16
DA:12,16
DA:15,16
LF:12
LH:12
BRDA:2,0,0,29
BRDA:2,0,1,19
BRDA:3,1,0,13
BRDA:3,1,1,19
BRDA:9,2,0,11
BRDA:9,2,1,5
BRDA:10,3,0,16
BRDA:10,3,1,5
BRF:8
BRH:8
end_of_record
TN:
SF:/Users/awais/Argos/common-react-components/src/components/utils/esnext/formatAddress/index.js
FNF:0
FNH:0
LF:0
LH:0
BRF:0
BRH:0
end_of_record
TN:
SF:/Users/awais/Argos/common-react-components/src/components/utils/esnext/formatCurrency/formatCurrency.js
FN:13,(anonymous_0)
FN:14,(anonymous_1)
FN:24,(anonymous_2)
FNF:3
FNH:3
FNDA:6,(anonymous_0)
FNDA:3,(anonymous_1)
FNDA:3,(anonymous_2)
DA:13,7
DA:14,6
DA:15,3
DA:21,3
DA:24,6
DA:25,3
DA:33,3
DA:36,6
LF:8
LH:8
BRDA:14,0,0,1
BRDA:21,1,0,2
BRDA:21,1,1,1
BRDA:24,2,0,1
BRDA:33,3,0,2
BRDA:33,3,1,1
BRDA:36,4,0,3
BRDA:36,4,1,3
BRF:8
BRH:8
end_of_record
TN:
SF:/Users/awais/Argos/common-react-components/src/components/utils/esnext/formatCurrency/index.js
FNF:0
FNH:0
LF:0
LH:0
BRF:0
BRH:0
end_of_record
TN:
SF:/Users/awais/Argos/common-react-components/src/components/utils/esnext/formatDateRange/formatDateRange.js
FN:11,(anonymous_0)
FN:29,(anonymous_1)
FNF:2
FNH:2
FNDA:6,(anonymous_0)
FNDA:12,(anonymous_1)
DA:11,8
DA:12,6
DA:16,6
DA:17,0
DA:19,6
DA:20,6
DA:22,6
DA:23,0
DA:26,6
DA:27,6
DA:29,12
DA:31,6
DA:33,6
DA:36,6
LF:14
LH:12
BRDA:16,0,0,0
BRDA:16,0,1,6
BRDA:16,1,0,6
BRDA:16,1,1,6
BRDA:22,2,0,0
BRDA:22,2,1,6
BRDA:22,3,0,6
BRDA:22,3,1,6
BRDA:29,4,0,4
BRDA:29,4,1,8
BRDA:34,5,0,4
BRDA:34,5,1,2
BRF:12
BRH:10
end_of_record
TN:
SF:/Users/awais/Argos/common-react-components/src/components/utils/esnext/formatDateRange/index.js
FNF:0
FNH:0
LF:0
LH:0
BRF:0
BRH:0
end_of_record
TN:
SF:/Users/awais/Argos/common-react-components/src/components/utils/esnext/formatMoney/formatMoney.js
FN:13,(anonymous_0)
FNF:1
FNH:1
FNDA:2,(anonymous_0)
DA:13,7
DA:14,2
DA:15,2
LF:3
LH:3
BRDA:13,0,0,1
BRF:1
BRH:1
end_of_record
TN:
SF:/Users/awais/Argos/common-react-components/src/components/utils/esnext/formatMoney/index.js
FNF:0
FNH:0
LF:0
LH:0
BRF:0
BRH:0
end_of_record
TN:
SF:/Users/awais/Argos/common-react-components/src/components/utils/esnext/formatName/formatName.js
FN:1,formatName
FNF:1
FNH:1
FNDA:14,formatName
DA:2,14
DA:3,13
DA:4,13
DA:5,13
DA:6,13
LF:5
LH:5
BRDA:2,0,0,1
BRDA:2,0,1,13
BRDA:2,1,0,14
BRDA:2,1,1,2
BRDA:3,2,0,12
BRDA:3,2,1,1
BRDA:4,3,0,12
BRDA:4,3,1,1
BRDA:5,4,0,10
BRDA:5,4,1,3
BRF:10
BRH:10
end_of_record
TN:
SF:/Users/awais/Argos/common-react-components/src/components/utils/esnext/formatName/index.js
FNF:0
FNH:0
LF:0
LH:0
BRF:0
BRH:0
end_of_record
TN:
SF:/Users/awais/Argos/common-react-components/src/components/utils/esnext/formatTimeRange/formatTimeRange.js
FN:3,(anonymous_0)
FNF:1
FNH:1
FNDA:3,(anonymous_0)
DA:3,1
DA:4,3
DA:5,3
DA:6,3
LF:4
LH:4
BRDA:6,0,0,2
BRDA:6,0,1,1
BRF:2
BRH:2
end_of_record
TN:
SF:/Users/awais/Argos/common-react-components/src/components/utils/esnext/isEmpty/index.js
FNF:0
FNH:0
LF:0
LH:0
BRF:0
BRH:0
end_of_record
TN:
SF:/Users/awais/Argos/common-react-components/src/components/utils/esnext/isEmpty/isEmpty.js
FN:12,isEmpty
FNF:1
FNH:1
FNDA:185,isEmpty
DA:13,185
DA:14,104
DA:15,104
DA:16,104
DA:18,49
DA:20,39
DA:23,16
DA:25,0
LF:8
LH:7
BRDA:13,0,0,81
BRDA:13,0,1,104
BRDA:15,1,0,0
BRDA:15,1,1,104
BRDA:16,2,0,49
BRDA:16,2,1,39
BRDA:16,2,2,2
BRDA:16,2,3,16
BRDA:16,2,4,0
BRDA:20,3,0,39
BRDA:20,3,1,39
BRF:11
BRH:9
end_of_record
TN:
SF:/Users/awais/Argos/common-react-components/src/components/utils/esnext/isObjectEmpty/index.js
FNF:0
FNH:0
LF:0
LH:0
BRF:0
BRH:0
end_of_record
TN:
SF:/Users/awais/Argos/common-react-components/src/components/utils/esnext/isObjectEmpty/isObjectEmpty.js
FN:9,isObjectEmpty
FNF:1
FNH:1
FNDA:55,isObjectEmpty
DA:10,55
LF:1
LH:1
BRDA:12,0,0,55
BRDA:12,0,1,53
BRDA:12,0,2,5
BRDA:12,0,3,1
BRF:4
BRH:4
end_of_record
